Log file open, 04/03/15 19:03:49
LogInit:Display: Running engine for game: ProjectVR_v2
LogInit: Version: 4.7.4-2497108+++depot+UE4-Releases+4.7
LogInit: API Version: 2455222
LogInit: Compiled (64-bit): Mar 31 2015 09:40:25
LogInit: Compiled with Visual C++: 18.00.21005.01
LogInit: Build Configuration: Development
LogInit: Branch Name: ++depot+UE4-Releases+4.7
LogInit: Command line: 
LogInit: Base directory: C:/Program Files/Epic Games/4.7/Engine/Binaries/Win64/
LogInit: Rocket: 1
[2015.04.03-23.03.49:402][  0]LogTaskGraph: Started task graph with 3 named threads and 6 total threads.
[2015.04.03-23.03.49:475][  0]LogOnline:Warning: No default platform service specified for OnlineSubsystem
[2015.04.03-23.03.49:494][  0]LogInit: Presizing for 0 objects not considered by GC, pre-allocating 0 bytes.
[2015.04.03-23.03.49:505][  0]LogInit: Object subsystem initialized
[2015.04.03-23.03.49:507][  0]LogConsoleResponse:Warning: Skipping Unknown console variable: 'TranslucentSortAxis = (X=0.000000,Y=-1.000000,Z=0.000000)'
[2015.04.03-23.03.49:507][  0]LogConsoleResponse:Warning:   Found in ini file 'C:/Users/utilisateur/Documents/GitHub/ProjectVR_v2/Saved/Config/Windows/Engine.ini', in section '[/Script/Engine.RendererSettings]'
[2015.04.03-23.03.49:507][  0]LogConsoleResponse:Warning: Skipping Unknown console variable: 'UIScaleRule = ShortestSide'
[2015.04.03-23.03.49:507][  0]LogConsoleResponse:Warning:   Found in ini file 'C:/Users/utilisateur/Documents/GitHub/ProjectVR_v2/Saved/Config/Windows/Engine.ini', in section '[/Script/Engine.RendererSettings]'
[2015.04.03-23.03.49:507][  0]LogConsoleResponse:Warning: Skipping Unknown console variable: 'UIScaleCurve = (EditorCurveData=(Keys=),ExternalCurve=None)'
[2015.04.03-23.03.49:507][  0]LogConsoleResponse:Warning:   Found in ini file 'C:/Users/utilisateur/Documents/GitHub/ProjectVR_v2/Saved/Config/Windows/Engine.ini', in section '[/Script/Engine.RendererSettings]'
[2015.04.03-23.03.49:507][  0]LogInit: Selected Device Profile: [Windows]
[2015.04.03-23.03.49:507][  0]LogInit: Applying CVar settings loaded from the selected device profile: [Windows]
[2015.04.03-23.03.49:524][  0]LogInit: Computer: DIM-P46390-JV2
[2015.04.03-23.03.49:524][  0]LogInit: User: utilisateur
[2015.04.03-23.03.49:524][  0]LogInit: CPU Page size=4096, Cores=4
[2015.04.03-23.03.49:524][  0]LogInit: High frequency timer resolution =3.604648 MHz
[2015.04.03-23.03.49:524][  0]LogMemory: Memory total: Physical=7.9GB (8GB approx) Virtual=8192.0GB
[2015.04.03-23.03.49:524][  0]LogMemory: Platform Memory Stats for Windows
[2015.04.03-23.03.49:524][  0]LogMemory: Process Physical Memory: 49.20 MB used, 49.20 MB peak
[2015.04.03-23.03.49:524][  0]LogMemory: Process Virtual Memory: 28.90 MB used, 28.91 MB peak
[2015.04.03-23.03.49:524][  0]LogMemory: Physical Memory: 3762.62 MB used, 8136.17 MB total
[2015.04.03-23.03.49:524][  0]LogMemory: Virtual Memory: 282.54 MB used, 8388608.00 MB total
[2015.04.03-23.03.49:555][  0]LogD3D11RHI: Found D3D11 adapter 0: NVIDIA GeForce GTX 770 (Feature Level 11_0)
[2015.04.03-23.03.49:555][  0]LogD3D11RHI: Adapter has 1990MB of dedicated video memory, 0MB of dedicated system memory, and 2048MB of shared system memory, 2 output[s]
[2015.04.03-23.03.49:555][  0]LogD3D11RHI: Chosen D3D11 Adapter Id = 0
[2015.04.03-23.03.49:559][  0]LogRHI: Texture pool is 1361 MB (70% of 1945 MB)
[2015.04.03-23.03.49:567][  0]LogD3D11RHI: Async texture creation enabled
[2015.04.03-23.03.49:615][  0]LogTextLocalizationManager: The requested culture ('fr_CA') has no localization data; falling back to 'en' for localization and internationalization data.
[2015.04.03-23.03.49:700][  0]LogTextLocalizationManager:Warning: Loading localization resources contain conflicting entries for (Namespace:UICommands, Key:Save_ToolTip):
Resource: (C:/Program Files/Epic Games/4.7/Engine/Content/Localization/Editor/en/Editor.locres) Hash: (-29098895) String: (Saves the current level to disk)
Resource: (C:/Program Files/Epic Games/4.7/Engine/Content/Localization/Engine/en/Engine.locres) Hash: (-1280300587) String: (Save selected data to vlog file)
[2015.04.03-23.03.49:700][  0]LogTextLocalizationManager:Warning: Loading localization resources contain conflicting entries for (Namespace:ContentBrowser, Key:ImportAssetToolTip):
Resource: (C:/Program Files/Epic Games/4.7/Engine/Content/Localization/Editor/en/Editor.locres) Hash: (-630476809) String: (Import to {0}...)
Resource: (C:/Program Files/Epic Games/4.7/Engine/Content/Localization/Editor/en/Editor.locres) Hash: (1271782899) String: (Imports an asset from file to this folder.)
[2015.04.03-23.03.49:777][  0]LogContentStreaming: Texture pool size is 0.000000MB
[2015.04.03-23.03.52:142][  0]LogTargetPlatformManager:Display: Building Assets For Windows
[2015.04.03-23.03.52:644][  0]LogTargetPlatformManager:Display: Building Assets For Windows
[2015.04.03-23.03.52:702][  0]LogDerivedDataCache:Display: Max Cache Size: 512 MB
[2015.04.03-23.03.52:739][  0]LogDerivedDataCache: Loaded boot cache 0.04s 40MB C:/Users/utilisateur/AppData/Local/UnrealEngine/4.7/DerivedDataCache/Boot.ddc.
[2015.04.03-23.03.52:739][  0]LogDerivedDataCache:Display: Loaded Boot cache: C:/Users/utilisateur/AppData/Local/UnrealEngine/4.7/DerivedDataCache/Boot.ddc
[2015.04.03-23.03.52:739][  0]LogDerivedDataCache: FDerivedDataBackendGraph:  Pak pak cache file ../../../../../../Users/utilisateur/Documents/GitHub/ProjectVR_v2/DerivedDataCache/DDC.ddp not found, will not use a pak cache.
[2015.04.03-23.03.52:739][  0]LogDerivedDataCache: Unable to find inner node Pak for hierarchical cache Hierarchy.
[2015.04.03-23.03.52:868][  0]LogDerivedDataCache:Display: Pak cache opened for reading ../../../Engine/DerivedDataCache/Compressed.ddp.
[2015.04.03-23.03.52:879][  0]LogDerivedDataCache: Using Local data cache path C:/Users/utilisateur/AppData/Local/UnrealEngine/Common/DerivedDataCache: Writable
[2015.04.03-23.03.53:205][  0]LogMeshUtilities: No automatic mesh reduction module available
[2015.04.03-23.03.53:205][  0]LogMeshUtilities: No automatic mesh merging module available
[2015.04.03-23.03.53:601][  0]LogInit: WinSock: version 1.1 (2.2), MaxSocks=32767, MaxUdp=65467
[2015.04.03-23.03.53:671][  0]LogSlate:Warning: Failed to load font data from '../../../Engine/Content/Slate/Fonts/Roboto-Italic.ttf'
[2015.04.03-23.03.54:521][  0]UdpMessaging: Initializing bridge on interface 0.0.0.0:0 to multicast group 230.0.0.1:6666.
[2015.04.03-23.03.54:617][  0]LogLinker:Warning: Asset '../../../Engine/Content/EngineMeshes/Humanoid.uasset' has been saved with empty engine version. The asset will be loaded but may be incompatible.
[2015.04.03-23.03.54:888][  0]LogUObjectGlobals:Warning: Failed to find object 'Texture2D /Game/FirstPerson/Textures/FirstPersonCrosshair.FirstPersonCrosshair'
[2015.04.03-23.03.54:888][  0]Error: CDO Constructor (ProjectVR_v2HUD): Failed to find /Game/FirstPerson/Textures/FirstPersonCrosshair

[2015.04.03-23.03.54:889][  0]LogUObjectBase:Warning: -------------- Default Property warnings and errors:
[2015.04.03-23.03.54:889][  0]LogUObjectBase:Warning: Error: CDO Constructor (ProjectVR_v2HUD): Failed to find /Game/FirstPerson/Textures/FirstPersonCrosshair

[2015.04.03-23.03.58:615][  0]SourceControl: Info Source control is disabled
[2015.04.03-23.03.58:615][  0]SourceControl: Info Source control is disabled
[2015.04.03-23.03.58:615][  0]SourceControl: Info Source control is disabled
[2015.04.03-23.03.58:623][  0]LogSourceControl: RunCommandInternalRaw: 'git version'
[2015.04.03-23.03.58:624][  0]LogSourceControl: RunCommandInternalRaw: ExecProcess ReturnCode=2 OutResults=''
[2015.04.03-23.03.58:808][  0]LogObj: 29825 objects as part of root set at end of initial load.
[2015.04.03-23.03.58:808][  0]LogUObjectAllocator: 7138328 out of 0 bytes used by permanent object pool.
[2015.04.03-23.03.58:882][  0]LogEngine: Initializing Engine...
[2015.04.03-23.04.01:060][  0]LogInit: XAudio2 using 'Haut-parleurs (Périphérique High Definition Audio)' : 2 channels at 44.1 kHz using 16 bits per sample (channel mask 0x3)
[2015.04.03-23.04.01:096][  0]LogInit: FAudioDevice initialized.
[2015.04.03-23.04.01:151][  0]LogAIModule: Creating AISystem for world NewWorld
[2015.04.03-23.04.01:180][  0]LogDerivedDataCache: Saved boot cache 0.03s 40MB C:/Users/utilisateur/AppData/Local/UnrealEngine/4.7/DerivedDataCache/Boot.ddc.
[2015.04.03-23.04.01:185][  0]LogInit: Texture streaming: Enabled
[2015.04.03-23.04.01:280][  0]LogAnalytics: Creating configured Analytics provider AnalyticsET
[2015.04.03-23.04.01:280][  0]LogAnalytics: ET APIKey = Rocket.Release. APIServer = http://et2.epicgames.com/ET2/. AppVersion = 4.7.4-2497108+++depot+UE4-Releases+4.7
[2015.04.03-23.04.01:280][  0]LogAnalytics: ET APIKey = Rocket.Release. DataRouterUploadURL = https://datarouter-public-service-gamedev.ol.epicgames.net/datarouter/api/v1/public/data. AppVersion = 4.7.4-2497108+++depot+UE4-Releases+4.7
[2015.04.03-23.04.01:280][  0]LogAnalytics: SetUserId a6792b8a474cfe1903fd3ca4420e5a6c|2e7f10ecc5c44ed09099a5c3737e7b6f|e606fcdb-fe4e-45b8-97d5-5efdb04afdd0
[2015.04.03-23.04.01:280][  0]LogAnalytics: AnalyticsET::StartSession [Rocket.Release]
[2015.04.03-23.04.01:300][  0]LogInit: Transaction tracking system initialized
[2015.04.03-23.04.01:489][  0]BlueprintLog: New page: Editor Load
[2015.04.03-23.04.01:527][  0]LogAssetRegistry: FAssetRegistry took 0.0101 seconds to start up
[2015.04.03-23.04.01:527][  0]LogDirectoryWatcher:Warning: Failed to begin reading directory changes for ../../../Engine/Plugins/Experimental/CharacterAI/Content/. Error: 0
[2015.04.03-23.04.02:014][  0]LogTargetPlatformManager:Display: Building Assets For Windows
[2015.04.03-23.04.02:380][  0]LogTargetPlatformManager:Display: Building Assets For Windows
[2015.04.03-23.04.02:649][  0]LogSlate:Warning: Failed to load font data from '../../../Engine/Content/Editor/Slate/Fonts/Roboto-Regular.ttf'
[2015.04.03-23.04.02:649][  0]LogSlate:Warning: Failed to load font data from '../../../Engine/Content/Editor/Slate/Fonts/Roboto-Bold.ttf'
[2015.04.03-23.04.02:654][  0]LogConsoleResponse:Display: 
[2015.04.03-23.04.02:768][  0]LogCook:Display: Done creating registry. It took  0.00s.
[2015.04.03-23.04.02:902][  0]LogSourceControl: RunCommandInternalRaw: 'git version'
[2015.04.03-23.04.02:903][  0]LogSourceControl: RunCommandInternalRaw: ExecProcess ReturnCode=2 OutResults=''
[2015.04.03-23.04.02:903][  0]Cmd: MAP LOAD FILE="../../../../../../Users/utilisateur/Documents/GitHub/ProjectVR_v2/Content/FirstPerson/Maps/FirstPersonExampleMap.umap" TEMPLATE=0 SHOWPROGRESS=1 FEATURELEVEL=3
[2015.04.03-23.04.02:903][  0]LogEditorServer:Warning: Can't find file '../../../../../../Users/utilisateur/Documents/GitHub/ProjectVR_v2/Content/FirstPerson/Maps/FirstPersonExampleMap.umap'
[2015.04.03-23.04.02:903][  0]Cmd: MAP CHECKDEP
[2015.04.03-23.04.02:903][  0]MapCheck: New page: Untitled_0 - Apr 3, 2015, 3:04:02 PM
[2015.04.03-23.04.03:023][  0]MapCheck: Info Map check complete: 0 Error(s), 0 Warning(s), took 119.539ms to complete.
[2015.04.03-23.04.03:023][  0]LogFileHelpers: Loading map 'FirstPersonExampleMap' took 0.120
[2015.04.03-23.04.03:207][  0]LogCollectionManager: Loaded 0 collections in 0.002207 seconds
[2015.04.03-23.04.03:232][  0]LogContentBrowser: Native class hierarchy populated in 0.0248 seconds. Added 1700 classes and 263 folders.
[2015.04.03-23.04.03:278][  0]LogContentBrowser: Native class hierarchy updated for 'SceneOutliner' in 0.0039 seconds. Added 1 classes and 2 folders.
[2015.04.03-23.04.03:344][  0]LogCrashTracker: Crashtracker disabled due to settings.
[2015.04.03-23.04.03:345][  0]LogSlate:Warning: Failed to load font data from 'Veranda'
[2015.04.03-23.04.03:356][  0]LogUObjectGlobals:Warning: Failed to find object 'Class None.'
[2015.04.03-23.04.03:384][  0]LogLoad: Full Startup: 14.98 seconds (BP compile: 0.07 seconds)
[2015.04.03-23.04.03:817][  0]LogContentBrowser:Verbose: The content browser source was changed by the sources view to '/Game/FirstPerson/Maps'
[2015.04.03-23.04.04:019][  0]LogRenderer:Warning: Reallocating scene render targets to support 1056x584 (Frame:2).
[2015.04.03-23.04.06:158][  7]LogAssetRegistry: Asset discovery search completed in 4.6420 seconds
[2015.04.03-23.04.06:475][  8]LogContentBrowser:Verbose: The content browser source was changed by the sources view to '/Game/FirstPerson/Textures'
[2015.04.03-23.04.08:017][187]LogContentBrowser:Verbose: The content browser source was changed by the sources view to '/Game/FirstPerson/Meshes'
[2015.04.03-23.04.08:503][242]LogContentBrowser:Verbose: The content browser source was changed by the sources view to '/Game/FirstPerson/Textures'
[2015.04.03-23.04.09:307][337]LogContentBrowser:Verbose: The content browser source was changed by the sources view to '/Game/FirstPerson/Meshes'
[2015.04.03-23.04.09:911][406]LogContentBrowser:Verbose: The content browser source was changed by the sources view to '/Game/FirstPerson/Maps'
[2015.04.03-23.04.10:581][485]LogContentBrowser:Verbose: The content browser source was changed by the sources view to '/Game/FirstPerson/Character'
[2015.04.03-23.04.11:176][550]LogContentBrowser:Verbose: The content browser source was changed by the sources view to '/Game/FirstPerson/Blueprints'
[2015.04.03-23.04.11:688][609]LogContentBrowser:Verbose: The content browser source was changed by the sources view to '/Game/FirstPerson/Audio'
[2015.04.03-23.04.12:205][670]LogContentBrowser:Verbose: The content browser source was changed by the sources view to '/Game/FirstPerson/Animations'
[2015.04.03-23.04.13:170][778]LogContentBrowser:Verbose: The content browser source was changed by the sources view to '/Game/FirstPerson/Audio'
[2015.04.03-23.04.14:750][964]LogContentBrowser:Verbose: The content browser source was changed by the sources view to '/Game/FirstPerson/Meshes'
[2015.04.03-23.04.15:825][ 87]LogContentBrowser:Verbose: The content browser source was changed by the sources view to '/Game/FirstPerson/Maps'
[2015.04.03-23.04.16:530][169]LogContentBrowser:Verbose: The content browser source was changed by the sources view to '/Game/FirstPerson/Character'
[2015.04.03-23.04.17:233][252]LogContentBrowser:Verbose: The content browser source was changed by the sources view to '/Game/FirstPerson/Blueprints'
[2015.04.03-23.04.18:625][416]LogContentBrowser:Verbose: The content browser source was changed by the sources view to '/Game/FirstPerson/Audio'
[2015.04.03-23.04.31:256][432]LogContentBrowser:Verbose: The content browser source was changed by the sources view to '/Game/FirstPerson'
[2015.04.03-23.04.33:063][644]LogContentBrowser:Verbose: The content browser source was changed by the sources view to '/Game/Prototype_Room_1'
[2015.04.03-23.04.34:192][746]LogContentBrowser:Verbose: The content browser source was changed by the sources view to '/Classes_Game'
[2015.04.03-23.04.34:657][801]LogContentBrowser:Verbose: The content browser source was changed by the sources view to '/Game/StarterContent'
[2015.04.03-23.04.36:256][989]LogContentBrowser:Verbose: The content browser source was changed by the sources view to '/Game'
[2015.04.03-23.04.37:295][110]LogContentBrowser:Verbose: The content browser source was changed by the sources view to '/Game/Prototype_Room_1'
[2015.04.03-23.04.39:209][293]LogContentBrowser:Verbose: The content browser source was changed by the sources view to '/Game'
[2015.04.03-23.04.42:057][628]LogContentBrowser:Verbose: The content browser source was changed by the sources view to '/Game/StarterContent'
[2015.04.03-23.04.44:439][906]LogContentBrowser:Verbose: The content browser source was changed by the sources view to '/Game'
[2015.04.03-23.04.45:853][ 72]LogContentBrowser:Verbose: The content browser source was changed by the sources view to '/Game/Prototype_Room_1'
[2015.04.03-23.04.50:424][513]LogContentBrowser:Verbose: The content browser source was changed by the sources view to '/Game/FirstPerson/Maps'
[2015.04.03-23.04.53:599][603]LoadErrors:Error: Error Failed import for CurveFloat
[2015.04.03-23.04.53:668][603]LogLinker:Warning: Can't find file '/Game/ExampleContent/Audio/Physical_Materials/Concrete'
[2015.04.03-23.04.53:669][603]LogLinker:Warning: Can't find file for asset '/Game/ExampleContent/Audio/Physical_Materials/Concrete' while loading ../../../../../../Users/utilisateur/Documents/GitHub/ProjectVR_v2/Content/Prototype_Room_1/Component/Custom_Collider.uasset.
[2015.04.03-23.04.53:669][603]LoadErrors:Error: Error /Game/Prototype_Room_1/Component/Custom_Collider : Can't find file for asset. /Game/ExampleContent/Audio/Physical_Materials/Concrete
[2015.04.03-23.04.53:669][603]LogLinker:Warning: Can't find file '/Game/ExampleContent/Audio/Physical_Materials/Concrete'
[2015.04.03-23.04.53:669][603]LogLinker:Warning: Can't find file for asset '/Game/ExampleContent/Audio/Physical_Materials/Concrete' while loading ../../../../../../Users/utilisateur/Documents/GitHub/ProjectVR_v2/Content/Prototype_Room_1/Component/Custom_Collider.uasset.
[2015.04.03-23.04.54:448][603]LogLinker:Warning: Can't find file '/Game/ExampleContent/Audio/Physical_Materials/Concrete'
[2015.04.03-23.04.54:448][603]LoadErrors: Info Failed to load /Game/ExampleContent/Audio/Physical_Materials/Concrete.Concrete Referenced by BodySetup_140
[2015.04.03-23.04.54:448][603]LogLinker:Warning: Can't find file for asset '/Game/ExampleContent/Audio/Physical_Materials/Concrete' while loading NULL.
[2015.04.03-23.04.54:901][603]LogParticles:Warning: InitializeSystem called on an unregistered component. Template=/Game/StarterContent/Particles/P_Fire.P_Fire Component=/Game/FirstPerson/Maps/Prototype_Room.Prototype_Room:PersistentLevel.P_Fire_2.ParticleSystemComponent0
[2015.04.03-23.04.54:902][603]LogParticles:Warning: InitializeSystem called on an unregistered component. Template=/Game/StarterContent/Particles/P_Fire.P_Fire Component=/Game/FirstPerson/Maps/Prototype_Room.Prototype_Room:PersistentLevel.P_Fire2.ParticleSystemComponent0
[2015.04.03-23.04.54:902][603]LogParticles:Warning: InitializeSystem called on an unregistered component. Template=/Game/StarterContent/Particles/P_Fire.P_Fire Component=/Game/FirstPerson/Maps/Prototype_Room.Prototype_Room:PersistentLevel.P_Fire3.ParticleSystemComponent0
[2015.04.03-23.04.54:903][603]LogParticles:Warning: InitializeSystem called on an unregistered component. Template=/Game/StarterContent/Particles/P_Fire.P_Fire Component=/Game/FirstPerson/Maps/Prototype_Room.Prototype_Room:PersistentLevel.P_Fire4.ParticleSystemComponent0
[2015.04.03-23.04.54:988][603]Cmd: MAP LOAD FILE="../../../../../../Users/utilisateur/Documents/GitHub/ProjectVR_v2/Content/FirstPerson/Maps/Prototype_Room.umap" TEMPLATE=0 SHOWPROGRESS=1 FEATURELEVEL=3
[2015.04.03-23.04.54:989][603]LightingResults: New page: Lighting Build
[2015.04.03-23.04.55:008][603]LogContentBrowser: Native class hierarchy updated for 'StatsViewer' in 0.0082 seconds. Added 5 classes and 0 folders.
[2015.04.03-23.04.55:038][603]LoadErrors: New page: Loading map: Prototype_Room.umap
[2015.04.03-23.04.55:038][603]MapCheck: New page: Map Check
[2015.04.03-23.04.55:038][603]LightingResults: New page: Lighting Build
[2015.04.03-23.04.55:056][603]LogParticles: Destroying 0 GPU particle simulations for FXSystem 0x0000000003EF4E00
[2015.04.03-23.04.55:100][603]LogEditorServer: Finished looking for orphan Actors (0.000 secs)
[2015.04.03-23.04.55:103][603]LogAIModule: Creating AISystem for world Prototype_Room
[2015.04.03-23.04.55:139][603]Cmd: MAP CHECKDEP
[2015.04.03-23.04.55:139][603]MapCheck: New page: Prototype_Room - Apr 3, 2015, 3:04:55 PM
[2015.04.03-23.04.55:326][603]MapCheck: Info Map check complete: 0 Error(s), 0 Warning(s), took 186.709ms to complete.
[2015.04.03-23.04.55:327][603]LogFileHelpers: Loading map 'Prototype_Room' took 0.341
[2015.04.03-23.04.57:578][737]LogSavePackage: Save=719.576233ms
[2015.04.03-23.04.57:578][737]LogSavePackage: Moving '../../../../../../Users/utilisateur/Documents/GitHub/ProjectVR_v2/Saved/Prototype_RoomD52FDA854E8846A9023FE6AA47F3AB20.tmp' to '../../../../../../Users/utilisateur/Documents/GitHub/ProjectVR_v2/Content/FirstPerson/Maps/Prototype_Room.umap'
[2015.04.03-23.04.58:980][884]BlueprintLog: New page: Pre-PIE auto-recompile
[2015.04.03-23.04.58:980][884]LogPlayLevel: [PIE