Log file open, 04/06/15 16:25:36
LogInit:Display: Running engine for game: ProjectVR_v2
LogInit: Version: 4.7.4-2497108+++depot+UE4-Releases+4.7
LogInit: API Version: 2455222
LogInit: Compiled (64-bit): Mar 31 2015 09:40:25
LogInit: Compiled with Visual C++: 18.00.21005.01
LogInit: Build Configuration: Development
LogInit: Branch Name: ++depot+UE4-Releases+4.7
LogInit: Command line: 
LogInit: Base directory: C:/Program Files/Epic Games/4.7/Engine/Binaries/Win64/
LogInit: Rocket: 1
[2015.04.06-20.25.37:022][  0]LogTaskGraph: Started task graph with 3 named threads and 6 total threads.
[2015.04.06-20.25.37:097][  0]LogOnline:Warning: No default platform service specified for OnlineSubsystem
[2015.04.06-20.25.37:118][  0]LogInit: Presizing for 0 objects not considered by GC, pre-allocating 0 bytes.
[2015.04.06-20.25.37:129][  0]LogInit: Object subsystem initialized
[2015.04.06-20.25.37:133][  0]LogConsoleResponse:Warning: Skipping Unknown console variable: 'TranslucentSortAxis = (X=0.000000,Y=-1.000000,Z=0.000000)'
[2015.04.06-20.25.37:133][  0]LogConsoleResponse:Warning:   Found in ini file 'C:/Users/utilisateur/Documents/GitHub/ProjectVR_v2/Saved/Config/Windows/Engine.ini', in section '[/Script/Engine.RendererSettings]'
[2015.04.06-20.25.37:133][  0]LogConsoleResponse:Warning: Skipping Unknown console variable: 'UIScaleRule = ShortestSide'
[2015.04.06-20.25.37:133][  0]LogConsoleResponse:Warning:   Found in ini file 'C:/Users/utilisateur/Documents/GitHub/ProjectVR_v2/Saved/Config/Windows/Engine.ini', in section '[/Script/Engine.RendererSettings]'
[2015.04.06-20.25.37:133][  0]LogConsoleResponse:Warning: Skipping Unknown console variable: 'UIScaleCurve = (EditorCurveData=(Keys=),ExternalCurve=None)'
[2015.04.06-20.25.37:133][  0]LogConsoleResponse:Warning:   Found in ini file 'C:/Users/utilisateur/Documents/GitHub/ProjectVR_v2/Saved/Config/Windows/Engine.ini', in section '[/Script/Engine.RendererSettings]'
[2015.04.06-20.25.37:134][  0]LogInit: Selected Device Profile: [Windows]
[2015.04.06-20.25.37:134][  0]LogInit: Applying CVar settings loaded from the selected device profile: [Windows]
[2015.04.06-20.25.37:221][  0]LogInit: Computer: DIM-P46390-JV2
[2015.04.06-20.25.37:221][  0]LogInit: User: utilisateur
[2015.04.06-20.25.37:221][  0]LogInit: CPU Page size=4096, Cores=4
[2015.04.06-20.25.37:221][  0]LogInit: High frequency timer resolution =3.604648 MHz
[2015.04.06-20.25.37:221][  0]LogMemory: Memory total: Physical=7.9GB (8GB approx) Virtual=8192.0GB
[2015.04.06-20.25.37:222][  0]LogMemory: Platform Memory Stats for Windows
[2015.04.06-20.25.37:222][  0]LogMemory: Process Physical Memory: 49.42 MB used, 49.42 MB peak
[2015.04.06-20.25.37:222][  0]LogMemory: Process Virtual Memory: 28.84 MB used, 28.84 MB peak
[2015.04.06-20.25.37:222][  0]LogMemory: Physical Memory: 2731.55 MB used, 8136.17 MB total
[2015.04.06-20.25.37:222][  0]LogMemory: Virtual Memory: 282.54 MB used, 8388608.00 MB total
[2015.04.06-20.25.37:247][  0]LogD3D11RHI: Found D3D11 adapter 0: NVIDIA GeForce GTX 770 (Feature Level 11_0)
[2015.04.06-20.25.37:247][  0]LogD3D11RHI: Adapter has 1990MB of dedicated video memory, 0MB of dedicated system memory, and 2048MB of shared system memory, 2 output[s]
[2015.04.06-20.25.37:247][  0]LogD3D11RHI: Chosen D3D11 Adapter Id = 0
[2015.04.06-20.25.37:287][  0]LogRHI: Texture pool is 1361 MB (70% of 1945 MB)
[2015.04.06-20.25.37:304][  0]LogD3D11RHI: Async texture creation enabled
[2015.04.06-20.25.37:400][  0]LogTextLocalizationManager: The requested culture ('fr_CA') has no localization data; falling back to 'en' for localization and internationalization data.
[2015.04.06-20.25.37:483][  0]LogTextLocalizationManager:Warning: Loading localization resources contain conflicting entries for (Namespace:UICommands, Key:Save_ToolTip):
Resource: (C:/Program Files/Epic Games/4.7/Engine/Content/Localization/Editor/en/Editor.locres) Hash: (-29098895) String: (Saves the current level to disk)
Resource: (C:/Program Files/Epic Games/4.7/Engine/Content/Localization/Engine/en/Engine.locres) Hash: (-1280300587) String: (Save selected data to vlog file)
[2015.04.06-20.25.37:484][  0]LogTextLocalizationManager:Warning: Loading localization resources contain conflicting entries for (Namespace:ContentBrowser, Key:ImportAssetToolTip):
Resource: (C:/Program Files/Epic Games/4.7/Engine/Content/Localization/Editor/en/Editor.locres) Hash: (-630476809) String: (Import to {0}...)
Resource: (C:/Program Files/Epic Games/4.7/Engine/Content/Localization/Editor/en/Editor.locres) Hash: (1271782899) String: (Imports an asset from file to this folder.)
[2015.04.06-20.25.37:562][  0]LogContentStreaming: Texture pool size is 0.000000MB
[2015.04.06-20.25.39:863][  0]LogTargetPlatformManager:Display: Building Assets For Windows
[2015.04.06-20.25.40:372][  0]LogTargetPlatformManager:Display: Building Assets For Windows
[2015.04.06-20.25.40:430][  0]LogDerivedDataCache:Display: Max Cache Size: 512 MB
[2015.04.06-20.25.40:462][  0]LogDerivedDataCache: Loaded boot cache 0.03s 40MB C:/Users/utilisateur/AppData/Local/UnrealEngine/4.7/DerivedDataCache/Boot.ddc.
[2015.04.06-20.25.40:462][  0]LogDerivedDataCache:Display: Loaded Boot cache: C:/Users/utilisateur/AppData/Local/UnrealEngine/4.7/DerivedDataCache/Boot.ddc
[2015.04.06-20.25.40:462][  0]LogDerivedDataCache: FDerivedDataBackendGraph:  Pak pak cache file ../../../../../../Users/utilisateur/Documents/GitHub/ProjectVR_v2/DerivedDataCache/DDC.ddp not found, will not use a pak cache.
[2015.04.06-20.25.40:462][  0]LogDerivedDataCache: Unable to find inner node Pak for hierarchical cache Hierarchy.
[2015.04.06-20.25.40:578][  0]LogDerivedDataCache:Display: Pak cache opened for reading ../../../Engine/DerivedDataCache/Compressed.ddp.
[2015.04.06-20.25.40:590][  0]LogDerivedDataCache: Using Local data cache path C:/Users/utilisateur/AppData/Local/UnrealEngine/Common/DerivedDataCache: Writable
[2015.04.06-20.25.40:890][  0]LogMeshUtilities: No automatic mesh reduction module available
[2015.04.06-20.25.40:890][  0]LogMeshUtilities: No automatic mesh merging module available
[2015.04.06-20.25.41:247][  0]LogInit: WinSock: version 1.1 (2.2), MaxSocks=32767, MaxUdp=65467
[2015.04.06-20.25.41:318][  0]LogSlate:Warning: Failed to load font data from '../../../Engine/Content/Slate/Fonts/Roboto-Italic.ttf'
[2015.04.06-20.25.42:086][  0]UdpMessaging: Initializing bridge on interface 0.0.0.0:0 to multicast group 230.0.0.1:6666.
[2015.04.06-20.25.42:345][  0]LogLinker:Warning: Asset '../../../Engine/Content/EngineMeshes/Humanoid.uasset' has been saved with empty engine version. The asset will be loaded but may be incompatible.
[2015.04.06-20.25.42:986][  0]SourceControl: Info Source control is disabled
[2015.04.06-20.25.42:987][  0]SourceControl: Info Source control is disabled
[2015.04.06-20.25.42:987][  0]SourceControl: Info Source control is disabled
[2015.04.06-20.25.42:995][  0]LogSourceControl: RunCommandInternalRaw: 'git version'
[2015.04.06-20.25.43:023][  0]LogSourceControl: RunCommandInternalRaw: ExecProcess ReturnCode=2 OutResults=''
[2015.04.06-20.25.43:262][  0]LogObj: 29826 objects as part of root set at end of initial load.
[2015.04.06-20.25.43:262][  0]LogUObjectAllocator: 7138888 out of 0 bytes used by permanent object pool.
[2015.04.06-20.25.43:347][  0]LogEngine: Initializing Engine...
[2015.04.06-20.25.45:495][  0]LogInit: XAudio2 using 'Haut-parleurs (Périphérique High Definition Audio)' : 2 channels at 44.1 kHz using 16 bits per sample (channel mask 0x3)
[2015.04.06-20.25.45:518][  0]LogInit: FAudioDevice initialized.
[2015.04.06-20.25.45:559][  0]LogAIModule: Creating AISystem for world NewWorld
[2015.04.06-20.25.45:577][  0]LogDerivedDataCache: Saved boot cache 0.02s 40MB C:/Users/utilisateur/AppData/Local/UnrealEngine/4.7/DerivedDataCache/Boot.ddc.
[2015.04.06-20.25.45:580][  0]LogInit: Texture streaming: Enabled
[2015.04.06-20.25.45:665][  0]LogAnalytics: Creating configured Analytics provider AnalyticsET
[2015.04.06-20.25.45:665][  0]LogAnalytics: ET APIKey = Rocket.Release. APIServer = http://et2.epicgames.com/ET2/. AppVersion = 4.7.4-2497108+++depot+UE4-Releases+4.7
[2015.04.06-20.25.45:665][  0]LogAnalytics: ET APIKey = Rocket.Release. DataRouterUploadURL = https://datarouter-public-service-gamedev.ol.epicgames.net/datarouter/api/v1/public/data. AppVersion = 4.7.4-2497108+++depot+UE4-Releases+4.7
[2015.04.06-20.25.45:665][  0]LogAnalytics: SetUserId a6792b8a474cfe1903fd3ca4420e5a6c|2e7f10ecc5c44ed09099a5c3737e7b6f|e606fcdb-fe4e-45b8-97d5-5efdb04afdd0
[2015.04.06-20.25.45:665][  0]LogAnalytics: AnalyticsET::StartSession [Rocket.Release]
[2015.04.06-20.25.45:685][  0]LogInit: Transaction tracking system initialized
[2015.04.06-20.25.45:833][  0]BlueprintLog: New page: Editor Load
[2015.04.06-20.25.45:864][  0]LogAssetRegistry: FAssetRegistry took 0.0095 seconds to start up
[2015.04.06-20.25.45:864][  0]LogDirectoryWatcher:Warning: Failed to begin reading directory changes for ../../../Engine/Plugins/Experimental/CharacterAI/Content/. Error: 0
[2015.04.06-20.25.46:381][  0]LogTargetPlatformManager:Display: Building Assets For Windows
[2015.04.06-20.25.46:717][  0]LogTargetPlatformManager:Display: Building Assets For Windows
[2015.04.06-20.25.46:998][  0]LogSlate:Warning: Failed to load font data from '../../../Engine/Content/Editor/Slate/Fonts/Roboto-Regular.ttf'
[2015.04.06-20.25.46:998][  0]LogSlate:Warning: Failed to load font data from '../../../Engine/Content/Editor/Slate/Fonts/Roboto-Bold.ttf'
[2015.04.06-20.25.47:002][  0]LogConsoleResponse:Display: 
[2015.04.06-20.25.47:247][  0]LogCook:Display: Done creating registry. It took  0.00s.
[2015.04.06-20.25.47:398][  0]LogSourceControl: RunCommandInternalRaw: 'git version'
[2015.04.06-20.25.47:399][  0]LogSourceControl: RunCommandInternalRaw: ExecProcess ReturnCode=2 OutResults=''
[2015.04.06-20.25.47:399][  0]Cmd: MAP LOAD FILE="../../../../../../Users/utilisateur/Documents/GitHub/ProjectVR_v2/Content/FirstPerson/Maps/FirstPersonExampleMap.umap" TEMPLATE=0 SHOWPROGRESS=1 FEATURELEVEL=3
[2015.04.06-20.25.47:399][  0]LogEditorServer:Warning: Can't find file '../../../../../../Users/utilisateur/Documents/GitHub/ProjectVR_v2/Content/FirstPerson/Maps/FirstPersonExampleMap.umap'
[2015.04.06-20.25.47:399][  0]Cmd: MAP CHECKDEP
[2015.04.06-20.25.47:399][  0]MapCheck: New page: Untitled_0 - Apr 6, 2015, 12:25:47 PM
[2015.04.06-20.25.47:485][  0]MapCheck: Info Map check complete: 0 Error(s), 0 Warning(s), took 86.344ms to complete.
[2015.04.06-20.25.47:486][  0]LogFileHelpers: Loading map 'FirstPersonExampleMap' took 0.087
[2015.04.06-20.25.47:901][  0]LogCollectionManager: Loaded 0 collections in 0.001375 seconds
[2015.04.06-20.25.47:915][  0]LogContentBrowser: Native class hierarchy populated in 0.0138 seconds. Added 1700 classes and 263 folders.
[2015.04.06-20.25.48:066][  0]LogContentBrowser: Native class hierarchy updated for 'SceneOutliner' in 0.0088 seconds. Added 1 classes and 2 folders.
[2015.04.06-20.25.48:527][  0]LogCrashTracker: Crashtracker disabled due to settings.
[2015.04.06-20.25.48:553][  0]LogSlate:Warning: Failed to load font data from 'Veranda'
[2015.04.06-20.25.48:558][  0]LogUObjectGlobals:Warning: Failed to find object 'Class None.'
[2015.04.06-20.25.48:608][  0]LogLoad: Full Startup: 13.23 seconds (BP compile: 0.11 seconds)
[2015.04.06-20.25.48:648][  0]LogContentBrowser:Verbose: The content browser source was changed by the sources view to '/Game/Prototype_Room_1'
[2015.04.06-20.25.49:086][  0]LogRenderer:Warning: Reallocating scene render targets to support 1056x584 (Frame:2).
[2015.04.06-20.25.49:746][  6]LogAssetRegistry: Asset discovery search completed in 3.8919 seconds
[2015.04.06-20.26.06:640][210]LogContentBrowser:Verbose: The content browser source was changed by the sources view to '/Game/StarterContent'
[2015.04.06-20.26.07:393][295]LogContentBrowser:Verbose: The content browser source was changed by the sources view to '/Game/Prototype_Room_1'
[2015.04.06-20.26.07:961][338]LogContentBrowser:Verbose: The content browser source was changed by the sources view to '/Game/FirstPerson'
[2015.04.06-20.26.09:679][539]LogContentBrowser:Verbose: The content browser source was changed by the sources view to '/Game/FirstPerson/Maps'
[2015.04.06-20.26.15:597][641]LogLinker:Warning: Can't find file '/Game/ExampleContent/Audio/Physical_Materials/Concrete'
[2015.04.06-20.26.15:598][641]LogLinker:Warning: Can't find file for asset '/Game/ExampleContent/Audio/Physical_Materials/Concrete' while loading ../../../../../../Users/utilisateur/Documents/GitHub/ProjectVR_v2/Content/Prototype_Room_1/Component/Custom_Collider.uasset.
[2015.04.06-20.26.15:637][641]LoadErrors:Error: Error /Game/Prototype_Room_1/Component/Custom_Collider : Can't find file for asset. /Game/ExampleContent/Audio/Physical_Materials/Concrete
[2015.04.06-20.26.15:638][641]LogLinker:Warning: Can't find file '/Game/ExampleContent/Audio/Physical_Materials/Concrete'
[2015.04.06-20.26.15:639][641]LogLinker:Warning: Can't find file for asset '/Game/ExampleContent/Audio/Physical_Materials/Concrete' while loading ../../../../../../Users/utilisateur/Documents/GitHub/ProjectVR_v2/Content/Prototype_Room_1/Component/Custom_Collider.uasset.
[2015.04.06-20.26.18:934][641]LogLinker:Warning: Can't find file '/Game/ExampleContent/Audio/Physical_Materials/Concrete'
[2015.04.06-20.26.18:935][641]LoadErrors: Info Failed to load /Game/ExampleContent/Audio/Physical_Materials/Concrete.Concrete Referenced by BodySetup_140
[2015.04.06-20.26.18:936][641]LogLinker:Warning: Can't find file for asset '/Game/ExampleContent/Audio/Physical_Materials/Concrete' while loading NULL.
[2015.04.06-20.26.25:902][641]LogParticles:Warning: InitializeSystem called on an unregistered component. Template=/Game/StarterContent/Particles/P_Fire.P_Fire Component=/Game/FirstPerson/Maps/Prototype_Room.Prototype_Room:PersistentLevel.P_Fire_2.ParticleSystemComponent0
[2015.04.06-20.26.25:903][641]LogParticles:Warning: InitializeSystem called on an unregistered component. Template=/Game/StarterContent/Particles/P_Fire.P_Fire Component=/Game/FirstPerson/Maps/Prototype_Room.Prototype_Room:PersistentLevel.P_Fire2.ParticleSystemComponent0
[2015.04.06-20.26.25:904][641]LogParticles:Warning: InitializeSystem called on an unregistered component. Template=/Game/StarterContent/Particles/P_Fire.P_Fire Component=/Game/FirstPerson/Maps/Prototype_Room.Prototype_Room:PersistentLevel.P_Fire3.ParticleSystemComponent0
[2015.04.06-20.26.25:904][641]LogParticles:Warning: InitializeSystem called on an unregistered component. Template=/Game/StarterContent/Particles/P_Fire.P_Fire Component=/Game/FirstPerson/Maps/Prototype_Room.Prototype_Room:PersistentLevel.P_Fire4.ParticleSystemComponent0
[2015.04.06-20.26.25:994][641]LogParticles: Destroying 0 GPU particle simulations for FXSystem 0x0000000012DF99E0
[2015.04.06-20.26.26:012][641]Cmd: MAP LOAD FILE="../../../../../../Users/utilisateur/Documents/GitHub/ProjectVR_v2/Content/FirstPerson/Maps/Prototype_Room.umap" TEMPLATE=0 SHOWPROGRESS=1 FEATURELEVEL=3
[2015.04.06-20.26.26:012][641]LightingResults: New page: Lighting Build
[2015.04.06-20.26.26:032][641]LogContentBrowser: Native class hierarchy updated for 'StatsViewer' in 0.0084 seconds. Added 5 classes and 0 folders.
[2015.04.06-20.26.26:062][641]LoadErrors: New page: Loading map: Prototype_Room.umap
[2015.04.06-20.26.26:062][641]MapCheck: New page: Map Check
[2015.04.06-20.26.26:062][641]LightingResults: New page: Lighting Build
[2015.04.06-20.26.26:086][641]LogParticles: Destroying 0 GPU particle simulations for FXSystem 0x000000001643CE00
[2015.04.06-20.26.26:133][641]LogEditorServer: Finished looking for orphan Actors (0.000 secs)
[2015.04.06-20.26.26:136][641]LogAIModule: Creating AISystem for world Prototype_Room
[2015.04.06-20.26.26:175][641]Cmd: MAP CHECKDEP
[2015.04.06-20.26.26:175][641]MapCheck: New page: Prototype_Room - Apr 6, 2015, 12:26:26 PM
[2015.04.06-20.26.26:318][641]MapCheck: Info Map check complete: 0 Error(s), 0 Warning(s), took 142.858ms to complete.
[2015.04.06-20.26.26:318][641]LogFileHelpers: Loading map 'Prototype_Room' took 0.308
[2015.04.06-20.36.11:970][396]LogSavePackage: Save=647.063477ms
[2015.04.06-20.36.11:970][396]LogSavePackage: Moving '../../../../../../Users/utilisateur/Documents/GitHub/ProjectVR_v2/Saved/Prototype_Room_Auto1F032DB374BB5BF55C73196A202869E3F.tmp' to '../../../../../../Users/utilisateur/Documents/GitHub/ProjectVR_v2/Saved/Autosaves/Game/FirstPerson/Maps/Prototype_Room_Auto1.umap'
[2015.04.06-20.36.11:991][396]LogFileHelpers: Editor autosave (incl. sublevels) for '/Game/FirstPerson/Maps/Prototype_Room' took 0.825
[2015.04.06-20.36.11:991][396]LogFileHelpers: Editor autosave (incl. sublevels) for all levels took 0.825
[2015.04.06-20.37.03:363][357]LogEditorViewport: Clicking on Actor (LMB): PointLight (PointLight3)
[2015.04.06-20.37.03:939][410]Cmd: DELETE
[2015.04.06-20.37.03:940][410]Cmd: ACTOR DELETE
[2015.04.06-20.37.06:166][410]LogEditorActor: Deleted Actor: PointLight
[2015.04.06-20.37.06:191][410]LogEditorActor: Deleted 1 Actors (2.251 secs)
[2015.04.06-20.37.09:019][646]LogEditorViewport: Clicking on Actor (LMB): PointLight (PointLight8)
[2015.04.06-20.37.09:694][699]Cmd: DELETE
[2015.04.06-20.37.09:694][699]Cmd: ACTOR DELETE
[2015.04.06-20.37.11:025][699]LogEditorActor: Deleted Actor: PointLight
[2015.04.06-20.37.11:047][699]LogEditorActor: Deleted 1 Actors (1.353 secs)
[2015.04.06-20.37.17:068][143]LogEditorViewport: Clicking on Actor (LMB): PointLight (PointLight2)
[2015.04.06-20.37.17:461][169]Cmd: DELETE
[2015.04.06-20.37.17:461][169]Cmd: ACTOR DELETE
[2015.04.06-20.37.18:428][169]LogEditorActor: Deleted Actor: PointLight
[2015.04.06-20.37.18:451][169]LogEditorActor: Deleted 1 Actors (0.990 secs)
[2015.04.06-20.37.22:389][473]LogEditorViewport: Clicking on Actor (LMB): StaticMeshActor (Roof)
[2015.04.06-20.37.25:446][721]LogEditorViewport: Clicking on Actor (LMB): DirectionalLight (DirectionalLight)
[2015.04.06-20.40.10:709][331]LogPrimitiveComponent: Zero scaling not supported (/Game/FirstPerson/Maps/Prototype_Room.Prototype_Room:PersistentLevel.Cacheur.StaticMeshComponent0)
[2015.04.06-20.40.10:711][331]LogPrimitiveComponent: Zero scaling not supported (/Game/FirstPerson/Maps/Prototype_Room.Prototype_Room:PersistentLevel.Cacheur.StaticMeshComponent0)
[2015.04.06-20.40.25:957][892]LogPrimitiveComponent: Zero scaling not supported (/Game/FirstPerson/Maps/Prototype_Room.Prototype_Room:PersistentLevel.Cacheur.StaticMeshComponent0)
[2015.04.06-20.41.30:235][ 55]LogPrimitiveComponent: Zero scaling not supported (/Game/FirstPerson/Maps/Prototype_Room.Prototype_Room:PersistentLevel.Cacheur.StaticMeshComponent0)
[2015.04.06-20.41.36:361][650]BlueprintLog: New page: Pre-PIE auto-recompile
[2015.04.06-20.41.36:361][650]LogPlayLevel: [PIE] Compiling Prototype_Room before PIE...
[2015.04.06-20.41.36:523][650]LogPlayLevel: PIE:  Blueprint regeneration took 162 ms (1 blueprints)
[2015.04.06-20.41.36:523][650]PIE: New page: PIE session: Prototype_Room (Apr 6, 2015, 12:41:36 PM)
[2015.04.06-20.41.36:598][650]LogPlayLevel: PIE: StaticDuplicateObject took: (0.074159s)
[2015.04.06-20.41.36:598][650]LogPlayLevel: PIE: World Init took: (0.000571s)
[2015.04.06-20.41.36:599][650]LogPlayLevel: PIE: Created PIE world by copying editor world from /Game/FirstPerson/Maps/Prototype_Room.Prototype_Room to /Game/FirstPerson/Maps/UEDPIE_0_Prototype_Room.Prototype_Room (0.074994s)
[2015.04.06-20.41.36:671][650]LogWorld: Game class is 'ProjectVR_v2GameMode'
[2015.04.06-20.41.36:673][650]LogAIModule: Creating AISystem for world Prototype_Room
[2015.04.06-20.41.36:746][650]LogPrimitiveComponent: Zero scaling not supported (/Game/FirstPerson/Maps/UEDPIE_0_Prototype_Room.Prototype_Room:PersistentLevel.Cacheur.StaticMeshComponent0)
[2015.04.06-20.41.36:747][650]LogWorld: Bringing World /Game/FirstPerson/Maps/UEDPIE_0_Prototype_Room.Prototype_Room up for play (max tick rate 0) at 2015.04.06-16.41.36
[2015.04.06-20.41.36:751][650]LogWorld: Bringing up level for play took: 0.076917
[2015.04.06-20.41.36:755][650]PIE: Info Play in editor start time for /Game/FirstPerson/Maps/UEDPIE_0_Prototype_Room 0.914
[2015.04.06-20.41.44:326][411]LogBlueprintUserMessages: Added to inventory
[2015.04.06-20.41.44:326][411]LogBlueprintUserMessages: Key_Door
[2015.04.06-20.41.51:316][146]LogBlueprintUserMessages: Object Found in Inventory
[2015.04.06-20.41.51:316][146]LogBlueprintUserMessages: Door  Unlocked
[2015.04.06-20.42.21:617][582]LogBlueprintUserMessages: Added to inventory
[2015.04.06-20.42.21:618][582]LogBlueprintUserMessages: Key_Coffre
[2015.04.06-20.42.23:650][791]LogBlueprintUserMessages: Object Found in Inventory
[2015.04.06-20.42.23:650][791]LogBlueprintUserMessages: Chest  Unlocked
[2015.04.06-20.42.34:957][835]LogBlueprintUserMessages: Added to inventory
[2015.04.06-20.42.34:957][835]LogBlueprintUserMessages: 
[2015.04.06-20.42.55:873][ 81]LogParticles: Destroying 0 GPU particle simulations for FXSystem 0x0000000012D3B740
[2015.04.06-20.43.18:598][628]LogSavePackage: Save=721.004089ms
[2015.04.06-20.43.18:598][628]LogSavePackage: Moving '../../../../../../Users/utilisateur/Documents/GitHub/ProjectVR_v2/Saved/Prototype_RoomF401CDD740EDC370500F16AA5CC0829D.tmp' to '../../../../../../Users/utilisateur/Documents/GitHub/ProjectVR_v2/Content/FirstPerson/Maps/Prototype_Room.umap'
[2015.04.06-20.51.01:513][154]LogContentBrowser:Verbose: The content browser source was changed by the sources view to '/Game/Prototype_Room_1'
[2015.04.06-20.51.03:991][322]LogContentBrowser:Verbose: The content browser source was changed by the sources view to '/Game/Prototype_Room_1/NewFolder'
[2015.04.06-20.51.07:691][711]LogContentBrowser:Verbose: The content browser source was changed by the sources view to '/Game/Prototype_Room_1/Audio'
[2015.04.06-20.52.42:978][559]LogAssetTools:Warning: Failed to import 'C:\Users\utilisateur\Desktop\Son\Bats_in_Cave.mp3'. Unknown extension 'mp3'.
[2015.04.06-20.52.42:994][559]LogAssetTools:Warning: Failed to import 'C:\Users\utilisateur\Desktop\Son\Evil_Laugh_Male_6.mp3'. Unknown extension 'mp3'.
[2015.04.06-20.52.43:004][559]LogAssetTools:Warning: Failed to import 'C:\Users\utilisateur\Desktop\Son\Evil_laugh_Male_9.mp3'. Unknown extension 'mp3'.
[2015.04.06-20.52.43:015][559]LogAssetTools:Warning: Failed to import 'C:\Users\utilisateur\Desktop\Son\Incoming_Suspense.mp3'. Unknown extension 'mp3'.
[2015.04.06-20.52.43:023][559]LogAssetTools:Warning: Failed to import 'C:\Users\utilisateur\Desktop\Son\Opening Casket.mp3'. Unknown extension 'mp3'.
[2015.04.06-20.52.43:032][559]LogAssetTools:Warning: Failed to import 'C:\Users\utilisateur\Desktop\Son\Scary Scream.mp3'. Unknown extension 'mp3'.
[2015.04.06-20.52.43:039][559]LogAssetTools:Warning: Failed to import 'C:\Users\utilisateur\Desktop\Son\Scary.mp3'. Unknown extension 'mp3'.
[2015.04.06-20.52.43:050][559]LogAssetTools:Warning: Failed to import 'C:\Users\utilisateur\Desktop\Son\Sqeaking_door.mp3'. Unknown extension 'mp3'.
[2015.04.06-20.52.43:058][559]LogAssetTools:Warning: Failed to import 'C:\Users\utilisateur\Desktop\Son\Thunder.mp3'. Unknown extension 'mp3'.
[2015.04.06-20.52.43:066][559]LogAssetTools:Warning: Failed to import 'C:\Users\utilisateur\Desktop\Son\Thunderstorm.mp3'. Unknown extension 'mp3'.
[2015.04.06-20.53.00:827][388]LogAssetTools:Warning: Failed to import 'C:\Users\utilisateur\Desktop\Son\Thunderstorm.mp3'. Unknown extension 'mp3'.
[2015.04.06-20.53.07:495][408]LogAssetTools:Warning: Failed to import 'C:\Users\utilisateur\Desktop\Son\Thunderstorm.mp3'. Unknown extension 'mp3'.
[2015.04.06-20.55.54:356][458]LogEditorViewport: Clicking on Actor (LMB): PointLight (PointLight4)
[2015.04.06-20.56.02:965][145]LogEditorViewport: Clicking on Actor (LMB): PointLight (PointLight5)
[2015.04.06-20.58.13:885][573]LogEditorViewport: Clicking on Actor (LMB): StaticMeshActor (FIreplace_Mesh4)
[2015.04.06-20.58.18:746][997]LogEditorViewport: Clicking on Actor (LMB): Emitter (P_Fire2)
[2015.04.06-20.58.51:474][827]LogEditorViewport: Clicking on Actor (LMB): StaticMeshActor (Floor2)
[2015.04.06-20.58.54:098][ 44]LogEditorViewport: Clicking on Actor (LMB): Emitter (P_Fire)
[2015.04.06-20.58.59:593][536]LogSavePackage: Save=815.821411ms
[2015.04.06-20.58.59:593][536]LogSavePackage: Moving '../../../../../../Users/utilisateur/Documents/GitHub/ProjectVR_v2/Saved/Prototype_Room644485AC420D626978183DAA3CBA740A.tmp' to '../../../../../../Users/utilisateur/Documents/GitHub/ProjectVR_v2/Content/FirstPerson/Maps/Prototype_Room.umap'
[2015.04.06-20.59.03:739][871]LogEditorViewport: Clicking on Actor (context menu): StaticMeshActor (Floor)
[2015.04.06-20.59.05:306][987]BlueprintLog: New page: Pre-PIE auto-recompile
[2015.04.06-20.59.05:306][987]LogPlayLevel: [PIE] Compiling Prototype_Room before PIE...
[2015.04.06-20.59.05:479][987]LogPlayLevel: PIE:  Blueprint regeneration took 173 ms (1 blueprints)
[2015.04.06-20.59.05:480][987]PIE: New page: PIE session: Prototype_Room (Apr 6, 2015, 12:59:05 PM)
[2015.04.06-20.59.05:568][987]LogPlayLevel: PIE: StaticDuplicateObject took: (0.087971s)
[2015.04.06-20.59.05:569][987]LogPlayLevel: PIE: World Init took: (0.000553s)
[2015.04.06-20.59.05:569][987]LogPlayLevel: PIE: Created PIE world by copying editor world from /Game/FirstPerson/Maps/Prototype_Room.Prototype_Room to /Game/FirstPerson/Maps/UEDPIE_0_Prototype_Room.Prototype_Room (0.088784s)
[2015.04.06-20.59.05:613][987]LogWorld: Game class is 'ProjectVR_v2GameMode'
[2015.04.06-20.59.05:618][987]LogAIModule: Creating AISystem for world Prototype_Room
[2015.04.06-20.59.05:703][987]LogPrimitiveComponent: Zero scaling not supported (/Game/FirstPerson/Maps/UEDPIE_0_Prototype_Room.Prototype_Room:PersistentLevel.Cacheur.StaticMeshComponent0)
[2015.04.06-20.59.05:705][987]LogWorld: Bringing World /Game/FirstPerson/Maps/UEDPIE_0_Prototype_Room.Prototype_Room up for play (max tick rate 0) at 2015.04.06-16.59.05
[2015.04.06-20.59.05:710][987]LogWorld: Bringing up level for play took: 0.091371
[2015.04.06-20.59.05:718][987]PIE: Info Play in editor start time for /Game/FirstPerson/Maps/UEDPIE_0_Prototype_Room -0.138
[2015.04.06-20.59.30:397][761]LogParticles: Destroying 0 GPU particle simulations for FXSystem 0x000000001F704900
[2015.04.06-20.59.36:129][241]LogEditorViewport: Clicking on Actor (LMB): Emitter (P_Fire2)
[2015.04.06-20.59.45:363][144]LogEditorViewport: Clicking on Actor (LMB): Emitter (P_Fire)
[2015.04.06-20.59.56:329][300]LogEditorViewport: Clicking on Actor (LMB): Emitter (P_Fire4)
[2015.04.06-21.00.04:565][ 56]LogEditorViewport: Clicking on Actor (LMB): Emitter (P_Fire3)
[2015.04.06-21.00.42:271][ 83]LogEditorViewport: Clicking on Actor (context menu): StaticMeshActor (Floor)
[2015.04.06-21.00.44:935][363]BlueprintLog: New page: Pre-PIE auto-recompile
[2015.04.06-21.00.44:935][363]LogPlayLevel: [PIE] Compiling Prototype_Room before PIE...
[2015.04.06-21.00.45:112][363]LogPlayLevel: PIE:  Blueprint regeneration took 176 ms (1 blueprints)
[2015.04.06-21.00.45:112][363]PIE: New page: PIE session: Prototype_Room (Apr 6, 2015, 1:00:45 PM)
[2015.04.06-21.00.45:223][363]LogPlayLevel: PIE: StaticDuplicateObject took: (0.110708s)
[2015.04.06-21.00.45:224][363]LogPlayLevel: PIE: World Init took: (0.000763s)
[2015.04.06-21.00.45:225][363]LogPlayLevel: PIE: Created PIE world by copying editor world from /Game/FirstPerson/Maps/Prototype_Room.Prototype_Room to /Game/FirstPerson/Maps/UEDPIE_0_Prototype_Room.Prototype_Room (0.111846s)
[2015.04.06-21.00.45:256][363]LogWorld: Game class is 'ProjectVR_v2GameMode'
[2015.04.06-21.00.45:259][363]LogAIModule: Creating AISystem for world Prototype_Room
[2015.04.06-21.00.45:317][363]LogPrimitiveComponent: Zero scaling not supported (/Game/FirstPerson/Maps/UEDPIE_0_Prototype_Room.Prototype_Room:PersistentLevel.Cacheur.StaticMeshComponent0)
[2015.04.06-21.00.45:319][363]LogWorld: Bringing World /Game/FirstPerson/Maps/UEDPIE_0_Prototype_Room.Prototype_Room up for play (max tick rate 0) at 2015.04.06-17.00.45
[2015.04.06-21.00.45:325][363]LogWorld: Bringing up level for play took: 0.066134
[2015.04.06-21.00.45:329][363]PIE: Info Play in editor start time for /Game/FirstPerson/Maps/UEDPIE_0_Prototype_Room -0.528
[2015.04.06-21.01.11:938][164]LogParticles: Destroying 0 GPU particle simulations for FXSystem 0x0000000002F39BC0
[2015.04.06-21.01.15:384][501]LogEditorViewport: Clicking on Actor (LMB): Emitt