Log file open, 03/31/15 20:57:42
LogInit:Display: Running engine for game: ProjectVR_v2
LogInit: Version: 4.7.3-2479750+++depot+UE4-Releases+4.7
LogInit: API Version: 2455222
LogInit: Compiled (64-bit): Mar 15 2015 23:20:45
LogInit: Compiled with Visual C++: 18.00.21005.01
LogInit: Build Configuration: Development
LogInit: Branch Name: ++depot+UE4-Releases+4.7
LogInit: Command line: 
LogInit: Base directory: C:/Program Files/Epic Games/4.7/Engine/Binaries/Win64/
LogInit: Rocket: 1
[2015.04.01-00.57.42:125][  0]LogTaskGraph: Started task graph with 3 named threads and 6 total threads.
[2015.04.01-00.57.42:193][  0]LogOnline:Warning: No default platform service specified for OnlineSubsystem
[2015.04.01-00.57.42:213][  0]LogInit: Presizing for 0 objects not considered by GC, pre-allocating 0 bytes.
[2015.04.01-00.57.42:222][  0]LogInit: Object subsystem initialized
[2015.04.01-00.57.42:223][  0]LogConsoleResponse:Warning: Skipping Unknown console variable: 'TranslucentSortAxis = (X=0.000000,Y=-1.000000,Z=0.000000)'
[2015.04.01-00.57.42:223][  0]LogConsoleResponse:Warning:   Found in ini file 'C:/Users/utilisateur/Documents/GitHub/ProjectVR_v2/Saved/Config/Windows/Engine.ini', in section '[/Script/Engine.RendererSettings]'
[2015.04.01-00.57.42:223][  0]LogConsoleResponse:Warning: Skipping Unknown console variable: 'UIScaleRule = ShortestSide'
[2015.04.01-00.57.42:223][  0]LogConsoleResponse:Warning:   Found in ini file 'C:/Users/utilisateur/Documents/GitHub/ProjectVR_v2/Saved/Config/Windows/Engine.ini', in section '[/Script/Engine.RendererSettings]'
[2015.04.01-00.57.42:223][  0]LogConsoleResponse:Warning: Skipping Unknown console variable: 'UIScaleCurve = (EditorCurveData=(Keys=),ExternalCurve=None)'
[2015.04.01-00.57.42:223][  0]LogConsoleResponse:Warning:   Found in ini file 'C:/Users/utilisateur/Documents/GitHub/ProjectVR_v2/Saved/Config/Windows/Engine.ini', in section '[/Script/Engine.RendererSettings]'
[2015.04.01-00.57.42:224][  0]LogInit: Selected Device Profile: [Windows]
[2015.04.01-00.57.42:224][  0]LogInit: Applying CVar settings loaded from the selected device profile: [Windows]
[2015.04.01-00.57.42:234][  0]LogInit: Computer: DIM-P46390-JV2
[2015.04.01-00.57.42:234][  0]LogInit: User: utilisateur
[2015.04.01-00.57.42:234][  0]LogInit: CPU Page size=4096, Cores=4
[2015.04.01-00.57.42:234][  0]LogInit: High frequency timer resolution =3.604667 MHz
[2015.04.01-00.57.42:234][  0]LogMemory: Memory total: Physical=7.9GB (8GB approx) Virtual=8192.0GB
[2015.04.01-00.57.42:235][  0]LogMemory: Platform Memory Stats for Windows
[2015.04.01-00.57.42:235][  0]LogMemory: Process Physical Memory: 48.96 MB used, 48.96 MB peak
[2015.04.01-00.57.42:235][  0]LogMemory: Process Virtual Memory: 26.93 MB used, 26.93 MB peak
[2015.04.01-00.57.42:235][  0]LogMemory: Physical Memory: 2943.60 MB used, 8136.17 MB total
[2015.04.01-00.57.42:235][  0]LogMemory: Virtual Memory: 280.36 MB used, 8388608.00 MB total
[2015.04.01-00.57.42:264][  0]LogD3D11RHI: Found D3D11 adapter 0: NVIDIA GeForce GTX 770 (Feature Level 11_0)
[2015.04.01-00.57.42:264][  0]LogD3D11RHI: Adapter has 1990MB of dedicated video memory, 0MB of dedicated system memory, and 2048MB of shared system memory, 2 output[s]
[2015.04.01-00.57.42:264][  0]LogD3D11RHI: Chosen D3D11 Adapter Id = 0
[2015.04.01-00.57.42:268][  0]LogRHI: Texture pool is 1361 MB (70% of 1945 MB)
[2015.04.01-00.57.42:275][  0]LogD3D11RHI: Async texture creation enabled
[2015.04.01-00.57.42:323][  0]LogTextLocalizationManager: The requested culture ('fr_CA') has no localization data; falling back to 'en' for localization and internationalization data.
[2015.04.01-00.57.42:402][  0]LogTextLocalizationManager:Warning: Loading localization resources contain conflicting entries for (Namespace:UICommands, Key:Save_ToolTip):
Resource: (C:/Program Files/Epic Games/4.7/Engine/Content/Localization/Editor/en/Editor.locres) Hash: (-29098895) String: (Saves the current level to disk)
Resource: (C:/Program Files/Epic Games/4.7/Engine/Content/Localization/Engine/en/Engine.locres) Hash: (-1280300587) String: (Save selected data to vlog file)
[2015.04.01-00.57.42:402][  0]LogTextLocalizationManager:Warning: Loading localization resources contain conflicting entries for (Namespace:ContentBrowser, Key:ImportAssetToolTip):
Resource: (C:/Program Files/Epic Games/4.7/Engine/Content/Localization/Editor/en/Editor.locres) Hash: (-630476809) String: (Import to {0}...)
Resource: (C:/Program Files/Epic Games/4.7/Engine/Content/Localization/Editor/en/Editor.locres) Hash: (1271782899) String: (Imports an asset from file to this folder.)
[2015.04.01-00.57.42:492][  0]LogContentStreaming: Texture pool size is 0.000000MB
[2015.04.01-00.57.44:750][  0]LogTargetPlatformManager:Display: Building Assets For Windows
[2015.04.01-00.57.45:227][  0]LogTargetPlatformManager:Display: Building Assets For Windows
[2015.04.01-00.57.45:284][  0]LogDerivedDataCache:Display: Max Cache Size: 512 MB
[2015.04.01-00.57.45:317][  0]LogDerivedDataCache: Loaded boot cache 0.03s 40MB C:/Users/utilisateur/AppData/Local/UnrealEngine/4.7/DerivedDataCache/Boot.ddc.
[2015.04.01-00.57.45:317][  0]LogDerivedDataCache:Display: Loaded Boot cache: C:/Users/utilisateur/AppData/Local/UnrealEngine/4.7/DerivedDataCache/Boot.ddc
[2015.04.01-00.57.45:317][  0]LogDerivedDataCache: FDerivedDataBackendGraph:  Pak pak cache file ../../../../../../Users/utilisateur/Documents/GitHub/ProjectVR_v2/DerivedDataCache/DDC.ddp not found, will not use a pak cache.
[2015.04.01-00.57.45:317][  0]LogDerivedDataCache: Unable to find inner node Pak for hierarchical cache Hierarchy.
[2015.04.01-00.57.45:433][  0]LogDerivedDataCache:Display: Pak cache opened for reading ../../../Engine/DerivedDataCache/Compressed.ddp.
[2015.04.01-00.57.45:445][  0]LogDerivedDataCache: Using Local data cache path C:/Users/utilisateur/AppData/Local/UnrealEngine/Common/DerivedDataCache: Writable
[2015.04.01-00.57.45:772][  0]LogMeshUtilities: No automatic mesh reduction module available
[2015.04.01-00.57.45:772][  0]LogMeshUtilities: No automatic mesh merging module available
[2015.04.01-00.57.46:133][  0]LogInit: WinSock: version 1.1 (2.2), MaxSocks=32767, MaxUdp=65467
[2015.04.01-00.57.46:203][  0]LogSlate:Warning: Failed to load font data from '../../../Engine/Content/Slate/Fonts/Roboto-Italic.ttf'
[2015.04.01-00.57.46:972][  0]UdpMessaging: Initializing bridge on interface 0.0.0.0:0 to multicast group 230.0.0.1:6666.
[2015.04.01-00.57.47:073][  0]LogLinker:Warning: Asset '../../../Engine/Content/EngineMeshes/Humanoid.uasset' has been saved with empty engine version. The asset will be loaded but may be incompatible.
[2015.04.01-00.57.47:495][  0]SourceControl: Info Source control is disabled
[2015.04.01-00.57.47:495][  0]SourceControl: Info Source control is disabled
[2015.04.01-00.57.47:495][  0]SourceControl: Info Source control is disabled
[2015.04.01-00.57.47:515][  0]LogSourceControl: RunCommandInternalRaw: 'git version'
[2015.04.01-00.57.47:515][  0]LogSourceControl: RunCommandInternalRaw: ExecProcess ReturnCode=2 OutResults=''
[2015.04.01-00.57.47:718][  0]LogObj: 29762 objects as part of root set at end of initial load.
[2015.04.01-00.57.47:718][  0]LogUObjectAllocator: 7142840 out of 0 bytes used by permanent object pool.
[2015.04.01-00.57.47:792][  0]LogEngine: Initializing Engine...
[2015.04.01-00.57.49:940][  0]LogInit: XAudio2 using 'Haut-parleurs (Périphérique High Definition Audio)' : 2 channels at 44.1 kHz using 16 bits per sample (channel mask 0x3)
[2015.04.01-00.57.49:975][  0]LogInit: FAudioDevice initialized.
[2015.04.01-00.57.50:026][  0]LogAIModule: Creating AISystem for world NewWorld
[2015.04.01-00.57.50:047][  0]LogDerivedDataCache: Saved boot cache 0.02s 40MB C:/Users/utilisateur/AppData/Local/UnrealEngine/4.7/DerivedDataCache/Boot.ddc.
[2015.04.01-00.57.50:049][  0]LogInit: Texture streaming: Enabled
[2015.04.01-00.57.50:157][  0]LogAnalytics: Creating configured Analytics provider AnalyticsET
[2015.04.01-00.57.50:157][  0]LogAnalytics: ET APIKey = Rocket.Release. APIServer = http://et2.epicgames.com/ET2/. AppVersion = 4.7.3-2479750+++depot+UE4-Releases+4.7
[2015.04.01-00.57.50:157][  0]LogAnalytics: ET APIKey = Rocket.Release. DataRouterUploadURL = https://datarouter-public-service-gamedev.ol.epicgames.net/datarouter/api/v1/public/data. AppVersion = 4.7.3-2479750+++depot+UE4-Releases+4.7
[2015.04.01-00.57.50:157][  0]LogAnalytics: SetUserId a6792b8a474cfe1903fd3ca4420e5a6c|2e7f10ecc5c44ed09099a5c3737e7b6f|e606fcdb-fe4e-45b8-97d5-5efdb04afdd0
[2015.04.01-00.57.50:157][  0]LogAnalytics: AnalyticsET::StartSession [Rocket.Release]
[2015.04.01-00.57.50:178][  0]LogInit: Transaction tracking system initialized
[2015.04.01-00.57.50:341][  0]BlueprintLog: New page: Editor Load
[2015.04.01-00.57.50:372][  0]LogAssetRegistry: FAssetRegistry took 0.0099 seconds to start up
[2015.04.01-00.57.50:372][  0]LogDirectoryWatcher:Warning: Failed to begin reading directory changes for ../../../Engine/Plugins/Experimental/CharacterAI/Content/. Error: 0
[2015.04.01-00.57.50:873][  0]LogTargetPlatformManager:Display: Building Assets For Windows
[2015.04.01-00.57.51:213][  0]LogTargetPlatformManager:Display: Building Assets For Windows
[2015.04.01-00.57.51:440][  0]LogSlate:Warning: Failed to load font data from '../../../Engine/Content/Editor/Slate/Fonts/Roboto-Regular.ttf'
[2015.04.01-00.57.51:440][  0]LogSlate:Warning: Failed to load font data from '../../../Engine/Content/Editor/Slate/Fonts/Roboto-Bold.ttf'
[2015.04.01-00.57.51:444][  0]LogConsoleResponse:Display: 
[2015.04.01-00.57.51:561][  0]LogCook:Display: Done creating registry. It took  0.00s.
[2015.04.01-00.57.51:706][  0]LogSourceControl: RunCommandInternalRaw: 'git version'
[2015.04.01-00.57.51:707][  0]LogSourceControl: RunCommandInternalRaw: ExecProcess ReturnCode=2 OutResults=''
[2015.04.01-00.57.51:707][  0]Cmd: MAP LOAD FILE="../../../../../../Users/utilisateur/Documents/GitHub/ProjectVR_v2/Content/FirstPerson/Maps/FirstPersonExampleMap.umap" TEMPLATE=0 SHOWPROGRESS=1 FEATURELEVEL=3
[2015.04.01-00.57.51:707][  0]LogEditorServer:Warning: Can't find file '../../../../../../Users/utilisateur/Documents/GitHub/ProjectVR_v2/Content/FirstPerson/Maps/FirstPersonExampleMap.umap'
[2015.04.01-00.57.51:707][  0]Cmd: MAP CHECKDEP
[2015.04.01-00.57.51:707][  0]MapCheck: New page: Untitled_0 - Mar 31, 2015, 4:57:51 PM
[2015.04.01-00.57.51:794][  0]MapCheck: Info Map check complete: 0 Error(s), 0 Warning(s), took 86.979ms to complete.
[2015.04.01-00.57.51:794][  0]LogFileHelpers: Loading map 'FirstPersonExampleMap' took 0.087
[2015.04.01-00.57.51:927][  0]LogCollectionManager: Loaded 0 collections in 0.001385 seconds
[2015.04.01-00.57.51:940][  0]LogContentBrowser: Native class hierarchy populated in 0.0130 seconds. Added 1700 classes and 263 folders.
[2015.04.01-00.57.51:975][  0]LogContentBrowser: Native class hierarchy updated for 'SceneOutliner' in 0.0040 seconds. Added 1 classes and 2 folders.
[2015.04.01-00.57.52:026][  0]LogCrashTracker: Crashtracker disabled due to settings.
[2015.04.01-00.57.52:027][  0]LogSlate:Warning: Failed to load font data from 'Veranda'
[2015.04.01-00.57.52:033][  0]LogUObjectGlobals:Warning: Failed to find object 'Class None.'
[2015.04.01-00.57.52:057][  0]LogLoad: Full Startup: 10.80 seconds (BP compile: 0.08 seconds)
[2015.04.01-00.57.52:091][  0]LogContentBrowser:Verbose: The content browser source was changed by the sources view to '/Game/Prototype_Room_1'
[2015.04.01-00.57.52:241][  0]LogRenderer:Warning: Reallocating scene render targets to support 1056x560 (Frame:2).
[2015.04.01-00.57.52:505][  5]LogAssetRegistry: Asset discovery search completed in 2.1438 seconds
[2015.04.01-00.57.56:977][483]LogContentBrowser:Verbose: The content browser source was changed by the sources view to '/Game/StarterContent'
[2015.04.01-00.58.00:571][905]LogContentBrowser:Verbose: The content browser source was changed by the sources view to '/Game/StarterContent/Maps'
[2015.04.01-00.58.06:859][635]LogContentBrowser:Verbose: The content browser source was changed by the sources view to '/Game/Prototype_Room_1'
[2015.04.01-00.58.10:662][  2]LogContentBrowser:Verbose: The content browser source was changed by the sources view to '/Game/StarterContent'
[2015.04.01-00.58.13:694][359]LogContentBrowser:Verbose: The content browser source was changed by the sources view to '/Game/Prototype_Room_1'
[2015.04.01-00.58.16:337][636]LogContentBrowser:Verbose: The content browser source was changed by the sources view to '/Game'
[2015.04.01-00.58.18:290][867]LogContentBrowser:Verbose: The content browser source was changed by the sources view to '/Game/Prototype_Room_1'
[2015.04.01-00.58.21:293][186]LogPlayLevel: PIE:  No blueprints needed recompiling
[2015.04.01-00.58.21:293][186]PIE: New page: PIE session: Untitled_0 (Mar 31, 2015, 4:58:21 PM)
[2015.04.01-00.58.21:295][186]LogPlayLevel: PIE: StaticDuplicateObject took: (0.000743s)
[2015.04.01-00.58.21:296][186]LogPlayLevel: PIE: World Init took: (0.000859s)
[2015.04.01-00.58.21:296][186]LogPlayLevel: PIE: Created PIE world by copying editor world from /Temp/Untitled_0.NewWorld to /Temp/UEDPIE_0_Untitled_0.NewWorld (0.001943s)
[2015.04.01-00.58.21:346][186]LogWorld: Game class is 'ProjectVR_v2GameMode'
[2015.04.01-00.58.21:349][186]LogAIModule: Creating AISystem for world NewWorld
[2015.04.01-00.58.21:350][186]LogWorld: Bringing World /Temp/UEDPIE_0_Untitled_0.NewWorld up for play (max tick rate 0) at 2015.03.31-20.58.21
[2015.04.01-00.58.21:351][186]LogWorld: Bringing up level for play took: 0.002281
[2015.04.01-00.58.21:359][186]PIE: Info Play in editor start time for /Temp/UEDPIE_0_Untitled_0 0.021
[2015.04.01-00.58.22:726][326]LogParticles: Destroying 0 GPU particle simulations for FXSystem 0x000000000DD1F240
[2015.04.01-00.58.24:869][567]LogContentBrowser:Verbose: The content browser source was changed by the sources view to '/Game/FirstPerson'
[2015.04.01-00.58.27:233][845]LogContentBrowser:Verbose: The content browser source was changed by the sources view to '/Game/StarterContent'
[2015.04.01-00.58.29:647][129]LogContentBrowser:Verbose: The content browser source was changed by the sources view to '/Game/StarterContent/Maps'
[2015.04.01-00.58.32:734][492]LogContentBrowser:Verbose: The content browser source was changed by the sources view to 'None'
[2015.04.01-00.58.33:814][595]LogContentBrowser:Verbose: The content browser source was changed by the sources view to '/Game/Prototype_Room_1'
[2015.04.01-00.58.38:362][ 51]LogContentBrowser:Verbose: The content browser source was changed by the sources view to '/Game'
[2015.04.01-00.58.39:047][131]LogContentBrowser:Verbose: The content browser source was changed by the sources view to '/Game/FirstPerson'
[2015.04.01-00.58.40:474][298]LogContentBrowser:Verbose: The content browser source was changed by the sources view to '/Game/FirstPerson/Maps'
[2015.04.01-00.58.44:236][411]LogLinker:Warning: Can't find file '/Game/ExampleContent/Audio/Physical_Materials/Concrete'
[2015.04.01-00.58.44:236][411]LogLinker:Warning: Can't find file for asset '/Game/ExampleContent/Audio/Physical_Materials/Concrete' while loading ../../../../../../Users/utilisateur/Documents/GitHub/ProjectVR_v2/Content/Prototype_Room_1/Component/Custom_Collider.uasset.
[2015.04.01-00.58.44:236][411]LoadErrors:Error: Error /Game/Prototype_Room_1/Component/Custom_Collider : Can't find file for asset. /Game/ExampleContent/Audio/Physical_Materials/Concrete
[2015.04.01-00.58.44:237][411]LogLinker:Warning: Can't find file '/Game/ExampleContent/Audio/Physical_Materials/Concrete'
[2015.04.01-00.58.44:237][411]LogLinker:Warning: Can't find file for asset '/Game/ExampleContent/Audio/Physical_Materials/Concrete' while loading ../../../../../../Users/utilisateur/Documents/GitHub/ProjectVR_v2/Content/Prototype_Room_1/Component/Custom_Collider.uasset.
[2015.04.01-00.58.44:952][411]LogLinker:Warning: Can't find file '/Game/ExampleContent/Audio/Physical_Materials/Concrete'
[2015.04.01-00.58.44:952][411]LoadErrors: Info Failed to load /Game/ExampleContent/Audio/Physical_Materials/Concrete.Concrete Referenced by BodySetup_140
[2015.04.01-00.58.44:952][411]LogLinker:Warning: Can't find file for asset '/Game/ExampleContent/Audio/Physical_Materials/Concrete' while loading NULL.
[2015.04.01-00.58.45:425][411]LogParticles:Warning: InitializeSystem called on an unregistered component. Template=/Game/StarterContent/Particles/P_Fire.P_Fire Component=/Game/FirstPerson/Maps/Prototype_Room.Prototype_Room:PersistentLevel.P_Fire_2.ParticleSystemComponent0
[2015.04.01-00.58.45:426][411]LogParticles:Warning: InitializeSystem called on an unregistered component. Template=/Game/StarterContent/Particles/P_Fire.P_Fire Component=/Game/FirstPerson/Maps/Prototype_Room.Prototype_Room:PersistentLevel.P_Fire2.ParticleSystemComponent0
[2015.04.01-00.58.45:427][411]LogParticles:Warning: InitializeSystem called on an unregistered component. Template=/Game/StarterContent/Particles/P_Fire.P_Fire Component=/Game/FirstPerson/Maps/Prototype_Room.Prototype_Room:PersistentLevel.P_Fire3.ParticleSystemComponent0
[2015.04.01-00.58.45:427][411]LogParticles:Warning: InitializeSystem called on an unregistered component. Template=/Game/StarterContent/Particles/P_Fire.P_Fire Component=/Game/FirstPerson/Maps/Prototype_Room.Prototype_Room:PersistentLevel.P_Fire4.ParticleSystemComponent0
[2015.04.01-00.58.45:502][411]Cmd: MAP LOAD FILE="../../../../../../Users/utilisateur/Documents/GitHub/ProjectVR_v2/Content/FirstPerson/Maps/Prototype_Room.umap" TEMPLATE=0 SHOWPROGRESS=1 FEATURELEVEL=3
[2015.04.01-00.58.45:502][411]LightingResults: New page: Lighting Build
[2015.04.01-00.58.45:517][411]LogContentBrowser: Native class hierarchy updated for 'StatsViewer' in 0.0040 seconds. Added 5 classes and 0 folders.
[2015.04.01-00.58.45:544][411]LoadErrors: New page: Loading map: Prototype_Room.umap
[2015.04.01-00.58.45:545][411]MapCheck: New page: Map Check
[2015.04.01-00.58.45:545][411]LightingResults: New page: Lighting Build
[2015.04.01-00.58.45:569][411]LogParticles: Destroying 0 GPU particle simulations for FXSystem 0x0000000016C4F380
[2015.04.01-00.58.45:610][411]LogEditorServer: Finished looking for orphan Actors (0.000 secs)
[2015.04.01-00.58.45:613][411]LogAIModule: Creating AISystem for world Prototype_Room
[2015.04.01-00.58.45:654][411]Cmd: MAP CHECKDEP
[2015.04.01-00.58.45:654][411]MapCheck: New page: Prototype_Room - Mar 31, 2015, 4:58:45 PM
[2015.04.01-00.58.45:797][411]MapCheck: Info Map check complete: 0 Error(s), 0 Warning(s), took 142.635ms to complete.
[2015.04.01-00.58.45:800][411]LogFileHelpers: Loading map 'Prototype_Room' took 0.300
[2015.04.01-00.58.56:018][882]Cmd: QUIT_EDITOR
[2015.04.01-00.58.56:253][882]LogExit: Preparing to exit.
[2015.04.01-00.58.57:096][882]LogExit: Editor shut down
[2015.04.01-00.58.57:096][882]LogExit: Transaction tracking system shut down
[2015.04.01-00.58.57:097][882]LogParticles: Destroying 0 GPU particle simulations for FXSystem 0x000000000DD1CEA0
[2015.04.01-00.58.57:098][882]LogParticles: Destroying 0 GPU particle simulations for FXSystem 0x000000001AF69760
[2015.04.01-00.58.57:099][882]LogParticles: Destroying 0 GPU particle simulations for FXSystem 0x0000000021866020
[2015.04.01-00.58.57:152][882]LogExit: Object subsystem successfully closed.
[2015.04.01-00.58.57:198][882]LogModuleManager: Shutting down and abandoning module StatsViewer (178)
[2015.04.01-00.58.57:198][882]LogModuleManager: Shutting down and abandoning module CrashTracker (177)
[2015.04.01-00.58.57:198][882]LogModuleManager: Shutting down and abandoning module SuperSearch (176)
[2015.04.01-00.58.57:198][882]LogModuleManager: Shutting down and abandoning module SceneOutliner (175)
[2015.04.01-00.58.57:198][882]LogModuleManager: Shutting down and abandoning module EditorWidgets (174)
[2015.04.01-00.58.57:198][882]LogModuleManager: Shutting down and abandoning module CollectionManager (173)
[2015.04.01-00.58.57:198][882]LogModuleManager: Shutting down and abandoning module FoliageEdit (172)
[2015.04.01-00.58.57:198][882]LogModuleManager: Shutting down and abandoning module LandscapeEditor (171)
[2015.04.01-00.58.57:199][882]LogModuleManager: Shutting down and abandoning module MeshPaint (170)
[2015.04.01-00.58.57:199][882]LogModuleManager: Shutting down and abandoning module ActorPickerMode (169)
[2015.04.01-00.58.57:199][882]LogModuleManager: Shutting down and abandoning module GeometryMode (168)
[2015.04.01-00.58.57:199][882]LogModuleManager: Shutting down and abandoning module TextureAlignMode (167)
[2015.04.01-00.58.57:199][882]LogModuleManager: Shutting down and abandoning module BspMode (166)
[2015.04.01-00.58.57:199][882]LogModuleManager: Shutting down and abandoning module PlacementMode (165)
[2015.04.01-00.58.57:199][882]LogModuleManager: Shutting down and abandoning module AutomationWorker (164)
[2015.04.01-00.58.57:199][882]LogModuleManager: Shutting down and abandoning module CharacterAI (163)
[2015.04.01-00.58.57:199][882]LogModuleManager: Shutting down and abandoning module SmartSnapping (162)
[2015.04.01-00.58.57:199][882]LogModuleManager: Shutting down and abandoning module ViewportSnapping (161)
[2015.04.01-00.58.57:199][882]LogModuleManager: Shutting down and abandoning module LogVisualizer (160)
[2015.04.01-00.58.57:199][882]LogModuleManager: Shutting down and abandoning module GameProjectGeneration (159)
[2015.04.01-00.58.57:199][882]LogModuleManager: Shutting down and abandoning module IntroTutorials (158)
[2015.04.01-00.58.57:199][882]LogModuleManager: Shutting down and abandoning module EditorLiveStreaming (157)
[2015.04.01-00.58.57:199][882]LogModuleManager: Shutting down and abandoning module HardwareTargeting (156)
[2015.04.01-00.58.57:199][882]LogModuleManager: Shutting down and abandoning module DeviceProfileEditor (155)
[2015.04.01-00.58.57:199][882]LogModuleManager: Shutting down and abandoning module UndoHistory (154)
[2015.04.01-00.58.57:199][882]LogModuleManager: Shutting down and abandoning module GameplayTagsEditor (153)
[2015.04.01-00.58.57:199][882]LogModuleManager: Shutting down and abandoning module UserFeedback (152)
[2015.04.01-00.58.57:199][882]LogModuleManager: Shutting down and abandoning module XmlParser (151)
[2015.04.01-00.58.57:199][882]LogModuleManager: Shutting down and abandoning module Blutility (150)
[2015.04.01-00.58.57:199][882]LogModuleManager: Shutting down and abandoning module IOSPlatformEditor (149)
[2015.04.01-00.58.57:199][882]LogModuleManager: Shutting down and abandoning module IOSRuntimeSettings (148)
[2015.04.01-00.58.57:199][882]LogModuleManager: Shutting down and abandoning module AndroidDeviceDetection (147)
[2015.04.01-00.58.57:285][882]LogModuleManager: Shutting down and abandoning module AndroidPlatformEditor (146)
[2015.04.01-00.58.57:285][882]LogModuleManager: Shutting down and abandoning module AndroidRuntimeSettings (145)
[2015.04.01-00.58.57:285][882]LogModuleManager: Shutting down and abandoning module ProjectTargetPlatformEditor (144)
[2015.04.01-00.58.57:285][882]LogModuleManager: Shutting down and abandoning module ProjectSettingsViewer (143)
[2015.04.01-00.58.57:285][882]LogModuleManager: Shutting down and abandoning module InputBindingEditor (142)
[2015.04.01-00.58.57:285][882]LogModuleManager: Shutting down and abandoning module EditorSettingsViewer (141)
[2015.04.01-00.58.57:286][882]LogModuleManager: Shutting down and abandoning module SettingsEditor (140)
[2015.04.01-00.58.57:286][882]LogModuleManager: Shutting down and abandoning module ProjectLauncher (139)
[2015.04.01-00.58.57:286][882]LogModuleManager: Shutting down and abandoning module SessionFrontend (138)
[2015.04.01-00.58.57:286][882]LogModuleManager: Shutting down and abandoning module ProfilerClient (137)
[2015.04.01-00.58.57:286][882]LogModuleManager: Shutting down and abandoning module TargetDeviceServices (136)
[2015.04.01-00.58.57:286][882]LogModuleManager: Shutting down and abandoning module DeviceManager (135)
[2015.04.01-00.58.57:286][882]LogModuleManager: Shutting down and abandoning module AutomationController (134)
[2015.04.01-00.58.57:286][882]LogModuleManager: Shutting down and abandoning module AutomationWindow (133)
[2015.04.01-00.58.57:286][882]LogModuleManager: Shutting down and abandoning module Layers (132)
[2015.04.01-00.58.57:286][882]LogModuleManager: Shutting down and abandoning module ComponentVisualizers (131)
[2015.04.01-00.58.57:286][882]LogModuleManager: Shutting down and abandoning module DetailCustomizations (130)
[2015.04.01-00.58.57:286][882]LogModuleManager: Shutting down and abandoning module PackagesDialog (129)
[2015.04.01-00.58.57:287][882]LogModuleManager: Shutting down and abandoning module AssetRegistry (128)
[2015.04.01-00.58.57:385][882]LogModuleManager: Shutting down and abandoning module Persona (127)
[2015.04.01-00.58.57:385][882]LogModuleManager: Shutting down and abandoning module SlateReflector (126)
[2015.04.01-00.58.57:385][882]LogModuleManager: Shutting down and abandoning module LevelEditor (125)
[2015.04.01-00.58.57:387][882]LogModuleManager: Shutting down and abandoning module Kismet (124)
[2015.04.01-00.58.57:387][882]LogModuleManager: Shutting down and abandoning module GraphEditor (123)
[2015.04.01-00.58.57:387][882]LogModuleManager: Shutting down and abandoning module ClassViewer (122)
[2015.04.01-00.58.57:387][882]LogModuleManager: Shutting down and abandoning module Toolbox (121)
[2015.04.01-00.58.57:387][882]LogModuleManager: Shutting down and abandoning module ModuleUI (120)
[2015.04.01-00.58.57:387][882]LogModuleManager: Shutting down and abandoning module MovieSceneTools (119)
[2015.04.01-00.58.57:387][882]LogModuleManager: Shutting down and abandoning module OutputLog (118)
[2015.04.01-00.58.57:387][882]LogModuleManager: Shutting down and abandoning module GammaUI (117)
[2015.04.01-00.58.57:387][882]LogModuleManager: Shutting down and abandoning module Documentation (116)
[2015.04.01-00.58.57:387][882]LogModuleManager: Shutting down and abandoning module GameLiveStreaming (115)
[2015.04.01-00.58.57:388][882]LogModuleManager: Shutting down and abandoning module StreamingPauseRendering (114)
[2015.04.01-00.58.57:388][882]LogModuleManager: Shutting down and abandoning module HTTP (113)
[2015.04.01-00.58.57:388][882]LogModuleManager: Shutting down and abandoning module AnalyticsET (112)
[2015.04.01-00.58.57:388][882]LogModuleManager: Shutting down and abandoning module Analytics (111)
[2015.04.01-00.58.57:388][882]LogModuleManager: Shutting down and abandoning module AITestSuite (110)
[2015.04.01-00.58.57:388][882]LogModuleManager: Shutting down and abandoning module GameplayDebugger (109)
[2015.04.01-00.58.57:388][882]LogModuleManager: Shutting down and abandoning module AIModule (108)
[2015.04.01-00.58.57:388][882]LogModuleManager: Shutting down and abandoning module ProfilerService (107)
[2015.04.01-00.58.57:503][882]LogModuleManager: Shutting down and abandoning module TaskGraph (106)
[2015.04.01-00.58.57:503][882]LogModuleManager: Shutting down and abandoning module SlateRemote (105)
[2015.04.01-00.58.57:503][882]LogModuleManager: Shutting down and abandoning module ScriptEditorPlugin (104)
[2015.04.01-00.58.57:503][882]LogModuleManager: Shutting down and abandoning module CustomMeshComponent (103)
[2015.04.01-00.58.57:503][882]LogModuleManager: Shutting down and abandoning module CableComponent (102)
[2015.04.01-00.58.57:503][882]LogModuleManager: Shutting down and abandoning module MessagingDebugger (101)
[2015.04.01-00.58.57:503][882]LogModuleManager: Shutting down and abandoning module MediaPlayerEditor (100)
[2015.04.01-00.58.57:503][882]LogModuleManager: Shutting down and abandoning module SpeedTreeImporter (99)
[2015.04.01-00.58.57:503][882]LogModuleManager: Shutting down and abandoning module PluginsEditor (98)
[2015.04.01-00.58.57:503][882]LogModuleManager: Shutting down and abandoning module MainFrame (97)
[2015.04.01-00.58.57:503][882]LogModuleManager: Shutting down and abandoning module EpicSurvey (96)
[2015.04.01-00.58.57:503][882]LogModuleManager: Shutting down and abandoning module DesktopPlatform (95)
[2015.04.01-00.58.57:503][882]LogModuleManager: Shutting down and abandoning module DirectoryWatcher (94)
[2015.04.01-00.58.57:503][882]LogModuleManager: Shutting down and abandoning module HotReload (93)
[2015.04.01-00.58.57:503][882]LogModuleManager: Shutting down and abandoning module VisualStudioSourceCodeAccess (92)
[2015.04.01-00.58.57:503][882]LogModuleManager: Shutting down and abandoning module UObjectPlugin (91)
[2015.04.01-00.58.57:503][882]LogModuleManager: Shutting down and abandoning module SubversionSourceControl (90)
[2015.04.01-00.58.57:503][882]LogModuleManager: Shutting down and abandoning module PerforceSourceControl (89)
[2015.04.01-00.58.57:503][882]LogModuleManager: Shutting down and abandoning module SourceControl (88)
[2015.04.01-00.58.57:503][882]LogModuleManager: Shutting down and abandoning module GitSourceControl (87)
[2015.04.01-00.58.57:503][882]LogModuleManager: Shutting down and abandoning module BlankPlugin (86)
[2015.04.01-00.58.57:503][882]LogModuleManager: Shutting down and abandoning module PaperTiledImporter (85)
[2015.04.01-00.58.57:503][882]LogModuleManager: Shutting down and abandoning module PaperJsonImporter (84)
[2015.04.01-00.58.57:503][882]LogModuleManager: Shutting down and abandoning module ContentBrowser (83)
[2015.04.01-00.58.57:504][882]LogModuleManager: Shutting down and abandoning module Paper2DEditor (82)
[2015.04.01-00.58.57:504][882]LogModuleManager: Shutting down and abandoning module ProjectVR_v2 (81)
[2015.04.01-00.58.57:504][882]LogModuleManager: Shutting down and abandoning module ScriptPlugin (80)
[2015.04.01-00.58.57:504][882]LogModuleManager: Shutting down and abandoning module UdpMessaging (79)
[2015.04.01-00.58.57:604][882]LogModuleManager: Shutting down and abandoning module Paper2D (78)
[2015.04.01-00.58.57:604][882]LogModuleManager: Shutting down and abandoning module WindowsMoviePlayer (77)
[2015.04.01-00.58.57:609][882]LogModuleManager: Shutting down and abandoning module Media (76)
[2015.04.01-00.58.57:609][882]LogModuleManager: Shutting down and abandoning module WmfMedia (75)
[2015.04.01-00.58.57:610][882]LogModuleManager: Shutting down and abandoning module OnlineBlueprintSupport (74)
[2015.04.01-00.58.57:610][882]LogModuleManager: Shutting down and abandoning module PropertyEditor (73)
[2015.04.01-00.58.57:610][882]LogModuleManager: Shutting down and abandoning module BehaviorTreeEditor (72)
[2015.04.01-00.58.57:610][882]LogModuleManager: Shutting down and abandoning module FunctionalTesting (71)
[2015.04.01-00.58.57:610][882]LogModuleManager: Shutting down and abandoning module CollisionAnalyzer (70)
[2015.04.01-00.58.57:610][882]LogModuleManager: Shutting down and abandoning module WorkspaceMenuStructure (69)
[2015.04.01-00.58.57:610][882]LogModuleManager: Shutting down and abandoning module MessageLog (68)
[2015.04.01-00.58.57:610][882]LogModuleManager: Shutting down and abandoning module Sequencer (67)
[2015.04.01-00.58.57:610][882]LogModuleManager: Shutting down and abandoning module AssetTools (66)
[2015.04.01-00.58.57:610][882]LogModuleManager: Shutting down and abandoning module UMGEditor (65)
[2015.04.01-00.58.57:610][882]LogModuleManager: Shutting down and abandoning module UMG (64)
[2015.04.01-00.58.57:610][882]LogModuleManager: Shutting down and abandoning module Slate (63)
[2015.04.01-00.58.57:610][882]LogModuleManager: Shutting down and abandoning module EditorStyle (62)
[2015.04.01-00.58.57:615][882]LogModuleManager: Shutting down and abandoning module SessionServices (61)
[2015.04.01-00.58.57:615][882]LogModuleManager: Shutting down and abandoning module SourceCodeAccess (60)
[2015.04.01-00.58.57:615][882]LogModuleManager: Shutting down and abandoning module HeadMountedDisplay (59)
[2015.04.01-00.58.57:615][882]LogModuleManager: Shutting down and abandoning module XAudio2 (58)
[2015.04.01-00.58.57:615][882]LogModuleManager: Shutting down and abandoning module Networking (56)
[2015.04.01-00.58.57:615][882]LogModuleManager: Shutting down and abandoning module Core (55)
[2015.04.01-00.58.57:615][882]LogModuleManager: Shutting down and abandoning module KismetCompiler (54)
[2015.04.01-00.58.57:615][882]LogModuleManager: Shutting down and abandoning module PhysXFormats (53)
[2015.04.01-00.58.57:615][882]LogModuleManager: Shutting down and abandoning module MeshUtilities (52)
[2015.04.01-00.58.57:616][882]LogModuleManager: Shutting down and abandoning module DerivedDataCache (51)
[2015.04.01-00.58.57:951][882]LogDerivedDataCache: Shutdown
[2015.04.01-00.58.57:951][882]LogModuleManager: Shutting down and abandoning module ShaderFormatOpenGL (50)
[2015.04.01-00.58.57:951][882]LogModuleManager: Shutting down and abandoning module ShaderFormatD3D (49)
[2015.04.01-00.58.57:951][882]LogModuleManager: Shutting down and abandoning module MetalShaderFormat (48)
[2015.04.01-00.58.57:951][882]LogModuleManager: Shutting down and abandoning module TextureFormatUncompressed (47)
[2015.04.01-00.58.57:951][882]LogModuleManager: Shutting down and abandoning module TextureFormatPVR (46)
[2015.04.01-00.58.57:951][882]LogModuleManager: Shutting down and abandoning module TextureFormatIntelISPCTexComp (45)
[2015.04.01-00.58.57:951][882]LogModuleManager: Shutting down and abandoning module TextureFormatDXT (44)
[2015.04.01-00.58.57:951][882]LogModuleManager: Shutting down and abandoning module ImageWrapper (43)
[2015.04.01-00.58.57:951][882]LogModuleManager: Shutting down and abandoning module TextureFormatASTC (42)
[2015.04.01-00.58.57:951][882]LogModuleManager: Shutting down and abandoning module TextureFormatAndroid (41)
[2015.04.01-00.58.57:951][882]LogModuleManager: Shutting down and abandoning module AudioFormatOpus (40)
[2015.04.01-00.58.57:951][882]LogModuleManager: Shutting down and abandoning module AudioFormatOgg (39)
[2015.04.01-00.58.57:952][882]LogModuleManager: Shutting down and abandoning module AudioFormatADPCM (38)
[2015.04.01-00.58.57:952][882]LogModuleManager: Shutting down and abandoning module LinuxTargetPlatform (37)
[2015.04.01-00.58.57:952][882]LogModuleManager: Shutting down and abandoning module LinuxServerTargetPlatform (36)
[2015.04.01-00.58.57:952][882]LogModuleManager: Shutting down and abandoning module LinuxNoEditorTargetPlatform (35)
[2015.04.01-00.58.57:952][882]LogModuleManager: Shutting down and abandoning module Messaging (34)
[2015.04.01-00.58.57:952][882]LogModuleManager: Shutting down and abandoning module IOSTargetPlatform (33)
[2015.04.01-00.58.57:952][882]LogModuleManager: Shutting down and abandoning module HTML5TargetPlatform (32)
[2015.04.01-00.58.57:952][882]LogModuleManager: Shutting down and abandoning module Android_PVRTCTargetPlatform (31)
[2015.04.01-00.58.57:952][882]LogModuleManager: Shutting down and abandoning module Android_ETC2TargetPlatform (30)
[2015.04.01-00.58.57:952][882]LogModuleManager: Shutting down and abandoning module Android_ETC1TargetPlatform (29)
[2015.04.01-00.58.57:952][882]LogModuleManager: Shutting down and abandoning module Android_ES31TargetPlatform (28)
[2015.04.01-00.58.57:952][882]LogModuleManager: Shutting down and abandoning module Android_DXTTargetPlatform (27)
[2015.04.01-00.58.57:952][882]LogModuleManager: Shutting down and abandoning module Android_ATCTargetPlatform (26)
[2015.04.01-00.58.57:952][882]LogModuleManager: Shutting down and abandoning module AndroidTargetPlatform (25)
[2015.04.01-00.58.57:952][882]LogModuleManager: Shutting down and abandoning module WindowsTargetPlatform (24)
[2015.04.01-00.58.57:952][882]LogModuleManager: Shutting down and abandoning module WindowsServerTargetPlatform (23)
[2015.04.01-00.58.57:952][882]LogModuleManager: Shutting down and abandoning module WindowsNoEditorTargetPlatform (22)
[2015.04.01-00.58.57:952][882]LogModuleManager: Shutting down and abandoning module WindowsClientTargetPlatform (21)
[2015.04.01-00.58.57:952][882]LogModuleManager: Shutting down and abandoning module TargetPlatform (20)
[2015.04.01-00.58.57:952][882]LogModuleManager: Shutting down and abandoning module InputCore (19)
[2015.04.01-00.58.57:952][882]LogModuleManager: Shutting down and abandoning module Settings (18)
[2015.04.01-00.58.57:952][882]LogModuleManager: Shutting down and abandoning module OnlineSubsystem (16)
[2015.04.01-00.58.57:952][882]LogModuleManager: Shutting down and abandoning module OculusRift (15)
[2015.04.01-00.58.57:952][882]LogModuleManager: Shutting down and abandoning module ExampleDeviceProfileSelector (14)
[2015.04.01-00.58.57:952][882]LogModuleManager: Shutting down and abandoning module TextureCompressor (13)
[2015.04.01-00.58.57:952][882]LogModuleManager: Shutting down and abandoning module ShaderCore (12)
[2015.04.01-00.58.57:952][882]LogModuleManager: Shutting down and abandoning module Landscape (11)
[2015.04.01-00.58.57:952][882]LogModuleManager: Shutting down and abandoning module SlateRHIRenderer (10)
[2015.04.01-00.58.57:953][882]LogModuleManager: Shutting down and abandoning module OpenGLDrv (9)
[2015.04.01-00.58.57:953][882]LogModuleManager: Shutting down and abandoning module D3D11RHI (8)
[2015.04.01-00.58.57:953][882]LogModuleManager: Shutting down and abandoning module Renderer (7)
[2015.04.01-00.58.57:953][882]LogModuleManager: Shutting down and abandoning module Engine (6)
[2015.04.01-00.58.57:953][882]LogModuleManager: Shutting down and abandoning module CoreUObject (5)
[2015.04.01-00.58.57:953][882]LogModuleManager: Shutting down and abandoning module NetworkFile (4)
[2015.04.01-00.58.57:953][882]LogModuleManager: Shutting down and abandoning module StreamingFile (3)
[2015.04.01-00.58.57:953][882]LogModuleManager: Shutting down and abandoning module SandboxFile (2)
[2015.04.01-00.58.57:953][882]LogModuleManager: Shutting down and abandoning module PakFile (1)
[2015.04.01-00.58.57:954][882]LogExit: Exiting.
[2015.04.01-00.58.57:960][882]Log file closed, 03/31/15 20:58:57
