Log file open, 04/03/15 19:16:50
LogInit:Display: Running engine for game: ProjectVR_v2
LogInit: Version: 4.7.4-2497108+++depot+UE4-Releases+4.7
LogInit: API Version: 2455222
LogInit: Compiled (64-bit): Mar 31 2015 09:40:25
LogInit: Compiled with Visual C++: 18.00.21005.01
LogInit: Build Configuration: Development
LogInit: Branch Name: ++depot+UE4-Releases+4.7
LogInit: Command line: 
LogInit: Base directory: C:/Program Files/Epic Games/4.7/Engine/Binaries/Win64/
LogInit: Rocket: 1
[2015.04.03-23.16.50:791][  0]LogTaskGraph: Started task graph with 3 named threads and 6 total threads.
[2015.04.03-23.16.50:842][  0]LogOnline:Warning: No default platform service specified for OnlineSubsystem
[2015.04.03-23.16.50:854][  0]LogInit: Presizing for 0 objects not considered by GC, pre-allocating 0 bytes.
[2015.04.03-23.16.50:863][  0]LogInit: Object subsystem initialized
[2015.04.03-23.16.50:865][  0]LogConsoleResponse:Warning: Skipping Unknown console variable: 'TranslucentSortAxis = (X=0.000000,Y=-1.000000,Z=0.000000)'
[2015.04.03-23.16.50:865][  0]LogConsoleResponse:Warning:   Found in ini file 'C:/Users/utilisateur/Documents/GitHub/ProjectVR_v2/Saved/Config/Windows/Engine.ini', in section '[/Script/Engine.RendererSettings]'
[2015.04.03-23.16.50:865][  0]LogConsoleResponse:Warning: Skipping Unknown console variable: 'UIScaleRule = ShortestSide'
[2015.04.03-23.16.50:865][  0]LogConsoleResponse:Warning:   Found in ini file 'C:/Users/utilisateur/Documents/GitHub/ProjectVR_v2/Saved/Config/Windows/Engine.ini', in section '[/Script/Engine.RendererSettings]'
[2015.04.03-23.16.50:865][  0]LogConsoleResponse:Warning: Skipping Unknown console variable: 'UIScaleCurve = (EditorCurveData=(Keys=),ExternalCurve=None)'
[2015.04.03-23.16.50:865][  0]LogConsoleResponse:Warning:   Found in ini file 'C:/Users/utilisateur/Documents/GitHub/ProjectVR_v2/Saved/Config/Windows/Engine.ini', in section '[/Script/Engine.RendererSettings]'
[2015.04.03-23.16.50:866][  0]LogInit: Selected Device Profile: [Windows]
[2015.04.03-23.16.50:866][  0]LogInit: Applying CVar settings loaded from the selected device profile: [Windows]
[2015.04.03-23.16.50:874][  0]LogInit: Computer: DIM-P46390-JV2
[2015.04.03-23.16.50:874][  0]LogInit: User: utilisateur
[2015.04.03-23.16.50:874][  0]LogInit: CPU Page size=4096, Cores=4
[2015.04.03-23.16.50:874][  0]LogInit: High frequency timer resolution =3.604648 MHz
[2015.04.03-23.16.50:874][  0]LogMemory: Memory total: Physical=7.9GB (8GB approx) Virtual=8192.0GB
[2015.04.03-23.16.50:874][  0]LogMemory: Platform Memory Stats for Windows
[2015.04.03-23.16.50:874][  0]LogMemory: Process Physical Memory: 49.20 MB used, 49.20 MB peak
[2015.04.03-23.16.50:874][  0]LogMemory: Process Virtual Memory: 28.89 MB used, 28.90 MB peak
[2015.04.03-23.16.50:874][  0]LogMemory: Physical Memory: 3894.06 MB used, 8136.17 MB total
[2015.04.03-23.16.50:874][  0]LogMemory: Virtual Memory: 282.54 MB used, 8388608.00 MB total
[2015.04.03-23.16.50:899][  0]LogD3D11RHI: Found D3D11 adapter 0: NVIDIA GeForce GTX 770 (Feature Level 11_0)
[2015.04.03-23.16.50:899][  0]LogD3D11RHI: Adapter has 1990MB of dedicated video memory, 0MB of dedicated system memory, and 2048MB of shared system memory, 2 output[s]
[2015.04.03-23.16.50:899][  0]LogD3D11RHI: Chosen D3D11 Adapter Id = 0
[2015.04.03-23.16.50:903][  0]LogRHI: Texture pool is 1361 MB (70% of 1945 MB)
[2015.04.03-23.16.50:910][  0]LogD3D11RHI: Async texture creation enabled
[2015.04.03-23.16.50:960][  0]LogTextLocalizationManager: The requested culture ('fr_CA') has no localization data; falling back to 'en' for localization and internationalization data.
[2015.04.03-23.16.51:038][  0]LogTextLocalizationManager:Warning: Loading localization resources contain conflicting entries for (Namespace:UICommands, Key:Save_ToolTip):
Resource: (C:/Program Files/Epic Games/4.7/Engine/Content/Localization/Editor/en/Editor.locres) Hash: (-29098895) String: (Saves the current level to disk)
Resource: (C:/Program Files/Epic Games/4.7/Engine/Content/Localization/Engine/en/Engine.locres) Hash: (-1280300587) String: (Save selected data to vlog file)
[2015.04.03-23.16.51:038][  0]LogTextLocalizationManager:Warning: Loading localization resources contain conflicting entries for (Namespace:ContentBrowser, Key:ImportAssetToolTip):
Resource: (C:/Program Files/Epic Games/4.7/Engine/Content/Localization/Editor/en/Editor.locres) Hash: (-630476809) String: (Import to {0}...)
Resource: (C:/Program Files/Epic Games/4.7/Engine/Content/Localization/Editor/en/Editor.locres) Hash: (1271782899) String: (Imports an asset from file to this folder.)
[2015.04.03-23.16.51:119][  0]LogContentStreaming: Texture pool size is 0.000000MB
[2015.04.03-23.16.53:351][  0]LogTargetPlatformManager:Display: Building Assets For Windows
[2015.04.03-23.16.53:874][  0]LogTargetPlatformManager:Display: Building Assets For Windows
[2015.04.03-23.16.53:930][  0]LogDerivedDataCache:Display: Max Cache Size: 512 MB
[2015.04.03-23.16.53:979][  0]LogDerivedDataCache: Loaded boot cache 0.05s 40MB C:/Users/utilisateur/AppData/Local/UnrealEngine/4.7/DerivedDataCache/Boot.ddc.
[2015.04.03-23.16.53:979][  0]LogDerivedDataCache:Display: Loaded Boot cache: C:/Users/utilisateur/AppData/Local/UnrealEngine/4.7/DerivedDataCache/Boot.ddc
[2015.04.03-23.16.53:979][  0]LogDerivedDataCache: FDerivedDataBackendGraph:  Pak pak cache file ../../../../../../Users/utilisateur/Documents/GitHub/ProjectVR_v2/DerivedDataCache/DDC.ddp not found, will not use a pak cache.
[2015.04.03-23.16.53:979][  0]LogDerivedDataCache: Unable to find inner node Pak for hierarchical cache Hierarchy.
[2015.04.03-23.16.54:096][  0]LogDerivedDataCache:Display: Pak cache opened for reading ../../../Engine/DerivedDataCache/Compressed.ddp.
[2015.04.03-23.16.54:108][  0]LogDerivedDataCache: Using Local data cache path C:/Users/utilisateur/AppData/Local/UnrealEngine/Common/DerivedDataCache: Writable
[2015.04.03-23.16.54:448][  0]LogMeshUtilities: No automatic mesh reduction module available
[2015.04.03-23.16.54:448][  0]LogMeshUtilities: No automatic mesh merging module available
[2015.04.03-23.16.54:833][  0]LogInit: WinSock: version 1.1 (2.2), MaxSocks=32767, MaxUdp=65467
[2015.04.03-23.16.54:921][  0]LogSlate:Warning: Failed to load font data from '../../../Engine/Content/Slate/Fonts/Roboto-Italic.ttf'
[2015.04.03-23.16.55:776][  0]UdpMessaging: Initializing bridge on interface 0.0.0.0:0 to multicast group 230.0.0.1:6666.
[2015.04.03-23.16.55:851][  0]LogLinker:Warning: Asset '../../../Engine/Content/EngineMeshes/Humanoid.uasset' has been saved with empty engine version. The asset will be loaded but may be incompatible.
[2015.04.03-23.16.56:270][  0]SourceControl: Info Source control is disabled
[2015.04.03-23.16.56:270][  0]SourceControl: Info Source control is disabled
[2015.04.03-23.16.56:270][  0]SourceControl: Info Source control is disabled
[2015.04.03-23.16.56:278][  0]LogSourceControl: RunCommandInternalRaw: 'git version'
[2015.04.03-23.16.56:278][  0]LogSourceControl: RunCommandInternalRaw: ExecProcess ReturnCode=2 OutResults=''
[2015.04.03-23.16.56:477][  0]LogObj: 29826 objects as part of root set at end of initial load.
[2015.04.03-23.16.56:477][  0]LogUObjectAllocator: 7138888 out of 0 bytes used by permanent object pool.
[2015.04.03-23.16.56:590][  0]LogEngine: Initializing Engine...
[2015.04.03-23.16.58:787][  0]LogInit: XAudio2 using 'Haut-parleurs (Périphérique High Definition Audio)' : 2 channels at 44.1 kHz using 16 bits per sample (channel mask 0x3)
[2015.04.03-23.16.58:812][  0]LogInit: FAudioDevice initialized.
[2015.04.03-23.16.58:851][  0]LogAIModule: Creating AISystem for world NewWorld
[2015.04.03-23.16.58:880][  0]LogDerivedDataCache: Saved boot cache 0.03s 40MB C:/Users/utilisateur/AppData/Local/UnrealEngine/4.7/DerivedDataCache/Boot.ddc.
[2015.04.03-23.16.58:883][  0]LogInit: Texture streaming: Enabled
[2015.04.03-23.16.58:967][  0]LogAnalytics: Creating configured Analytics provider AnalyticsET
[2015.04.03-23.16.58:967][  0]LogAnalytics: ET APIKey = Rocket.Release. APIServer = http://et2.epicgames.com/ET2/. AppVersion = 4.7.4-2497108+++depot+UE4-Releases+4.7
[2015.04.03-23.16.58:967][  0]LogAnalytics: ET APIKey = Rocket.Release. DataRouterUploadURL = https://datarouter-public-service-gamedev.ol.epicgames.net/datarouter/api/v1/public/data. AppVersion = 4.7.4-2497108+++depot+UE4-Releases+4.7
[2015.04.03-23.16.58:968][  0]LogAnalytics: SetUserId a6792b8a474cfe1903fd3ca4420e5a6c|2e7f10ecc5c44ed09099a5c3737e7b6f|e606fcdb-fe4e-45b8-97d5-5efdb04afdd0
[2015.04.03-23.16.58:968][  0]LogAnalytics: AnalyticsET::StartSession [Rocket.Release]
[2015.04.03-23.16.58:987][  0]LogInit: Transaction tracking system initialized
[2015.04.03-23.16.59:152][  0]BlueprintLog: New page: Editor Load
[2015.04.03-23.16.59:186][  0]LogAssetRegistry: FAssetRegistry took 0.0100 seconds to start up
[2015.04.03-23.16.59:186][  0]LogDirectoryWatcher:Warning: Failed to begin reading directory changes for ../../../Engine/Plugins/Experimental/CharacterAI/Content/. Error: 0
[2015.04.03-23.16.59:700][  0]LogTargetPlatformManager:Display: Building Assets For Windows
[2015.04.03-23.17.00:072][  0]LogTargetPlatformManager:Display: Building Assets For Windows
[2015.04.03-23.17.00:365][  0]LogSlate:Warning: Failed to load font data from '../../../Engine/Content/Editor/Slate/Fonts/Roboto-Regular.ttf'
[2015.04.03-23.17.00:366][  0]LogSlate:Warning: Failed to load font data from '../../../Engine/Content/Editor/Slate/Fonts/Roboto-Bold.ttf'
[2015.04.03-23.17.00:370][  0]LogConsoleResponse:Display: 
[2015.04.03-23.17.00:486][  0]LogCook:Display: Done creating registry. It took  0.00s.
[2015.04.03-23.17.00:626][  0]LogSourceControl: RunCommandInternalRaw: 'git version'
[2015.04.03-23.17.00:626][  0]LogSourceControl: RunCommandInternalRaw: ExecProcess ReturnCode=2 OutResults=''
[2015.04.03-23.17.00:627][  0]Cmd: MAP LOAD FILE="../../../../../../Users/utilisateur/Documents/GitHub/ProjectVR_v2/Content/FirstPerson/Maps/FirstPersonExampleMap.umap" TEMPLATE=0 SHOWPROGRESS=1 FEATURELEVEL=3
[2015.04.03-23.17.00:627][  0]LogEditorServer:Warning: Can't find file '../../../../../../Users/utilisateur/Documents/GitHub/ProjectVR_v2/Content/FirstPerson/Maps/FirstPersonExampleMap.umap'
[2015.04.03-23.17.00:627][  0]Cmd: MAP CHECKDEP
[2015.04.03-23.17.00:627][  0]MapCheck: New page: Untitled_0 - Apr 3, 2015, 3:17:00 PM
[2015.04.03-23.17.00:730][  0]MapCheck: Info Map check complete: 0 Error(s), 0 Warning(s), took 102.176ms to complete.
[2015.04.03-23.17.00:730][  0]LogFileHelpers: Loading map 'FirstPersonExampleMap' took 0.103
[2015.04.03-23.17.00:937][  0]LogCollectionManager: Loaded 0 collections in 0.001400 seconds
[2015.04.03-23.17.00:954][  0]LogContentBrowser: Native class hierarchy populated in 0.0164 seconds. Added 1700 classes and 263 folders.
[2015.04.03-23.17.00:991][  0]LogContentBrowser: Native class hierarchy updated for 'SceneOutliner' in 0.0040 seconds. Added 1 classes and 2 folders.
[2015.04.03-23.17.01:034][  0]LogCrashTracker: Crashtracker disabled due to settings.
[2015.04.03-23.17.01:035][  0]LogSlate:Warning: Failed to load font data from 'Veranda'
[2015.04.03-23.17.01:045][  0]LogUObjectGlobals:Warning: Failed to find object 'Class None.'
[2015.04.03-23.17.01:073][  0]LogLoad: Full Startup: 11.18 seconds (BP compile: 0.07 seconds)
[2015.04.03-23.17.01:117][  0]LogContentBrowser:Verbose: The content browser source was changed by the sources view to '/Game/FirstPerson/Maps'
[2015.04.03-23.17.01:283][  0]LogRenderer:Warning: Reallocating scene render targets to support 1056x584 (Frame:2).
[2015.04.03-23.17.01:550][  5]LogAssetRegistry: Asset discovery search completed in 2.3749 seconds
[2015.04.03-23.17.04:056][269]LogContentBrowser:Verbose: The content browser source was changed by the sources view to '/Game/FirstPerson/Textures'
[2015.04.03-23.17.07:682][696]LogContentBrowser:Verbose: The content browser source was changed by the sources view to '/Game/FirstPerson/Maps'
[2015.04.03-23.17.11:157][792]LogLinker:Warning: Can't find file '/Game/ExampleContent/Audio/Physical_Materials/Concrete'
[2015.04.03-23.17.11:157][792]LogLinker:Warning: Can't find file for asset '/Game/ExampleContent/Audio/Physical_Materials/Concrete' while loading ../../../../../../Users/utilisateur/Documents/GitHub/ProjectVR_v2/Content/Prototype_Room_1/Component/Custom_Collider.uasset.
[2015.04.03-23.17.11:157][792]LoadErrors:Error: Error /Game/Prototype_Room_1/Component/Custom_Collider : Can't find file for asset. /Game/ExampleContent/Audio/Physical_Materials/Concrete
[2015.04.03-23.17.11:158][792]LogLinker:Warning: Can't find file '/Game/ExampleContent/Audio/Physical_Materials/Concrete'
[2015.04.03-23.17.11:158][792]LogLinker:Warning: Can't find file for asset '/Game/ExampleContent/Audio/Physical_Materials/Concrete' while loading ../../../../../../Users/utilisateur/Documents/GitHub/ProjectVR_v2/Content/Prototype_Room_1/Component/Custom_Collider.uasset.
[2015.04.03-23.17.11:932][792]LogLinker:Warning: Can't find file '/Game/ExampleContent/Audio/Physical_Materials/Concrete'
[2015.04.03-23.17.11:932][792]LoadErrors: Info Failed to load /Game/ExampleContent/Audio/Physical_Materials/Concrete.Concrete Referenced by BodySetup_140
[2015.04.03-23.17.11:932][792]LogLinker:Warning: Can't find file for asset '/Game/ExampleContent/Audio/Physical_Materials/Concrete' while loading NULL.
[2015.04.03-23.17.12:399][792]LogParticles:Warning: InitializeSystem called on an unregistered component. Template=/Game/StarterContent/Particles/P_Fire.P_Fire Component=/Game/FirstPerson/Maps/Prototype_Room.Prototype_Room:PersistentLevel.P_Fire_2.ParticleSystemComponent0
[2015.04.03-23.17.12:400][792]LogParticles:Warning: InitializeSystem called on an unregistered component. Template=/Game/StarterContent/Particles/P_Fire.P_Fire Component=/Game/FirstPerson/Maps/Prototype_Room.Prototype_Room:PersistentLevel.P_Fire2.ParticleSystemComponent0
[2015.04.03-23.17.12:400][792]LogParticles:Warning: InitializeSystem called on an unregistered component. Template=/Game/StarterContent/Particles/P_Fire.P_Fire Component=/Game/FirstPerson/Maps/Prototype_Room.Prototype_Room:PersistentLevel.P_Fire3.ParticleSystemComponent0
[2015.04.03-23.17.12:401][792]LogParticles:Warning: InitializeSystem called on an unregistered component. Template=/Game/StarterContent/Particles/P_Fire.P_Fire Component=/Game/FirstPerson/Maps/Prototype_Room.Prototype_Room:PersistentLevel.P_Fire4.ParticleSystemComponent0
[2015.04.03-23.17.12:481][792]Cmd: MAP LOAD FILE="../../../../../../Users/utilisateur/Documents/GitHub/ProjectVR_v2/Content/FirstPerson/Maps/Prototype_Room.umap" TEMPLATE=0 SHOWPROGRESS=1 FEATURELEVEL=3
[2015.04.03-23.17.12:482][792]LightingResults: New page: Lighting Build
[2015.04.03-23.17.12:500][792]LogContentBrowser: Native class hierarchy updated for 'StatsViewer' in 0.0071 seconds. Added 5 classes and 0 folders.
[2015.04.03-23.17.12:531][792]LoadErrors: New page: Loading map: Prototype_Room.umap
[2015.04.03-23.17.12:531][792]MapCheck: New page: Map Check
[2015.04.03-23.17.12:531][792]LightingResults: New page: Lighting Build
[2015.04.03-23.17.12:547][792]LogParticles: Destroying 0 GPU particle simulations for FXSystem 0x0000000013B0CE00
[2015.04.03-23.17.12:599][792]LogEditorServer: Finished looking for orphan Actors (0.000 secs)
[2015.04.03-23.17.12:601][792]LogAIModule: Creating AISystem for world Prototype_Room
[2015.04.03-23.17.12:637][792]Cmd: MAP CHECKDEP
[2015.04.03-23.17.12:637][792]MapCheck: New page: Prototype_Room - Apr 3, 2015, 3:17:12 PM
[2015.04.03-23.17.12:787][792]MapCheck: Info Map check complete: 0 Error(s), 0 Warning(s), took 149.497ms to complete.
[2015.04.03-23.17.12:790][792]LogFileHelpers: Loading map 'Prototype_Room' took 0.310
[2015.04.03-23.17.14:293][938]BlueprintLog: New page: Pre-PIE auto-recompile
[2015.04.03-23.17.14:293][938]LogPlayLevel: [PIE] Compiling Prototype_Room before PIE...
[2015.04.03-23.17.14:442][938]LogPlayLevel: PIE:  Blueprint regeneration took 148 ms (1 blueprints)
[2015.04.03-23.17.14:442][938]PIE: New page: PIE session: Prototype_Room (Apr 3, 2015, 3:17:14 PM)
[2015.04.03-23.17.14:515][938]LogPlayLevel: PIE: StaticDuplicateObject took: (0.073179s)
[2015.04.03-23.17.14:516][938]LogPlayLevel: PIE: World Init took: (0.000463s)
[2015.04.03-23.17.14:516][938]LogPlayLevel: PIE: Created PIE world by copying editor world from /Game/FirstPerson/Maps/Prototype_Room.Prototype_Room to /Game/FirstPerson/Maps/UEDPIE_0_Prototype_Room.Prototype_Room (0.073925s)
[2015.04.03-23.17.14:563][938]LogWorld: Game class is 'ProjectVR_v2GameMode'
[2015.04.03-23.17.14:567][938]LogAIModule: Creating AISystem for world Prototype_Room
[2015.04.03-23.17.14:635][938]LogWorld: Bringing World /Game/FirstPerson/Maps/UEDPIE_0_Prototype_Room.Prototype_Room up for play (max tick rate 0) at 2015.04.03-19.17.14
[2015.04.03-23.17.14:639][938]LogWorld: Bringing up level for play took: 0.070668
[2015.04.03-23.17.14:642][938]PIE: Info Play in editor start time for /Game/FirstPerson/Maps/UEDPIE_0_Prototype_Room 0.533
[2015.04.03-23.17.29:675][463]LogParticles: Destroying 0 GPU particle simulations for FXSystem 0x0000000010C5AE80
[2015.04.03-23.17.52:159][201]LogEditorViewport: Clicking on Actor (context menu): StaticMeshActor (Floor)
[2015.04.03-23.17.53:565][314]BlueprintLog: New page: Pre-PIE auto-recompile
[2015.04.03-23.17.53:565][314]LogPlayLevel: [PIE] Compiling Prototype_Room before PIE...
[2015.04.03-23.17.53:755][314]LogPlayLevel: PIE:  Blueprint regeneration took 190 ms (1 blueprints)
[2015.04.03-23.17.53:756][314]PIE: New page: PIE session: Prototype_Room (Apr 3, 2015, 3:17:53 PM)
[2015.04.03-23.17.53:861][314]LogPlayLevel: PIE: StaticDuplicateObject took: (0.105221s)
[2015.04.03-23.17.53:863][314]LogPlayLevel: PIE: World Init took: (0.001109s)
[2015.04.03-23.17.53:863][314]LogPlayLevel: PIE: Created PIE world by copying editor world from /Game/FirstPerson/Maps/Prototype_Room.Prototype_Room to /Game/FirstPerson/Maps/UEDPIE_0_Prototype_Room.Prototype_Room (0.106609s)
[2015.04.03-23.17.53:911][314]LogWorld: Game class is 'ProjectVR_v2GameMode'
[2015.04.03-23.17.53:916][314]LogAIModule: Creating AISystem for world Prototype_Room
[2015.04.03-23.17.54:009][314]LogWorld: Bringing World /Game/FirstPerson/Maps/UEDPIE_0_Prototype_Room.Prototype_Room up for play (max tick rate 0) at 2015.04.03-19.17.54
[2015.04.03-23.17.54:013][314]LogWorld: Bringing up level for play took: 0.095721
[2015.04.03-23.17.54:016][314]PIE: Info Play in editor start time for /Game/FirstPerson/Maps/UEDPIE_0_Prototype_Room -0.094
[2015.04.03-23.17.57:030][598]LogParticles: Destroying 0 GPU particle simulations for FXSystem 0x000000000C6DBD80
[2015.04.03-23.18.02:720][ 13]BlueprintLog: New page: Pre-PIE auto-recompile
[2015.04.03-23.18.02:720][ 13]LogPlayLevel: [PIE] Compiling Prototype_Room before PIE...
[2015.04.03-23.18.02:893][ 13]LogPlayLevel: PIE:  Blueprint regeneration took 173 ms (1 blueprints)
[2015.04.03-23.18.02:894][ 13]PIE: New page: PIE session: Prototype_Room (Apr 3, 2015, 3:18:02 PM)
[2015.04.03-23.18.02:977][ 13]LogPlayLevel: PIE: StaticDuplicateObject took: (0.083022s)
[2015.04.03-23.18.02:978][ 13]LogPlayLevel: PIE: World Init took: (0.000480s)
[2015.04.03-23.18.02:978][ 13]LogPlayLevel: PIE: Created PIE world by copying editor world from /Game/FirstPerson/Maps/Prototype_Room.Prototype_Room to /Game/FirstPerson/Maps/UEDPIE_0_Prototype_Room.Prototype_Room (0.083756s)
[2015.04.03-23.18.03:020][ 13]LogWorld: Game class is 'ProjectVR_v2GameMode'
[2015.04.03-23.18.03:023][ 13]LogAIModule: Creating AISystem for world Prototype_Room
[2015.04.03-23.18.03:074][ 13]LogWorld: Bringing World /Game/FirstPerson/Maps/UEDPIE_0_Prototype_Room.Prototype_Room up for play (max tick rate 0) at 2015.04.03-19.18.03
[2015.04.03-23.18.03:078][ 13]LogWorld: Bringing up level for play took: 0.053927
[2015.04.03-23.18.03:081][ 13]PIE: Info Play in editor start time for /Game/FirstPerson/Maps/UEDPIE_0_Prototype_Room 0.971
[2015.04.03-23.18.06:582][344]LogBlueprintUserMessages: Added to inventory
[2015.04.03-23.18.06:582][344]LogBlueprintUserMessages: Levier
[2015.04.03-23.18.08:234][506]LogBlueprintUserMessages: Object Found in Inventory
[2015.04.03-23.18.08:234][506]LogBlueprintUserMessages: Hello
[2015.04.03-23.18.28:171][460]LogParticles: Destroying 0 GPU particle simulations for FXSystem 0x000000000D2AAC00
[2015.04.03-23.18.32:929][883]BlueprintLog: New page: Pre-PIE auto-recompile
[2015.04.03-23.18.32:929][883]LogPlayLevel: [PIE] Compiling Prototype_Room before PIE...
[2015.04.03-23.18.33:098][883]LogPlayLevel: PIE:  Blueprint regeneration took 169 ms (1 blueprints)
[2015.04.03-23.18.33:098][883]PIE: New page: PIE session: Prototype_Room (Apr 3, 2015, 3:18:33 PM)
[2015.04.03-23.18.33:181][883]LogPlayLevel: PIE: StaticDuplicateObject took: (0.082078s)
[2015.04.03-23.18.33:182][883]LogPlayLevel: PIE: World Init took: (0.001223s)
[2015.04.03-23.18.33:182][883]LogPlayLevel: PIE: Created PIE world by copying editor world from /Game/FirstPerson/Maps/Prototype_Room.Prototype_Room to /Game/FirstPerson/Maps/UEDPIE_0_Prototype_Room.Prototype_Room (0.083787s)
[2015.04.03-23.18.33:218][883]LogWorld: Game class is 'ProjectVR_v2GameMode'
[2015.04.03-23.18.33:221][883]LogAIModule: Creating AISystem for world Prototype_Room
[2015.04.03-23.18.33:277][883]LogWorld: Bringing World /Game/FirstPerson/Maps/UEDPIE_0_Prototype_Room.Prototype_Room up for play (max tick rate 0) at 2015.04.03-19.18.33
[2015.04.03-23.18.33:281][883]LogWorld: Bringing up level for play took: 0.058968
[2015.04.03-23.18.33:284][883]PIE: Info Play in editor start time for /Game/FirstPerson/Maps/UEDPIE_0_Prototype_Room 1.174
[2015.04.03-23.18.36:763][271]LogBlueprintUserMessages: Added to inventory
[2015.04.03-23.18.36:763][271]LogBlueprintUserMessages: Levier
[2015.04.03-23.18.39:291][544]LogBlueprintUserMessages: Object Found in Inventory
[2015.04.03-23.18.39:292][544]LogBlueprintUserMessages: Hello
[2015.04.03-23.18.43:317][919]LogParticles: Destroying 0 GPU particle simulations for FXSystem 0x000000000E12EF20
[2015.04.03-23.18.47:935][345]LogContentBrowser:Verbose: The content browser source was changed by the sources view to '/Game/Prototype_Room_1'
[2015.04.03-23.19.57:000][360]BlueprintLog: New page: Pre-PIE auto-recompile
[2015.04.03-23.19.57:018][360]LogPlayLevel: [PIE] Compiling Prototype_Room before PIE...
[2015.04.03-23.19.57:227][360]LogPlayLevel: PIE:  Blueprint regeneration took 227 ms (1 blueprints)
[2015.04.03-23.19.57:228][360]PIE: New page: PIE session: Prototype_Room (Apr 3, 2015, 3:19:57 PM)
[2015.04.03-23.19.57:327][360]LogPlayLevel: PIE: StaticDuplicateObject took: (0.099145s)
[2015.04.03-23.19.57:328][360]LogPlayLevel: PIE: World Init took: (0.000561s)
[2015.04.03-23.19.57:328][360]LogPlayLevel: PIE: Created PIE world by copying editor world from /Game/FirstPerson/Maps/Prototype_Room.Prototype_Room to /Game/FirstPerson/Maps/UEDPIE_0_Prototype_Room.Prototype_Room (0.099944s)
[2015.04.03-23.19.57:377][360]LogWorld: Game class is 'ProjectVR_v2GameMode'
[2015.04.03-23.19.57:380][360]LogAIModule: Creating AISystem for world Prototype_Room
[2015.04.03-23.19.57:446][360]LogWorld: Bringing World /Game/FirstPerson/Maps/UEDPIE_0_Prototype_Room.Prototype_Room up for play (max tick rate 0) at 2015.04.03-19.19.57
[2015.04.03-23.19.57:451][360]LogWorld: Bringing up level for play took: 0.070308
[2015.04.03-23.19.57:455][360]PIE: Info Play in editor start time for /Game/FirstPerson/Maps/UEDPIE_0_Prototype_Room 1.343
[2015.04.03-23.19.58:923][491]LogBlueprintUserMessages: Added to inventory
[2015.04.03-23.19.58:923][491]LogBlueprintUserMessages: Levier
[2015.04.03-23.20.00:656][666]LogBlueprintUserMessages: Object Found in Inventory
[2015.04.03-23.20.00:656][666]LogBlueprintUserMessages: Hello
[2015.04.03-23.20.11:876][722]LogParticles: Destroying 0 GPU particle simulations for FXSystem 0x000000002A18A3E0
[2015.04.03-23.20.19:497][441]LogEditorViewport: Clicking on Actor (LMB): MatineeActor (AnimGrille)
[2015.04.03-23.20.22:784][663]LogContentBrowser: Native class hierarchy updated for 'Matinee' in 0.0059 seconds. Added 15 classes and 2 folders.
[2015.04.03-23.20.22:787][663]LogInit: Transaction tracking system initialized
[2015.04.03-23.20.22:787][663]EditorErrors: New page: Matinee Initialization
[2015.04.03-23.21.05:530][578]BlueprintLog: New page: Compile Prototype_Room
[2015.04.03-23.21.05:693][578]LogExit: Transaction tracking system shut down
[2015.04.03-23.21.05:701][578]BlueprintEditorCompileResults: Info [0255.81] Compile of Prototype_Room successful! [in 171 ms]
[2015.04.03-23.21.07:695][778]BlueprintLog: New page: Pre-PIE auto-recompile
[2015.04.03-23.21.07:712][778]LogPlayLevel: [PIE] Compiling Prototype_Room before PIE...
[2015.04.03-23.21.07:878][778]LogPlayLevel: PIE:  Blueprint regeneration took 183 ms (1 blueprints)
[2015.04.03-23.21.07:878][778]PIE: New page: PIE session: Prototype_Room (Apr 3, 2015, 3:21:07 PM)
[2015.04.03-23.21.07:954][778]LogPlayLevel: PIE: StaticDuplicateObject took: (0.075696s)
[2015.04.03-23.21.07:955][778]LogPlayLevel: PIE: World Init took: (0.000512s)
[2015.04.03-23.21.07:955][778]LogPlayLevel: PIE: Created PIE world by copying editor world from /Game/FirstPerson/Maps/Prototype_Room.Prototype_Room to /Game/FirstPerson/Maps/UEDPIE_0_Prototype_Room.Prototype_Room (0.076423s)
[2015.04.03-23.21.07:997][778]LogWorld: Game class is 'ProjectVR_v2GameMode'
[2015.04.03-23.21.08:001][778]LogAIModule: Creating AISystem for world Prototype_Room
[2015.04.03-23.21.08:069][778]LogWorld: Bringing World /Game/FirstPerson/Maps/UEDPIE_0_Prototype_Room.Prototype_Room up for play (max tick rate 0) at 2015.04.03-19.21.08
[2015.04.03-23.21.08:073][778]LogWorld: Bringing up level for play took: 0.071266
[2015.04.03-23.21.08:076][778]PIE: Info Play in editor start time for /Game/FirstPerson/Maps/UEDPIE_0_Prototype_Room -0.037
[2015.04.03-23.21.09:896][948]LogParticles: Destroying 0 GPU particle simulations for FXSystem 0x0000000016164360
[2015.04.03-23.21.17:565][439]BlueprintLog: New page: Pre-PIE auto-recompile
[2015.04.03-23.21.17:574][439]LogPlayLevel: [PIE] Compiling Prototype_Room before PIE...
[2015.04.03-23.21.17:800][439]LogPlayLevel: PIE:  Blueprint regeneration took 234 ms (1 blueprints)
[2015.04.03-23.21.17:800][439]PIE: New page: PIE session: Prototype_Room (Apr 3, 2015, 3:21:17 PM)
[2015.04.03-23.21.17:892][439]LogPlayLevel: PIE: StaticDuplicateObject took: (0.090047s)
[2015.04.03-23.21.17:892][439]LogPlayLevel: PIE: World Init took: (0.000480s)
[2015.04.03-23.21.17:893][439]LogPlayLevel: PIE: Created PIE world by copying editor world from /Game/FirstPerson/Maps/Prototype_Room.Prototype_Room to /Game/FirstPerson/Maps/UEDPIE_0_Prototype_Room.Prototype_Room (0.090756s)
[2015.04.03-23.21.17:936][439]LogWorld: Game class is 'ProjectVR_v2GameMode'
[2015.04.03-23.21.17:940][439]LogAIModule: Creating AISystem for world Prototype_Room
[2015.04.03-23.21.17:991][439]LogWorld: Bringing World /Game/FirstPerson/Maps/UEDPIE_0_Prototype_Room.Prototype_Room up for play (max tick rate 0) at 2015.04.03-19.21.17
[2015.04.03-23.21.17:995][439]LogWorld: Bringing up level for play took: 0.053971
[2015.04.03-23.21.17:998][439]PIE: Info Play in editor start time for /Game/FirstPerson/Maps/UEDPIE_0_Prototype_Room -0.115
[2015.04.03-23.21.20:312][672]LogBlueprintUserMessages: Added to inventory
[2015.04.03-23.21.20:312][672]LogBlueprintUserMessages: Levier
[2015.04.03-23.21.22:251][865]LogBlueprintUserMessages: Object Found in Inventory
[2015.04.03-23.21.22:251][865]LogBlueprintUserMessages: Hello
[2015.04.03-23.21.43:315][134]LogParticles: Destroying 0 GPU particle simulations for FXSystem 0x00000000163EF060
[2015.04.03-23.21.47:036][218]BlueprintLog: New page: Pre-PIE auto-recompile
[2015.04.03-23.21.47:065][218]LogPlayLevel: [PIE] Compiling Prototype_Room before PIE...
[2015.04.03-23.21.47:242][218]LogPlayLevel: PIE:  Blueprint regeneration took 206 ms (1 blueprints)
[2015.04.03-23.21.47:243][218]PIE: New page: PIE session: Prototype_Room (Apr 3, 2015, 3:21:47 PM)
[2015.04.03-23.21.47:321][218]LogPlayLevel: PIE: StaticDuplicateObject took: (0.078005s)
[2015.04.03-23.21.47:322][218]LogPlayLevel: PIE: World Init took: (0.000508s)
[2015.04.03-23.21.47:322][218]LogPlayLevel: PIE: Created PIE world by copying editor world from /Game/FirstPerson/Maps/Prototype_Room.Prototype_Room to /Game/FirstPerson/Maps/UEDPIE_0_Prototype_Room.Prototype_Room (0.078860s)
[2015.04.03-23.21.47:365][218]LogWorld: Game class is 'ProjectVR_v2GameMode'
[2015.04.03-23.21.47:370][218]LogAIModule: Creating AISystem for world Prototype_Room
[2015.04.03-23.21.47:437][218]LogWorld: Bringing World /Game/FirstPerson/Maps/UEDPIE_0_Prototype_Room.Prototype_Room up for play (max tick rate 0) at 2015.04.03-19.21.47
[2015.04.03-23.21.47:442][218]LogWorld: Bringing up level for play took: 0.071426
[2015.04.03-23.21.47:446][218]PIE: Info Play in editor start time for /Game/FirstPerson/Maps/UEDPIE_0_Prototype_Room 1.333
[2015.04.03-23.21.52:831][378]LogBlueprintUserMessages: Added to inventory
[2015.04.03-23.21.52:831][378]LogBlueprintUserMessages: Levier
[2015.04.03-23.21.55:516][463]LogBlueprintUserMessages: Object Found in Inventory
[2015.04.03-23.21.55:516][463]LogBlueprintUserMessages: Hello
[2015.04.03-23.21.56:968][510]LogConnectionDrawingPolicy:Warning: Looks like a wire-trace was not injected before the jump from 'Add Timeline...' to 'Set Relative Rotation
Target is Levier_Grille_C (Cylinder1)'.
[2015.04.03-23.21.56:998][511]LogConnectionDrawingPolicy:Warning: Looks like a wire-trace was not injected before the jump from 'Add Timeline...' to 'Set Relative Rotation
Target is Levier_Grille_C (Cylinder1)'.
[2015.04.03-23.21.57:029][512]LogConnectionDrawingPolicy:Warning: Looks like a wire-trace was not injected before the jump from 'Add Timeline...' to 'Set Relative Rotation
Target is Levier_Grille_C (Cylinder1)'.
[2015.04.03-23.21.57:059][513]LogConnectionDrawingPolicy:Warning: Looks like a wire-trace was not injected before the jump from 'Add Timeline...' to 'Set Relative Rotation
Target is Levier_Grille_C (Cylinder1)'.
[2015.04.03-23.21.57:088][514]LogConnectionDrawingPolicy:Warning: Looks like a wire-trace was not injected before the jump from 'Add Timeline...' to 'Set Relative Rotation
Target is Levier_Grille_C (Cylinder1)'.
[2015.04.03-23.21.57:118][515]LogConnectionDrawingPolicy:Warning: Looks like a wire-trace was not injected before the jump from 'Add Timeline...' to 'Set Relative Rotation
Target is Levier_Grille_C (Cylinder1)'.
[2015.04.03-23.21.57:148][516]LogConnectionDrawingPolicy:Warning: Looks like a wire-trace was not injected before the jump from 'Add Timeline...' to 'Set Relative Rotation
Target is Levier_Grille_C (Cylinder1)'.
[2015.04.03-23.21.57:178][517]LogConnectionDrawingPolicy:Warning: Looks like a wire-trace was not injected before the jump from 'Add Timeline...' to 'Set Relative Rotation
Target is Levier_Grille_C (Cylinder1)'.
[2015.04.03-23.21.57:209][518]LogConnectionDrawingPolicy:Warning: Looks like a wire-trace was not injected before the jump from 'Add Timeline...' to 'Set Relative Rotation
Target is Levier_Grille_C (Cylinder1)'.
[2015.04.03-23.21.57:238][519]LogConnectionDrawingPolicy:Warning: Looks like a wire-trace was not injected before the jump from 'Add Timeline...' to 'Set Relative Rotation
Target is Levier_Grille_C (Cylinder1)'.
[2015.04.03-23.21.57:268][520]LogConnectionDrawingPolicy:Warning: Looks like a wire-trace was not injected before the jump from 'Add Timeline...' to 'Set Relative Rotation
Target is Levier_Grille_C (Cylinder1)'.
[2015.04.03-23.21.57:298][521]LogConnectionDrawingPolicy:Warning: Looks like a wire-trace was not injected before the jump from 'Add Timeline...' to 'Set Relative Rotation
Target is Levier_Grille_C (Cylinder1)'.
[2015.04.03-23.21.57:328][522]LogConnectionDrawingPolicy:Warning: Looks like a wire-trace was not injected before the jump from 'Add Timeline...' to 'Set Relative Rotation
Target is Levier_Grille_C (Cylinder1)'.
[2015.04.03-23.21.57:358][523]LogConnectionDrawingPolicy:Warning: Looks like a wire-trace was not injected before the jump from 'Add Timeline...' to 'Set Relative Rotation
Target is Levier_Grille_C (Cylinder1)'.
[2015.04.03-23.21.57:388][524]LogConnectionDrawingPolicy:Warning: Looks like a wire-trace was not injected before the jump from 'Add Timeline...' to 'Set Relative Rotation
Target is Levier_Grille_C (Cylinder1)'.
[2015.04.03-23.21.57:418][525]LogConnectionDrawingPolicy:Warning: Looks like a wire-trace was not injected before the jump from 'Add Timeline...' to 'Set Relative Rotation
Target is Levier_Grille_C (Cylinder1)'.
[2015.04.03-23.21.57:448][526]LogConnectionDrawingPolicy:Warning: Looks like a wire-trace was not injected before the jump from 'Add Timeline...' to 'Set Relative Rotation
Target is Levier_Grille_C (Cylinder1)'.
[2015.04.03-23.21.57:478][527]LogConnectionDrawingPolicy:Warning: Looks like a wire-trace was not injected before the jump from 'Add Timeline...' to 'Set Relative Rotation
Target is Levier_Grille_C (Cylinder1)'.
[2015.04.03-23.21.57:508][528]LogConnectionDrawingPolicy:Warning: Looks like a wire-trace was not injected before the jump from 'Add Timeline...' to 'Set Relative Rotation
Target is Levier_Grille_C (Cylinder1)'.
[2015.04.03-23.21.57:538][529]LogConnectionDrawingPolicy:Warning: Looks like a wire-trace was not injected before the jump from 'Add Timeline...' to 'Set Relative Rotation
Target is Levier_Grille_C (Cylinder1)'.
[2015.04.03-23.21.57:567][530]LogConnectionDrawingPolicy:Warning: Looks like a wire-trace was not injected before the jump from 'Add Timeline...' to 'Set Relative Rotation
Target is Levier_Grille_C (Cylinder1)'.
[2015.04.03-23.21.57:597][531]LogConnectionDrawingPolicy:Warning: Looks like a wire-trace was not injected before the jump from 'Add Timeline...' to 'Set Relative Rotation
Target is Levier_Grille_C (Cylinder1)'.
[2015.04.03-23.21.57:627][532]LogConnectionDrawingPolicy:Warning: Looks like a wire-trace was not injected before the jump from 'Add Timeline...' to 'Set Relative Rotation
Target is Levier_Grille_C (Cylinder1)'.
[2015.04.03-23.21.57:657][533]LogConnectionDrawingPolicy:Warning: Looks like a wire-trace was not injected before the jump from 'Add Timeline...' to 'Set Relative Rotation
Target is Levier_Grille_C (Cylinder1)'.
[2015.04.03-23.21.57:686][534]LogConnectionDrawingPolicy:Warning: Looks like a wire-trace was not injected before the jump from 'Add Timeline...' to 'Set Relative Rotation
Target is Levier_Grille_C (Cylinder1)'.
[2015.04.03-23.21.57:716][535]LogConnectionDrawingPolicy:Warning: Looks like a wire-trace was not injected before the jump from 'Add Timeline...' to 'Set Relative Rotation
Target is Levier_Grille_C (Cylinder1)'.
[2015.04.03-23.21.57:746][536]LogConnectionDrawingPolicy:Warning: Looks like a wire-trace was not injected before the jump from 'Add Timeline...' to 'Set Relative Rotation
Target is Levier_Grille_C (Cylinder1)'.
[2015.04.03-23.21.57:776][537]LogConnectionDrawingPolicy:Warning: Looks like a wire-trace was not injected before the jump from 'Add Timeline...' to 'Set Relative Rotation
Target is Levier_Grille_C (Cylinder1)'.
[2015.04.03-23.21.57:805][538]LogConnectionDrawingPolicy:Warning: Looks like a wire-trace was not injected before the jump from 'Add Timeline...' to 'Set Relative Rotation
Target is Levier_Grille_C (Cylinder1)'.
[2015.04.03-23.21.57:835][539]LogConnectionDrawingPolicy:Warning: Looks like a wire-trace was not injected before the jump from 'Add Timeline...' to 'Set Relative Rotation
Target is Levier_Grille_C (Cylinder1)'.
[2015.04.03-23.21.57:865][540]LogConnectionDrawingPolicy:Warning: Looks like a wire-trace was not injected before the jump from 'Add Timeline...' to 'Set Relative Rotation
Target is Levier_Grille_C (Cylinder1)'.
[2015.04.03-23.21.57:897][541]LogConnectionDrawingPolicy:Warning: Looks like a wire-trace was not injected before the jump from 'Add Timeline...' to 'Set Relative Rotation
Target is Levier_Grille_C (Cylinder1)'.
[2015.04.03-23.21.57:927][542]LogConnectionDrawingPolicy:Warning: Looks like a wire-trace was not injected before the jump from 'Add Timeline...' to 'Set Relative Rotation
Target is Levier_Grille_C (Cylinder1)'.
[2015.04.03-23.21.57:956][543]LogConnectionDrawingPolicy:Warning: Looks like a wire-trace was not injected before the jump from 'Add Timeline...' to 'Set Relative Rotation
Target is Levier_Grille_C (Cylinder1)'.
[2015.04.03-23.21.57:987][544]LogConnectionDrawingPolicy:Warning: Looks like a wire-trace was not injected before the jump from 'Add Timeline...' to 'Set Relative Rotation
Target is Levier_Grille_C (Cylinder1)'.
[2015.04.03-23.21.58:017][545]LogConnectionDrawingPolicy:Warning: Looks like a wire-trace was not injected before the jump from 'Add Timeline...' to 'Set Relative Rotation
Target is Levier_Grille_C (Cylinder1)'.
[2015.04.03-23.21.58:047][546]LogConnectionDrawingPolicy:Warning: Looks like a wire-trace was not injected before the jump from 'Add Timeline...' to 'Set Relative Rotation
Target is Levier_Grille_C (Cylinder1)'.
[2015.04.03-23.21.58:077][547]LogConnectionDrawingPolicy:Warning: Looks like a wire-trace was not injected before the jump from 'Add Timeline...' to 'Set Relative Rotation
Target is Levier_Grille_C (Cylinder1)'.
[2015.04.03-23.21.58:108][548]LogConnectionDrawingPolicy:Warning: Looks like a wire-trace was not injected before the jump from 'Add Timeline...' to 'Set Relative Rotation
Target is Levier_Grille_C (Cylinder1)'.
[2015.04.03-23.21.58:138][549]LogConnectionDrawingPolicy:Warning: Looks like a wire-trace was not injected before the jump from 'Add Timeline...' to 'Set Relative Rotation
Target is Levier_Grille_C (Cylinder1)'.
[2015.04.03-23.21.58:167][550]LogConnectionDrawingPolicy:Warning: Looks like a wire-trace was not injected before the jump from 'Add Timeline...' to 'Set Relative Rotation
Target is Levier_Grille_C (Cylinder1)'.
[2015.04.03-23.21.58:197][551]LogConnectionDrawingPolicy:Warning: Looks like a wire-trace was not injected before the jump from 'Add Timeline...' to 'Set Relative Rotation
Target is Levier_Grille_C (Cylinder1)'.
[2015.04.03-23.21.58:227][552]LogConnectionDrawingPolicy:Warning: Looks like a wire-trace was not injected before the jump from 'Add Timeline...' to 'Set Relative Rotation
Target is Levier_Grille_C (Cylinder1)'.
[2015.04.03-23.21.58:256][553]LogConnectionDrawingPolicy:Warning: Looks like a wire-trace was not injected before the jump from 'Add Timeline...' to 'Set Relative Rotation
Target is Levier_Grille_C (Cylinder1)'.
[2015.04.03-23.21.58:286][554]LogConnectionDrawingPolicy:Warning: Looks like a wire-trace was not injected before the jump from 'Add Timeline...' to 'Set Relative Rotation
Target is Levier_Grille_C (Cylinder1)'.
[2015.04.03-23.21.58:316][555]LogConnectionDrawingPolicy:Warning: Looks like a wire-trace was not injected before the jump from 'Add Timeline...' to 'Set Relative Rotation
Target is Levier_Grille_C (Cylinder1)'.
[2015.04.03-23.21.58:346][556]LogConnectionDrawingPolicy:Warning: Looks like a wire-trace was not injected before the jump from 'Add Timeline...' to 'Set Relative Rotation
Target is Levier_Grille_C (Cylinder1)'.
[2015.04.03-23.21.58:376][557]LogConnectionDrawingPolicy:Warning: Looks like a wire-trace was not injected before the jump from 'Add Timeline...' to 'Set Relative Rotation
Target is Levier_Grille_C (Cylinder1)'.
[2015.04.03-23.21.58:422][558]LogConnectionDrawingPolicy:Warning: Looks like a wire-trace was not injected before the jump from 'Add Timeline...' to 'Set Relative Rotation
Target is Levier_Grille_C (Cylinder1)'.
[2015.04.03-23.21.58:464][559]LogConnectionDrawingPolicy:Warning: Looks like a wire-trace was not injected before the jump from 'Add Timeline...' to 'Set Relative Rotation
Target is Levier_Grille_C (Cylinder1)'.
[2015.04.03-23.21.58:493][560]LogConnectionDrawingPolicy:Warning: Looks like a wire-trace was not injected before the jump from 'Add Timeline...' to 'Set Relative Rotation
Target is Levier_Grille_C (Cylinder1)'.
[2015.04.03-23.21.58:523][561]LogConnectionDrawingPolicy:Warning: Looks like a wire-trace was not injected before the jump from 'Add Timeline...' to 'Set Relative Rotation
Target is Levier_Grille_C (Cylinder1)'.
[2015.04.03-23.21.58:555][562]LogConnectionDrawingPolicy:Warning: Looks like a wire-trace was not injected before the jump from 'Add Timeline...' to 'Set Relative Rotation
Target is Levier_Grille_C (Cylinder1)'.
[2015.04.03-23.21.58:585][563]LogConnectionDrawingPolicy:Warning: Looks like a wire-trace was not injected before the jump from 'Add Timeline...' to 'Set Relative Rotation
Target is Levier_Grille_C (Cylinder1)'.
[2015.04.03-23.21.58:615][564]LogConnectionDrawingPolicy:Warning: Looks like a wire-trace was not injected before the jump from 'Add Timeline...' to 'Set Relative Rotation
Target is Levier_Grille_C (Cylinder1)'.
[2015.04.03-23.21.58:645][565]LogConnectionDrawingPolicy:Warning: Looks like a wire-trace was not injected before the jump from 'Add Timeline...' to 'Set Relative Rotation
Target is Levier_Grille_C (Cylinder1)'.
[2015.04.03-23.21.58:675][566]LogConnectionDrawingPolicy:Warning: Looks like a wire-trace was not injected before the jump from 'Add Timeline...' to 'Set Relative Rotation
Target is Levier_Grille_C (Cylinder1)'.
[2015.04.03-23.21.58:705][567]LogConnectionDrawingPolicy:Warning: Looks like a wire-trace was not injected before the jump from 'Add Timeline...' to 'Set Relative Rotation
Target is Levier_Grille_C (Cylinder1)'.
[2015.04.03-23.21.58:735][568]LogConnectionDrawingPolicy:Warning: Looks like a wire-trace was not injected before the jump from 'Add Timeline...' to 'Set Relative Rotation
Target is Levier_Grille_C (Cylinder1)'.
[2015.04.03-23.21.58:765][569]LogConnectionDrawingPolicy:Warning: Looks like a wire-trace was not injected before the jump from 'Add Timeline...' to 'Set Relative Rotation
Target is Levier_Grille_C (Cylinder1)'.
[2015.04.03-23.21.58:794][570]LogConnectionDrawingPolicy:Warning: Looks like a wire-trace was not injected before the jump from 'Add Timeline...' to 'Set Relative Rotation
Target is Levier_Grille_C (Cylinder1)'.
[2015.04.03-23.21.58:826][571]LogConnectionDrawingPolicy:Warning: Looks like a wire-trace was not injected before the jump from 'Add Timeline...' to 'Set Relative Rotation
Target is Levier_Grille_C (Cylinder1)'.
[2015.04.03-23.21.58:856][572]LogConnectionDrawingPolicy:Warning: Looks like a wire-trace was not injected before the jump from 'Add Timeline...' to 'Set Relative Rotation
Target is Levier_Grille_C (Cylinder1)'.
[2015.04.03-23.21.58:886][573]LogConnectionDrawingPolicy:Warning: Looks like a wire-trace was not injected before the jump from 'Add Timeline...' to 'Set Relative Rotation
Target is Levier_Grille_C (Cylinder1)'.
[2015.04.03-23.21.58:917][574]LogConnectionDrawingPolicy:Warning: Looks like a wire-trace was not injected before the jump from 'Add Timeline...' to 'Set Relative Rotation
Target is Levier_Grille_C (Cylinder1)'.
[2015.04.03-23.21.58:947][575]LogConnectionDrawingPolicy:Warning: Looks like a wire-trace was not injected before the jump from 'Add Timeline...' to 'Set Relative Rotation
Target is Levier_Grille_C (Cylinder1)'.
[2015.04.03-23.21.58:977][576]LogConnectionDrawingPolicy:Warning: Looks like a wire-trace was not injected before the jump from 'Add Timeline...' to 'Set Relative Rotation
Target is Levier_Grille_C (Cylinder1)'.
[2015.04.03-23.21.59:006][577]LogConnectionDrawingPolicy:Warning: Looks like a wire-trace was not injected before the jump from 'Add Timeline...' to 'Set Relative Rotation
Target is Levier_Grille_C (Cylinder1)'.
[2015.04.03-23.21.59:036][578]LogConnectionDrawingPolicy:Warning: Looks like a wire-trace was not injected before the jump from 'Add Timeline...' to 'Set Relative Rotation
Target is Levier_Grille_C (Cylinder1)'.
[2015.04.03-23.21.59:066][579]LogConnectionDrawingPolicy:Warning: Looks like a wire-trace was not injected before the jump from 'Add Timeline...' to 'Set Relative Rotation
Target is Levier_Grille_C (Cylinder1)'.
[2015.04.03-23.21.59:096][580]LogConnectionDrawingPolicy:Warning: Looks like a wire-trace was not injected before the jump from 'Add Timeline...' to 'Set Relative Rotation
Target is Levier_Grille_C (Cylinder1)'.
[2015.04.03-23.21.59:126][581]LogConnectionDrawingPolicy:Warning: Looks like a wire-trace was not injected before the jump from 'Add Timeline...' to 'Set Relative Rotation
Target is Levier_Grille_C (Cylinder1)'.
[2015.04.03-23.21.59:157][582]LogConnectionDrawingPolicy:Warning: Looks like a wire-trace was not injected before the jump from 'Add Timeline...' to 'Set Relative Rotation
Target is Levier_Grille_C (Cylinder1)'.
[2015.04.03-23.21.59:187][583]LogConnectionDrawingPolicy:Warning: Looks like a wire-trace was not injected before the jump from 'Add Timeline...' to 'Set Relative Rotation
Target is Levier_Grille_C (Cylinder1)'.
[2015.04.03-23.21.59:217][584]LogConnectionDrawingPolicy:Warning: Looks like a wire-trace was not injected before the jump from 'Add Timeline...' to 'Set Relative Rotation
Target is Levier_Grille_C (Cylinder1)'.
[2015.04.03-23.21.59:247][585]LogConnectionDrawingPolicy:Warning: Looks like a wire-trace was not injected before the jump from 'Add Timeline...' to 'Set Relative Rotation
Target is Levier_Grille_C (Cylinder1)'.
[2015.04.03-23.21.59:276][586]LogConnectionDrawingPolicy:Warning: Looks like a wire-trace was not injected before the jump from 'Add Timeline...' to 'Set Relative Rotation
Target is Levier_Grille_C (Cylinder1)'.
[2015.04.03-23.21.59:306][587]LogConnectionDrawingPolicy:Warning: Looks like a wire-trace was not injected before the jump from 'Add Timeline...' to 'Set Relative Rotation
Target is Levier_Grille_C (Cylinder1)'.
[2015.04.03-23.21.59:336][588]LogConnectionDrawingPolicy:Warning: Looks like a wire-trace was not injected before the jump from 'Add Timeline...' to 'Set Relative Rotation
Target is Levier_Grille_C (Cylinder1)'.
[2015.04.03-23.21.59:365][589]LogConnectionDrawingPolicy:Warning: Looks like a wire-trace was not injected before the jump from 'Add Timeline...' to 'Set Relative Rotation
Target is Levier_Grille_C (Cylinder1)'.
[2015.04.03-23.21.59:395][590]LogConnectionDrawingPolicy:Warning: Looks like a wire-trace was not injected before the jump from 'Add Timeline...' to 'Set Relative Rotation
Target is Levier_Grille_C (Cylinder1)'.
[2015.04.03-23.21.59:427][591]LogConnectionDrawingPolicy:Warning: Looks like a wire-trace was not injected before the jump from 'Add Timeline...' to 'Set Relative Rotation
Target is Levier_Grille_C (Cylinder1)'.
[2015.04.03-23.21.59:456][592]LogConnectionDrawingPolicy:Warning: Looks like a wire-trace was not injected before the jump from 'Add Timeline...' to 'Set Relative Rotation
Target is Levier_Grille_C (Cylinder1)'.
[2015.04.03-23.21.59:486][593]LogConnectionDrawingPolicy:Warning: Looks like a wire-trace was not injected before the jump from 'Add Timeline...' to 'Set Relative Rotation
Target is Levier_Grille_C (Cylinder1)'.
[2015.04.03-23.21.59:516][594]LogConnectionDrawingPolicy:Warning: Looks like a wire-trace was not injected before the jump from 'Add Timeline...' to 'Set Relative Rotation
Target is Levier_Grille_C (Cylinder1)'.
[2015.04.03-23.21.59:545][595]LogConnectionDrawingPolicy:Warning: Looks like a wire-trace was not injected before the jump from 'Add Timeline...' to 'Set Relative Rotation
Target is Levier_Grille_C (Cylinder1)'.
[2015.04.03-23.21.59:576][596]LogConnectionDrawingPolicy:Warning: Looks like a wire-trace was not injected before the jump from 'Add Timeline...' to 'Set Relative Rotation
Target is Levier_Grille_C (Cylinder1)'.
[2015.04.03-23.21.59:606][597]LogConnectionDrawingPolicy:Warning: Looks like a wire-trace was not injected before the jump from 'Add Timeline...' to 'Set Relative Rotation
Target is Levier_Grille_C (Cylinder1)'.
[2015.04.03-23.21.59:635][598]LogConnectionDrawingPolicy:Warning: Looks like a wire-trace was not injected before the jump from 'Add Timeline...' to 'Set Relative Rotation
Target is Levier_Grille_C (Cylinder1)'.
[2015.04.03-23.21.59:665][599]LogConnectionDrawingPolicy:Warning: Looks like a wire-trace was not injected before the jump from 'Add Timeline...' to 'Set Relative Rotation
Target is Levier_Grille_C (Cylinder1)'.
[2015.04.03-23.21.59:695][600]LogConnectionDrawingPolicy:Warning: Looks like a wire-trace was not injected before the jump from 'Add Timeline...' to 'Set Relative Rotation
Target is Levier_Grille_C (Cylinder1)'.
[2015.04.03-23.21.59:724][601]LogConnectionDrawingPolicy:Warning: Looks like a wire-trace was not injected before the jump from 'Add Timeline...' to 'Set Relative Rotation
Target is Levier_Grille_C (Cylinder1)'.
[2015.04.03-23.21.59:754][602]LogConnectionDrawingPolicy:Warning: Looks like a wire-trace was not injected before the jump from 'Add Timeline...' to 'Set Relative Rotation
Target is Levier_Grille_C (Cylinder1)'.
[2015.04.03-23.21.59:785][603]LogConnectionDrawingPolicy:Warning: Looks like a wire-trace was not injected before the jump from 'Add Timeline...' to 'Set Relative Rotation
Target is Levier_Grille_C (Cylinder1)'.
[2015.04.03-23.21.59:815][604]LogConnectionDrawingPolicy:Warning: Looks like a wire-trace was not injected before the jump from 'Add Timeline...' to 'Set Relative Rotation
Target is Levier_Grille_C (Cylinder1)'.
[2015.04.03-23.21.59:845][605]LogConnectionDrawingPolicy:Warning: Looks like a wire-trace was not injected before the jump from 'Add Timeline...' to 'Set Relative Rotation
Target is Levier_Grille_C (Cylinder1)'.
[2015.04.03-23.21.59:875][606]LogConnectionDrawingPolicy:Warning: Looks like a wire-trace was not injected before the jump from 'Add Timeline...' to 'Set Relative Rotation
Target is Levier_Grille_C (Cylinder1)'.
[2015.04.03-23.21.59:904][607]LogConnectionDrawingPolicy:Warning: Looks like a wire-trace was not injected before the jump from 'Add Timeline...' to 'Set Relative Rotation
Target is Levier_Grille_C (Cylinder1)'.
[2015.04.03-23.21.59:934][608]LogConnectionDrawingPolicy:Warning: Looks like a wire-trace was not injected before the jump from 'Add Timeline...' to 'Set Relative Rotation
Target is Levier_Grille_C (Cylinder1)'.
[2015.04.03-23.21.59:964][609]LogConnectionDrawingPolicy:Warning: Looks like a wire-trace was not injected before the jump from 'Add Timeline...' to 'Set Relative Rotation
Target is Levier_Grille_C (Cylinder1)'.
[2015.04.03-23.21.59:993][610]LogConnectionDrawingPolicy:Warning: Looks like a wire-trace was not injected before the jump from 'Add Timeline...' to 'Set Relative Rotation
Target is Levier_Grille_C (Cylinder1)'.
[2015.04.03-23.22.00:023][611]LogConnectionDrawingPolicy:Warning: Looks like a wire-trace was not injected before the jump from 'Add Timeline...' to 'Set Relative Rotation
Target is Levier_Grille_C (Cylinder1)'.
[2015.04.03-23.22.00:053][612]LogConnectionDrawingPolicy:Warning: Looks like a wire-trace was not injected before the jump from 'Add Timeline...' to 'Set Relative Rotation
Target is Levier_Grille_C (Cylinder1)'.
[2015.04.03-23.22.00:083][613]LogConnectionDrawingPolicy:Warning: Looks like a wire-trace was not injected before the jump from 'Add Timeline...' to 'Set Relative Rotation
Target is Levier_Grille_C (Cylinder1)'.
[2015.04.03-23.22.00:113][614]LogConnectionDrawingPolicy:Warning: Looks like a wire-trace was not injected before the jump from 'Add Timeline...' to 'Set Relative Rotation
Target is Levier_Grille_C (Cylinder1)'.
[2015.04.03-23.22.00:143][615]LogConnectionDrawingPolicy:Warning: Looks like a wire-trace was not injected before the jump from 'Add Timeline...' to 'Set Relative Rotation
Target is Levier_Grille_C (Cylinder1)'.
[2015.04.03-23.22.00:172][616]LogConnectionDrawingPolicy:Warning: Looks like a wire-trace was not injected before the jump from 'Add Timeline...' to 'Set Relative Rotation
Target is Levier_Grille_C (Cylinder1)'.
[2015.04.03-23.22.00:202][617]LogConnectionDrawingPolicy:Warning: Looks like a wire-trace was not injected before the jump from 'Add Timeline...' to 'Set Relative Rotation
Target is Levier_Grille_C (Cylinder1)'.
[2015.04.03-23.22.00:235][618]LogConnectionDrawingPolicy:Warning: Looks like a wire-trace was not injected before the jump from 'Add Timeline...' to 'Set Relative Rotation
Target is Levier_Grille_C (Cylinder1)'.
[2015.04.03-23.22.00:265][619]LogConnectionDrawingPolicy:Warning: Looks like a wire-trace was not injected before the jump from 'Add Timeline...' to 'Set Relative Rotation
Target is Levier_Grille_C (Cylinder1)'.
[2015.04.03-23.22.00:296][620]LogConnectionDrawingPolicy:Warning: Looks like a wire-trace was not injected before the jump from 'Add Timeline...' to 'Set Relative Rotation
Target is Levier_Grille_C (Cylinder1)'.
[2015.04.03-23.22.00:328][621]LogConnectionDrawingPolicy:Warning: Looks like a wire-trace was not injected before the jump from 'Add Timeline...' to 'Set Relative Rotation
Target is Levier_Grille_C (Cylinder1)'.
[2015.04.03-23.22.00:358][622]LogConnectionDrawingPolicy:Warning: Looks like a wire-trace was not injected before the jump from 'Add Timeline...' to 'Set Relative Rotation
Target is Levier_Grille_C (Cylinder1)'.
[2015.04.03-23.22.00:388][623]LogConnectionDrawingPolicy:Warning: Looks like a wire-trace was not injected before the jump from 'Add Timeline...' to 'Set Relative Rotation
Target is Levier_Grille_C (Cylinder1)'.
[2015.04.03-23.22.00:418][624]LogConnectionDrawingPolicy:Warning: Looks like a wire-trace was not injected before the jump from 'Add Timeline...' to 'Set Relative Rotation
Target is Levier_Grille_C (Cylinder1)'.
[2015.04.03-23.22.00:447][625]LogConnectionDrawingPolicy:Warning: Looks like a wire-trace was not injected before the jump from 'Add Timeline...' to 'Set Relative Rotation
Target is Levier_Grille_C (Cylinder1)'.
[2015.04.03-23.22.00:477][626]LogConnectionDrawingPolicy:Warning: Looks like a wire-trace was not injected before the jump from 'Add Timeline...' to 'Set Relative Rotation
Target is Levier_Grille_C (Cylinder1)'.
[2015.04.03-23.22.00:507][627]LogConnectionDrawingPolicy:Warning: Looks like a wire-trace was not injected before the jump from 'Add Timeline...' to 'Set Relative Rotation
Target is Levier_Grille_C (Cylinder1)'.
[2015.04.03-23.22.00:537][628]LogConnectionDrawingPolicy:Warning: Looks like a wire-trace was not injected before the jump from 'Add Timeline...' to 'Set Relative Rotation
Target is Levier_Grille_C (Cylinder1)'.
[2015.04.03-23.22.00:566][629]LogConnectionDrawingPolicy:Warning: Looks like a wire-trace was not injected before the jump from 'Add Timeline...' to 'Set Relative Rotation
Target is Levier_Grille_C (Cylinder1)'.
[2015.04.03-23.22.00:596][630]LogConnectionDrawingPolicy:Warning: Looks like a wire-trace was not injected before the jump from 'Add Timeline...' to 'Set Relative Rotation
Target is Levier_Grille_C (Cylinder1)'.
[2015.04.03-23.22.00:626][631]LogConnectionDrawingPolicy:Warning: Looks like a wire-trace was not injected before the jump from 'Add Timeline...' to 'Set Relative Rotation
Target is Levier_Grille_C (Cylinder1)'.
[2015.04.03-23.22.00:667][632]LogConnectionDrawingPolicy:Warning: Looks like a wire-trace was not injected before the jump from 'Add Timeline...' to 'Set Relative Rotation
Target is Levier_Grille_C (Cylinder1)'.
[2015.04.03-23.22.00:709][633]LogConnectionDrawingPolicy:Warning: Looks like a wire-trace was not injected before the jump from 'Add Timeline...' to 'Set Relative Rotation
Target is Levier_Grille_C (Cylinder1)'.
[2015.04.03-23.22.00:738][634]LogConnectionDrawingPolicy:Warning: Looks like a wire-trace was not injected before the jump from 'Add Timeline...' to 'Set Relative Rotation
Target is Levier_Grille_C (Cylinder1)'.
[2015.04.03-23.22.00:770][635]LogConnectionDrawingPolicy:Warning: Looks like a wire-trace was not injected before the jump from 'Add Timeline...' to 'Set Relative Rotation
Target is Levier_Grille_C (Cylinder1)'.
[2015.04.03-23.22.00:806][636]LogConnectionDrawingPolicy:Warning: Looks like a wire-trace was not injected before the jump from 'Add Timeline...' to 'Set Relative Rotation
Target is Levier_Grille_C (Cylinder1)'.
[2015.04.03-23.22.03:200][706]LogParticles: Destroying 0 GPU particle simulations for FXSystem 0x00000000116E7100
[2015.04.03-23.22.06:368][783]BlueprintLog: New page: Pre-PIE auto-recompile
[2015.04.03-23.22.06:385][783]LogPlayLevel: [PIE] Compiling Prototype_Room before PIE...
[2015.04.03-23.22.06:573][783]LogPlayLevel: PIE:  Blueprint regeneration took 205 ms (1 blueprints)
[2015.04.03-23.22.06:574][783]PIE: New page: PIE session: Prototype_Room (Apr 3, 2015, 3:22:06 PM)
[2015.04.03-23.22.06:654][783]LogPlayLevel: PIE: StaticDuplicateObject took: (0.080107s)
[2015.04.03-23.22.06:655][783]LogPlayLevel: PIE: World Init took: (0.000487s)
[2015.04.03-23.22.06:655][783]LogPlayLevel: PIE: Created PIE world by copying editor world from /Game/FirstPerson/Maps/Prototype_Room.Prototype_Room to /Game/FirstPerson/Maps/UEDPIE_0_Prototype_Room.Prototype_Room (0.080829s)
[2015.04.03-23.22.06:688][783]LogWorld: Game class is 'ProjectVR_v2GameMode'
[2015.04.03-23.22.06:691][783]LogAIModule: Creating AISystem for world Prototype_Room
[2015.04.03-23.22.06:749][783]LogWorld: Bringing World /Game/FirstPerson/Maps/UEDPIE_0_Prototype_Room.Prototype_Room up for play (max tick rate 0) at 2015.04.03-19.22.06
[2015.04.03-23.22.06:753][783]LogWorld: Bringing up level for play took: 0.060992
[2015.04.03-23.22.06:756][783]PIE: Info Play in editor start time for /Game/FirstPerson/Maps/UEDPIE_0_Prototype_Room 0.643
[2015.04.03-23.22.18:545][289]LogBlueprintUserMessages: Added to inventory
[2015.04.03-23.22.18:545][289]LogBlueprintUserMessages: Levier
[2015.04.03-23.22.20:182][384]LogBlueprintUserMessages: Object Found in Inventory
[2015.04.03-23.22.20:182][384]LogBlueprintUserMessages: Hello
[2015.04.03-23.22.25:458][682]LogParticles: Destroying 0 GPU particle simulations for FXSystem 0x00000000163EE840
[2015.04.03-23.22.26:389][731]LogEditorViewport: Clicking on Actor (LMB): Levier_Grille_C (Levier_Grille)
[2015.04.03-23.22.40:187][337]BlueprintLog: New page: Compile Prototype_Room
[2015.04.03-23.22.40:350][337]BlueprintEditorCompileResults: Info [0350.45] Compile of Prototype_Room successful! [in 163 ms]
[2015.04.03-23.22.45:419][554]BlueprintLog: New page: Pre-PIE auto-recompile
[2015.04.03-23.22.45:442][554]LogPlayLevel: [PIE] Compiling Prototype_Room before PIE...
[2015.04.03-23.22.45:647][554]LogPlayLevel: PIE:  Blueprint regeneration took 228 ms (1 blueprints)
[2015.04.03-23.22.45:647][554]PIE: New page: PIE session: Prototype_Room (Apr 3, 2015, 3:22:45 PM)
[2015.04.03-23.22.45:734][554]LogPlayLevel: PIE: StaticDuplicateObject took: (0.086084s)
[2015.04.03-23.22.45:734][554]LogPlayLevel: PIE: World Init took: (0.000507s)
[2015.04.03-23.22.45:734][554]LogPlayLevel: PIE: Created PIE world by copying editor world from /Game/FirstPerson/Maps/Prototype_Room.Prototype_Room to /Game/FirstPerson/Maps/UEDPIE_0_Prototype_Room.Prototype_Room (0.086811s)
[2015.04.03-23.22.45:774][554]LogWorld: Game class is 'ProjectVR_v2GameMode'
[2015.04.03-23.22.45:777][554]LogAIModule: Creating AISystem for world Prototype_Room
[2015.04.03-23.22.45:846][554]LogWorld: Bringing World /Game/FirstPerson/Maps/UEDPIE_0_Prototype_Room.Prototype_Room up for play (max tick rate 0) at 2015.04.03-19.22.45
[2015.04.03-23.22.45:849][554]LogWorld: Bringing up level for play took: 0.070763
[2015.04.03-23.22.45:853][554]PIE: Info Play in editor start time for /Game/FirstPerson/Maps/UEDPIE_0_Prototype_Room -0.262
[2015.04.03-23.22.47:642][647]LogBlueprintUserMessages: Added to inventory
[2015.04.03-23.22.47:642][647]LogBlueprintUserMessages: Levier
[2015.04.03-23.22.49:446][758]LogBlueprintUserMessages: Object Found in Inventory
[2015.04.03-23.22.49:446][758]LogBlueprintUserMessages: Hello
[2015.04.03-23.22.55:287][108]LogParticles: Destroying 0 GPU particle simulations for FXSystem 0x000000002F44E840
[2015.04.03-23.22.59:694][419]LogParticles: Destroying 0 GPU particle simulations for FXSystem 0x000000000F467C40
[2015.04.03-23.23.00:463][419]LogSavePackage: Save=768.721375ms
[2015.04.03-23.23.00:463][419]LogSavePackage: Moving '../../../../../../Users/utilisateur/Documents/GitHub/ProjectVR_v2/Saved/Prototype_RoomDA582F364DC8AFFF1FEDE5B3DFCDDE1C.tmp' to '../../../../../../Users/utilisateur/Documents/GitHub/ProjectVR_v2/Content/FirstPerson/Maps/Prototype_Room.umap'
[2015.04.03-23.23.20:596][719]LogEditorViewport: Clicking on Actor (LMB): StaticMeshActor (Corridor_Floor)
[2015.04.03-23.23.26:029][129]LogEditorActor: Deleted Actor: Collider_Flashlight_Blinking_C
[2015.04.03-23.23.26:054][129]LogEditorActor: Deleted 1 Actors (0.028 secs)
[2015.04.03-23.23.30:851][430]LogSavePackage: Save=787.561768ms
[2015.04.03-23.23.30:852][430]LogSavePackage: Moving '../../../../../../Users/utilisateur/Documents/GitHub/ProjectVR_v2/Saved/Prototype_Room9907EB964B9BD525741A8A8BBAC36CA9.tmp' to '../../../../../../Users/utilisateur/Documents/GitHub/ProjectVR_v2/Content/FirstPerson/Maps/Prototype_Room.umap'
[2015.04.03-23.23.31:717][502]BlueprintLog: New page: Pre-PIE auto-recompile
[2015.04.03-23.23.31:721][502]LogPlayLevel: [PIE] Compiling Prototype_Room before PIE...
[2015.04.03-23.23.31:887][502]LogPlayLevel: PIE:  Blueprint regeneration took 169 ms (1 blueprints)
[2015.04.03-23.23.31:887][502]PIE: New page: PIE session: Prototype_Room (Apr 3, 2015, 3:23:31 PM)
[2015.04.03-23.23.31:980][502]LogPlayLevel: PIE: StaticDuplicateObject took: (0.092410s)
[2015.04.03-23.23.31:981][502]LogPlayLevel: PIE: World Init took: (0.001096s)
[2015.04.03-23.23.31:981][502]LogPlayLevel: PIE: Created PIE world by copying editor world from /Game/FirstPerson/Maps/Prototype_Room.Prototype_Room to /Game/FirstPerson/Maps/UEDPIE_0_Prototype_Room.Prototype_Room (0.093775s)
[2015.04.03-23.23.32:024][502]LogWorld: Game class is 'ProjectVR_v2GameMode'
[2015.04.03-23.23.32:028][502]LogAIModule: Creating AISystem for world Prototype_Room
[2015.04.03-23.23.32:085][502]LogWorld: Bringing World /Game/FirstPerson/Maps/UEDPIE_0_Prototype_Room.Prototype_Room up for play (max tick rate 0) at 2015.04.03-19.23.32
[2015.04.03-23.23.32:088][502]LogWorld: Bringing up level for play took: 0.059146
[2015.04.03-23.23.32:091][502]PIE: Info Play in editor start time for /Game/FirstPerson/Maps/UEDPIE_0_Prototype_Room -0.023
[2015.04.03-23.23.33:188][591]LogParticles: Destroying 0 GPU particle simulations for FXSystem 0x0000000030BCD260
[2015.04.03-23.23.34:913][679]LogSavePackage: Save=691.524109ms
[2015.04.03-23.23.34:913][679]LogSavePackage: Moving '../../../../../../Users/utilisateur/Documents/GitHub/ProjectVR_v2/Saved/Prototype_RoomBE9CCF6C4AA1E17674A84BB3B1F43746.tmp' to '../../../../../../Users/utilisateur/Documents/GitHub/ProjectVR_v2/Content/FirstPerson/Maps/Prototype_Room.umap'
[2015.04.03-23.23.36:879][792]Cmd: QUIT_EDITOR
[2015.04.03-23.23.37:125][792]LogExit: Preparing to exit.
[2015.04.03-23.23.37:850][792]LogExit: Editor shut down
[2015.04.03-23.23.37:851][792]LogExit: Transaction tracking system shut down
[2015.04.03-23.23.37:851][792]LogParticles: Destroying 0 GPU particle simulations for FXSystem 0x000000000D2CB880
[2015.04.03-23.23.37:851][792]LogParticles: Destroying 0 GPU particle simulations for FXSystem 0x0000000026E6C680
[2015.04.03-23.23.37:854][792]LogParticles: Destroying 0 GPU particle simulations for FXSystem 0x000000001FA7A8E0
[2015.04.03-23.23.37:854][792]LogParticles: Destroying 0 GPU particle simulations for FXSystem 0x000000001D4A3EC0
[2015.04.03-23.23.37:855][792]LogParticles: Destroying 0 GPU particle simulations for FXSystem 0x000000000D38E2A0
[2015.04.03-23.23.37:924][792]LogParticles: Destroying 0 GPU particle simulations for FXSystem 0x000000000D38DE40
[2015.04.03-23.23.37:924][792]LogExit: Object subsystem successfully closed.
[2015.04.03-23.23.37:973][792]LogModuleManager: Shutting down and abandoning module DistCurveEditor (180)
[2015.04.03-23.23.37:973][792]LogModuleManager: Shutting down and abandoning module Matinee (179)
[2015.04.03-23.23.37:973][792]LogModuleManager: Shutting down and abandoning module StatsViewer (178)
[2015.04.03-23.23.37:973][792]LogModuleManager: Shutting down and abandoning module CrashTracker (177)
[2015.04.03-23.23.37:973][792]LogModuleManager: Shutting down and abandoning module SuperSearch (176)
[2015.04.03-23.23.37:973][792]LogModuleManager: Shutting down and abandoning module SceneOutliner (175)
[2015.04.03-23.23.37:973][792]LogModuleManager: Shutting down and abandoning module EditorWidgets (174)
[2015.04.03-23.23.37:973][792]LogModuleManager: Shutting down and abandoning module CollectionManager (173)
[2015.04.03-23.23.37:973][792]LogModuleManager: Shutting down and abandoning module FoliageEdit (172)
[2015.04.03-23.23.37:973][792]LogModuleManager: Shutting down and abandoning module LandscapeEditor (171)
[2015.04.03-23.23.37:973][792]LogModuleManager: Shutting down and abandoning module MeshPaint (170)
[2015.04.03-23.23.37:973][792]LogModuleManager: Shutting down and abandoning module ActorPickerMode (169)
[2015.04.03-23.23.37:973][792]LogModuleManager: Shutting down and abandoning module GeometryMode (168)
[2015.04.03-23.23.37:973][792]LogModuleManager: Shutting down and abandoning module TextureAlignMode (167)
[2015.04.03-23.23.37:973][792]LogModuleManager: Shutting down and abandoning module BspMode (166)
[2015.04.03-23.23.37:973][792]LogModuleManager: Shutting down and abandoning module PlacementMode (165)
[2015.04.03-23.23.37:973][792]LogModuleManager: Shutting down and abandoning module AutomationWorker (164)
[2015.04.03-23.23.37:973][792]LogModuleManager: Shutting down and abandoning module CharacterAI (163)
[2015.04.03-23.23.37:973][792]LogModuleManager: Shutting down and abandoning module SmartSnapping (162)
[2015.04.03-23.23.37:973][792]LogModuleManager: Shutting down and abandoning module ViewportSnapping (161)
[2015.04.03-23.23.37:973][792]LogModuleManager: Shutting down and abandoning module LogVisualizer (160)
[2015.04.03-23.23.37:973][792]LogModuleManager: Shutting down and abandoning module GameProjectGeneration (159)
[2015.04.03-23.23.37:973][792]LogModuleManager: Shutting down and abandoning module IntroTutorials (158)
[2015.04.03-23.23.37:973][792]LogModuleManager: Shutting down and abandoning module EditorLiveStreaming (157)
[2015.04.03-23.23.37:973][792]LogModuleManager: Shutting down and abandoning module HardwareTargeting (156)
[2015.04.03-23.23.37:973][792]LogModuleManager: Shutting down and abandoning module DeviceProfileEditor (155)
[2015.04.03-23.23.37:973][792]LogModuleManager: Shutting down and abandoning module UndoHistory (154)
[2015.04.03-23.23.37:973][792]LogModuleManager: Shutting down and abandoning module GameplayTagsEditor (153)
[2015.04.03-23.23.37:973][792]LogModuleManager: Shutting down and abandoning module UserFeedback (152)
[2015.04.03-23.23.37:973][792]LogModuleManager: Shutting down and abandoning module XmlParser (151)
[2015.04.03-23.23.37:973][792]LogModuleManager: Shutting down and abandoning module Blutility (150)
[2015.04.03-23.23.37:973][792]LogModuleManager: Shutting down and abandoning module IOSPlatformEditor (149)
[2015.04.03-23.23.37:973][792]LogModuleManager: Shutting down and abandoning module IOSRuntimeSettings (148)
[2015.04.03-23.23.37:973][792]LogModuleManager: Shutting down and abandoning module AndroidDeviceDetection (147)
[2015.04.03-23.23.38:208][792]LogModuleManager: Shutting down and abandoning module AndroidPlatformEditor (146)
[2015.04.03-23.23.38:208][792]LogModuleManager: Shutting down and abandoning module AndroidRuntimeSettings (145)
[2015.04.03-23.23.38:208][792]LogModuleManager: Shutting down and abandoning module ProjectTargetPlatformEditor (144)
[2015.04.03-23.23.38:208][792]LogModuleManager: Shutting down and abandoning module ProjectSettingsViewer (143)
[2015.04.03-23.23.38:208][792]LogModuleManager: Shutting down and abandoning module InputBindingEditor (142)
[2015.04.03-23.23.38:208][792]LogModuleManager: Shutting down and abandoning module EditorSettingsViewer (141)
[2015.04.03-23.23.38:208][792]LogModuleManager: Shutting down and abandoning module SettingsEditor (140)
[2015.04.03-23.23.38:208][792]LogModuleManager: Shutting down and abandoning module ProjectLauncher (139)
[2015.04.03-23.23.38:208][792]LogModuleManager: Shutting down and abandoning module SessionFrontend (138)
[2015.04.03-23.23.38:208][792]LogModuleManager: Shutting down and abandoning module ProfilerClient (137)
[2015.04.03-23.23.38:208][792]LogModuleManager: Shutting down and abandoning module TargetDeviceServices (136)
[2015.04.03-23.23.38:208][792]LogModuleManager: Shutting down and abandoning module DeviceManager (135)
[2015.04.03-23.23.38:208][792]LogModuleManager: Shutting down and abandoning module AutomationController (134)
[2015.04.03-23.23.38:208][792]LogModuleManager: Shutting down and abandoning module AutomationWindow (133)
[2015.04.03-23.23.38:208][792]LogModuleManager: Shutting down and abandoning module Layers (132)
[2015.04.03-23.23.38:208][792]LogModuleManager: Shutting down and abandoning module ComponentVisualizers (131)
[2015.04.03-23.23.38:208][792]LogModuleManager: Shutting down and abandoning module DetailCustomizations (130)
[2015.04.03-23.23.38:208][792]LogModuleManager: Shutting down and abandoning module PackagesDialog (129)
[2015.04.03-23.23.38:209][792]LogModuleManager: Shutting down and abandoning module AssetRegistry (128)
[2015.04.03-23.23.38:229][792]LogModuleManager: Shutting down and abandoning module Persona (127)
[2015.04.03-23.23.38:229][792]LogModuleManager: Shutting down and abandoning module SlateReflector (126)
[2015.04.03-23.23.38:229][792]LogModuleManager: Shutting down and abandoning module LevelEditor (125)
[2015.04.03-23.23.38:230][792]LogModuleManager: Shutting down and abandoning module Kismet (124)
[2015.04.03-23.23.38:230][792]LogModuleManager: Shutting down and abandoning module GraphEditor (123)
[2015.04.03-23.23.38:230][792]LogModuleManager: Shutting down and abandoning module ClassViewer (122)
[2015.04.03-23.23.38:230][792]LogModuleManager: Shutting down and abandoning module Toolbox (121)
[2015.04.03-23.23.38:230][792]LogModuleManager: Shutting down and abandoning module ModuleUI (120)
[2015.04.03-23.23.38:230][792]LogModuleManager: Shutting down and abandoning module MovieSceneTools (119)
[2015.04.03-23.23.38:230][792]LogModuleManager: Shutting down and abandoning module OutputLog (118)
[2015.04.03-23.23.38:230][792]LogModuleManager: Shutting down and abandoning module GammaUI (117)
[2015.04.03-23.23.38:230][792]LogModuleManager: Shutting down and abandoning module Documentation (116)
[2015.04.03-23.23.38:230][792]LogModuleManager: Shutting down and abandoning module GameLiveStreaming (115)
[2015.04.03-23.23.38:230][792]LogModuleManager: Shutting down and abandoning module StreamingPauseRendering (114)
[2015.04.03-23.23.38:230][792]LogModuleManager: Shutting down and abandoning module HTTP (113)
[2015.04.03-23.23.38:230][792]LogModuleManager: Shutting down and abandoning module AnalyticsET (112)
[2015.04.03-23.23.38:230][792]LogModuleManager: Shutting down and abandoning module Analytics (111)
[2015.04.03-23.23.38:230][792]LogModuleManager: Shutting down and abandoning module AITestSuite (110)
[2015.04.03-23.23.38:230][792]LogModuleManager: Shutting down and abandoning module GameplayDebugger (109)
[2015.04.03-23.23.38:230][792]LogModuleManager: Shutting down and abandoning module AIModule (108)
[2015.04.03-23.23.38:230][792]LogModuleManager: Shutting down and abandoning module ProfilerService (107)
[2015.04.03-23.23.38:294][792]LogModuleManager: Shutting down and abandoning module TaskGraph (106)
[2015.04.03-23.23.38:294][792]LogModuleManager: Shutting down and abandoning module SlateRemote (105)
[2015.04.03-23.23.38:294][792]LogModuleManager: Shutting down and abandoning module ScriptEditorPlugin (104)
[2015.04.03-23.23.38:294][792]LogModuleManager: Shutting down and abandoning module CustomMeshComponent (103)
[2015.04.03-23.23.38:294][792]LogModuleManager: Shutting down and abandoning module CableComponent (102)
[2015.04.03-23.23.38:294][792]LogModuleManager: Shutting down and abandoning module MessagingDebugger (101)
[2015.04.03-23.23.38:294][792]LogModuleManager: Shutting down and abandoning module MediaPlayerEditor (100)
[2015.04.03-23.23.38:294][792]LogModuleManager: Shutting down and abandoning module SpeedTreeImporter (99)
[2015.04.03-23.23.38:294][792]LogModuleManager: Shutting down and abandoning module PluginsEditor (98)
[2015.04.03-23.23.38:294][792]LogModuleManager: Shutting down and abandoning module MainFrame (97)
[2015.04.03-23.23.38:294][792]LogModuleManager: Shutting down and abandoning module EpicSurvey (96)
[2015.04.03-23.23.38:295][792]LogModuleManager: Shutting down and abandoning module DesktopPlatform (95)
[2015.04.03-23.23.38:295][792]LogModuleManager: Shutting down and abandoning module DirectoryWatcher (94)
[2015.04.03-23.23.38:296][792]LogModuleManager: Shutting down and abandoning module HotReload (93)
[2015.04.03-23.23.38:296][792]LogModuleManager: Shutting down and abandoning module VisualStudioSourceCodeAccess (92)
[2015.04.03-23.23.38:296][792]LogModuleManager: Shutting down and abandoning module UObjectPlugin (91)
[2015.04.03-23.23.38:296][792]LogModuleManager: Shutting down and abandoning module SubversionSourceControl (90)
[2015.04.03-23.23.38:296][792]LogModuleManager: Shutting down and abandoning module PerforceSourceControl (89)
[2015.04.03-23.23.38:296][792]LogModuleManager: Shutting down and abandoning module SourceControl (88)
[2015.04.03-23.23.38:296][792]LogModuleManager: Shutting down and abandoning module GitSourceControl (87)
[2015.04.03-23.23.38:296][792]LogModuleManager: Shutting down and abandoning module BlankPlugin (86)
[2015.04.03-23.23.38:296][792]LogModuleManager: Shutting down and abandoning module PaperTiledImporter (85)
[2015.04.03-23.23.38:296][792]LogModuleManager: Shutting down and abandoning module PaperJsonImporter (84)
[2015.04.03-23.23.38:296][792]LogModuleManager: Shutting down and abandoning module ContentBrowser (83)
[2015.04.03-23.23.38:298][792]LogModuleManager: Shutting down and abandoning module Paper2DEditor (82)
[2015.04.03-23.23.38:298][792]LogModuleManager: Shutting down and abandoning module ProjectVR_v2 (81)
[2015.04.03-23.23.38:298][792]LogModuleManager: Shutting down and abandoning module ScriptPlugin (80)
[2015.04.03-23.23.38:298][792]LogModuleManager: Shutting down and abandoning module UdpMessaging (79)
[2015.04.03-23.23.38:398][792]LogModuleManager: Shutting down and abandoning module Paper2D (78)
[2015.04.03-23.23.38:398][792]LogModuleManager: Shutting down and abandoning module WindowsMoviePlayer (77)
[2015.04.03-23.23.38:404][792]LogModuleManager: Shutting down and abandoning module Media (76)
[2015.04.03-23.23.38:404][792]LogModuleManager: Shutting down and abandoning module WmfMedia (75)
[2015.04.03-23.23.38:404][792]LogModuleManager: Shutting down and abandoning module OnlineBlueprintSupport (74)
[2015.04.03-23.23.38:404][792]LogModuleManager: Shutting down and abandoning module PropertyEditor (73)
[2015.04.03-23.23.38:404][792]LogModuleManager: Shutting down and abandoning module BehaviorTreeEditor (72)
[2015.04.03-23.23.38:405][792]LogModuleManager: Shutting down and abandoning module FunctionalTesting (71)
[2015.04.03-23.23.38:405][792]LogModuleManager: Shutting down and abandoning module CollisionAnalyzer (70)
[2015.04.03-23.23.38:405][792]LogModuleManager: Shutting down and abandoning module WorkspaceMenuStructure (69)
[2015.04.03-23.23.38:405][792]LogModuleManager: Shutting down and abandoning module MessageLog (68)
[2015.04.03-23.23.38:405][792]LogModuleManager: Shutting down and abandoning module Sequencer (67)
[2015.04.03-23.23.38:405][792]LogModuleManager: Shutting down and abandoning module AssetTools (66)
[2015.04.03-23.23.38:405][792]LogModuleManager: Shutting down and abandoning module UMGEditor (65)
[2015.04.03-23.23.38:405][792]LogModuleManager: Shutting down and abandoning module UMG (64)
[2015.04.03-23.23.38:405][792]LogModuleManager: Shutting down and abandoning module Slate (63)
[2015.04.03-23.23.38:405][792]LogModuleManager: Shutting down and abandoning module EditorStyle (62)
[2015.04.03-23.23.38:414][792]LogModuleManager: Shutting down and abandoning module SessionServices (61)
[2015.04.03-23.23.38:414][792]LogModuleManager: Shutting down and abandoning module SourceCodeAccess (60)
[2015.04.03-23.23.38:414][792]LogModuleManager: Shutting down and abandoning module HeadMountedDisplay (59)
[2015.04.03-23.23.38:414][792]LogModuleManager: Shutting down and abandoning module XAudio2 (58)
[2015.04.03-23.23.38:414][792]LogModuleManager: Shutting down and abandoning module Networking (56)
[2015.04.03-23.23.38:414][792]LogModuleManager: Shutting down and abandoning module Core (55)
[2015.04.03-23.23.38:414][792]LogModuleManager: Shutting down and abandoning module KismetCompiler (54)
[2015.04.03-23.23.38:414][792]LogModuleManager: Shutting down and abandoning module PhysXFormats (53)
[2015.04.03-23.23.38:414][792]LogModuleManager: Shutting down and abandoning module MeshUtilities (52)
[2015.04.03-23.23.38:414][792]LogModuleManager: Shutting down and abandoning module DerivedDataCache (51)
[2015.04.03-23.23.38:435][792]LogDerivedDataCache: Shutdown
[2015.04.03-23.23.38:435][792]LogModuleManager: Shutting down and abandoning module ShaderFormatOpenGL (50)
[2015.04.03-23.23.38:435][792]LogModuleManager: Shutting down and abandoning module ShaderFormatD3D (49)
[2015.04.03-23.23.38:435][792]LogModuleManager: Shutting down and abandoning module MetalShaderFormat (48)
[2015.04.03-23.23.38:435][792]LogModuleManager: Shutting down and abandoning module TextureFormatUncompressed (47)
[2015.04.03-23.23.38:435][792]LogModuleManager: Shutting down and abandoning module TextureFormatPVR (46)
[2015.04.03-23.23.38:435][792]LogModuleManager: Shutting down and abandoning module TextureFormatIntelISPCTexComp (45)
[2015.04.03-23.23.38:435][792]LogModuleManager: Shutting down and abandoning module TextureFormatDXT (44)
[2015.04.03-23.23.38:435][792]LogModuleManager: Shutting down and abandoning module ImageWrapper (43)
[2015.04.03-23.23.38:435][792]LogModuleManager: Shutting down and abandoning module TextureFormatASTC (42)
[2015.04.03-23.23.38:435][792]LogModuleManager: Shutting down and abandoning module TextureFormatAndroid (41)
[2015.04.03-23.23.38:435][792]LogModuleManager: Shutting down and abandoning module AudioFormatOpus (40)
[2015.04.03-23.23.38:435][792]LogModuleManager: Shutting down and abandoning module AudioFormatOgg (39)
[2015.04.03-23.23.38:435][792]LogModuleManager: Shutting down and abandoning module AudioFormatADPCM (38)
[2015.04.03-23.23.38:435][792]LogModuleManager: Shutting down and abandoning module LinuxTargetPlatform (37)
[2015.04.03-23.23.38:435][792]LogModuleManager: Shutting down and abandoning module LinuxServerTargetPlatform (36)
[2015.04.03-23.23.38:435][792]LogModuleManager: Shutting down and abandoning module LinuxNoEditorTargetPlatform (35)
[2015.04.03-23.23.38:435][792]LogModuleManager: Shutting down and abandoning module Messaging (34)
[2015.04.03-23.23.38:435][792]LogModuleManager: Shutting down and abandoning module IOSTargetPlatform (33)
[2015.04.03-23.23.38:435][792]LogModuleManager: Shutting down and abandoning module HTML5TargetPlatform (32)
[2015.04.03-23.23.38:435][792]LogModuleManager: Shutting down and abandoning module Android_PVRTCTargetPlatform (31)
[2015.04.03-23.23.38:435][792]LogModuleManager: Shutting down and abandoning module Android_ETC2TargetPlatform (30)
[2015.04.03-23.23.38:435][792]LogModuleManager: Shutting down and abandoning module Android_ETC1TargetPlatform (29)
[2015.04.03-23.23.38:435][792]LogModuleManager: Shutting down and abandoning module Android_ES31TargetPlatform (28)
[2015.04.03-23.23.38:435][792]LogModuleManager: Shutting down and abandoning module Android_DXTTargetPlatform (27)
[2015.04.03-23.23.38:435][792]LogModuleManager: Shutting down and abandoning module Android_ATCTargetPlatform (26)
[2015.04.03-23.23.38:435][792]LogModuleManager: Shutting down and abandoning module AndroidTargetPlatform (25)
[2015.04.03-23.23.38:435][792]LogModuleManager: Shutting down and abandoning module WindowsTargetPlatform (24)
[2015.04.03-23.23.38:436][792]LogModuleManager: Shutting down and abandoning module WindowsServerTargetPlatform (23)
[2015.04.03-23.23.38:436][792]LogModuleManager: Shutting down and abandoning module WindowsNoEditorTargetPlatform (22)
[2015.04.03-23.23.38:436][792]LogModuleManager: Shutting down and abandoning module WindowsClientTargetPlatform (21)
[2015.04.03-23.23.38:436][792]LogModuleManager: Shutting down and abandoning module TargetPlatform (20)
[2015.04.03-23.23.38:436][792]LogModuleManager: Shutting down and abandoning module InputCore (19)
[2015.04.03-23.23.38:436][792]LogModuleManager: Shutting down and abandoning module Settings (18)
[2015.04.03-23.23.38:436][792]LogModuleManager: Shutting down and abandoning module OnlineSubsystem (16)
[2015.04.03-23.23.38:436][792]LogModuleManager: Shutting down and abandoning module OculusRift (15)
[2015.04.03-23.23.38:436][792]LogModuleManager: Shutting down and abandoning module ExampleDeviceProfileSelector (14)
[2015.04.03-23.23.38:436][792]LogModuleManager: Shutting down and abandoning module TextureCompressor (13)
[2015.04.03-23.23.38:436][792]LogModuleManager: Shutting down and abandoning module ShaderCore (12)
[2015.04.03-23.23.38:436][792]LogModuleManager: Shutting down and abandoning module Landscape (11)
[2015.04.03-23.23.38:436][792]LogModuleManager: Shutting down and abandoning module SlateRHIRenderer (10)
[2015.04.03-23.23.38:441][792]LogModuleManager: Shutting down and abandoning module OpenGLDrv (9)
[2015.04.03-23.23.38:441][792]LogModuleManager: Shutting down and abandoning module D3D11RHI (8)
[2015.04.03-23.23.38:441][792]LogModuleManager: Shutting down and abandoning module Renderer (7)
[2015.04.03-23.23.38:441][792]LogModuleManager: Shutting down and abandoning module Engine (6)
[2015.04.03-23.23.38:441][792]LogModuleManager: Shutting down and abandoning module CoreUObject (5)
[2015.04.03-23.23.38:441][792]LogModuleManager: Shutting down and abandoning module NetworkFile (4)
[2015.04.03-23.23.38:441][792]LogModuleManager: Shutting down and abandoning module StreamingFile (3)
[2015.04.03-23.23.38:441][792]LogModuleManager: Shutting down and abandoning module SandboxFile (2)
[2015.04.03-23.23.38:441][792]LogModuleManager: Shutting down and abandoning module PakFile (1)
[2015.04.03-23.23.38:441][792]LogExit: Exiting.
[2015.04.03-23.23.38:484][792]Log file closed, 04/03/15 19:23:38
